<?xml version="1.0" encoding="UTF-8"?>
<robot generator="Robot 6.1.1 (Python 3.12.0 on win32)" generated="20231031 11:28:31.269" rpa="false" schemaversion="4">
<suite id="s1" name="searchFlight" source="C:\Users\ASUS\Desktop\Sanbercode50\Sanber50-MobileAutomation-Kelompok11\suites\searchFlight.robot">
<test id="s1-t1" name="Verify Login Successfully" line="13">
<kw name="Open Flight Application" library="base">
<kw name="Open Application" library="AppiumLibrary">
<arg>${REMOTE_URL}</arg>
<arg>platformName=${PLATFORM_NAME}</arg>
<arg>platformVersion=${PLATFORM_VERSION}</arg>
<arg>deviceName=${DEVICE_NAME}</arg>
<arg>appPackage=${APP_PACKAGE}</arg>
<arg>appActivity=${APP_ACTIVITY}</arg>
<doc>Opens a new application to given Appium server.
Capabilities of appium server, Android and iOS,
Please check https://github.com/appium/appium/blob/master/docs/en/writing-running-appium/server-args.md
| *Option*            | *Man.* | *Description*     |
| remote_url          | Yes    | Appium server url |
| alias               | no     | alias             |
| strict_ssl          | No     | allows you to send commands to an invalid certificate host like a self-signed one. |</doc>
<status status="PASS" starttime="20231031 11:28:31.706" endtime="20231031 11:28:43.971"/>
</kw>
<status status="PASS" starttime="20231031 11:28:31.706" endtime="20231031 11:28:43.971"/>
</kw>
<kw name="Verify Homepage Appears" library="homePage">
<kw name="Wait Until Element Is Visible" library="AppiumLibrary">
<arg>${appLogo}</arg>
<doc>Waits until element specified with `locator` is visible.</doc>
<msg timestamp="20231031 11:28:46.092" level="INFO">xpath criteria: //android.widget.ImageView[@resource-id="com.example.myapplication:id/imageView4"]</msg>
<status status="PASS" starttime="20231031 11:28:43.972" endtime="20231031 11:28:46.092"/>
</kw>
<kw name="Wait Until Element Is Visible" library="AppiumLibrary">
<arg>${btnLogin}</arg>
<doc>Waits until element specified with `locator` is visible.</doc>
<msg timestamp="20231031 11:28:46.221" level="INFO">xpath criteria: //android.widget.Button[@resource-id="com.example.myapplication:id/login"]</msg>
<status status="PASS" starttime="20231031 11:28:46.093" endtime="20231031 11:28:46.221"/>
</kw>
<kw name="Wait Until Element Is Visible" library="AppiumLibrary">
<arg>${btnSearch}</arg>
<doc>Waits until element specified with `locator` is visible.</doc>
<msg timestamp="20231031 11:28:46.334" level="INFO">xpath criteria: //android.widget.Button[@resource-id="com.example.myapplication:id/button6" and @text="Search"]</msg>
<status status="PASS" starttime="20231031 11:28:46.222" endtime="20231031 11:28:46.334"/>
</kw>
<kw name="Wait Until Element Is Visible" library="AppiumLibrary">
<arg>${btnCheckIn}</arg>
<doc>Waits until element specified with `locator` is visible.</doc>
<msg timestamp="20231031 11:28:46.457" level="INFO">xpath criteria: //android.widget.Button[@resource-id="com.example.myapplication:id/button6" and @text="Check in"]</msg>
<status status="PASS" starttime="20231031 11:28:46.334" endtime="20231031 11:28:46.457"/>
</kw>
<status status="PASS" starttime="20231031 11:28:43.971" endtime="20231031 11:28:46.457"/>
</kw>
<kw name="Click SignIn" library="signIn">
<kw name="Click Element" library="AppiumLibrary">
<arg>${btnLogin}</arg>
<doc>Click element identified by `locator`.</doc>
<msg timestamp="20231031 11:28:46.462" level="INFO">Clicking element '//android.widget.Button[@resource-id="com.example.myapplication:id/login"]'.</msg>
<msg timestamp="20231031 11:28:46.730" level="INFO">xpath criteria: //android.widget.Button[@resource-id="com.example.myapplication:id/login"]</msg>
<status status="PASS" starttime="20231031 11:28:46.458" endtime="20231031 11:28:46.730"/>
</kw>
<status status="PASS" starttime="20231031 11:28:46.458" endtime="20231031 11:28:46.730"/>
</kw>
<kw name="Verify Loginpage Appears" library="signIn">
<kw name="Wait Until Element Is Visible" library="AppiumLibrary">
<arg>${toolbar}</arg>
<doc>Waits until element specified with `locator` is visible.</doc>
<msg timestamp="20231031 11:28:48.383" level="INFO">xpath criteria: //android.view.ViewGroup[@resource-id="com.example.myapplication:id/toolbar"]
xpath criteria: //android.view.ViewGroup[@resource-id="com.example.myapplication:id/toolbar"]</msg>
<status status="PASS" starttime="20231031 11:28:46.731" endtime="20231031 11:28:48.384"/>
</kw>
<kw name="Wait Until Element Is Visible" library="AppiumLibrary">
<arg>${viewgroup}</arg>
<doc>Waits until element specified with `locator` is visible.</doc>
<msg timestamp="20231031 11:28:48.491" level="INFO">xpath criteria: //android.widget.FrameLayout[@resource-id="android:id/content"]/android.view.ViewGroup</msg>
<status status="PASS" starttime="20231031 11:28:48.384" endtime="20231031 11:28:48.491"/>
</kw>
<kw name="Wait Until Element Is Visible" library="AppiumLibrary">
<arg>${linearLayout}</arg>
<doc>Waits until element specified with `locator` is visible.</doc>
<msg timestamp="20231031 11:28:48.594" level="INFO">xpath criteria: //android.widget.LinearLayout[@resource-id="com.example.myapplication:id/linearLayout"]</msg>
<status status="PASS" starttime="20231031 11:28:48.492" endtime="20231031 11:28:48.594"/>
</kw>
<kw name="Wait Until Element Is Visible" library="AppiumLibrary">
<arg>${username_login}</arg>
<doc>Waits until element specified with `locator` is visible.</doc>
<msg timestamp="20231031 11:28:48.702" level="INFO">xpath criteria: //android.widget.EditText[@resource-id="com.example.myapplication:id/username"]</msg>
<status status="PASS" starttime="20231031 11:28:48.594" endtime="20231031 11:28:48.702"/>
</kw>
<status status="PASS" starttime="20231031 11:28:46.731" endtime="20231031 11:28:48.702"/>
</kw>
<kw name="Input Username" library="signIn">
<kw name="Click Element" library="AppiumLibrary">
<arg>${username_login}</arg>
<doc>Click element identified by `locator`.</doc>
<msg timestamp="20231031 11:28:48.706" level="INFO">Clicking element '//android.widget.EditText[@resource-id="com.example.myapplication:id/username"]'.</msg>
<msg timestamp="20231031 11:28:48.925" level="INFO">xpath criteria: //android.widget.EditText[@resource-id="com.example.myapplication:id/username"]</msg>
<status status="PASS" starttime="20231031 11:28:48.704" endtime="20231031 11:28:48.925"/>
</kw>
<kw name="Input Text" library="AppiumLibrary">
<arg>${username_login}</arg>
<arg>support@ngendigital.com</arg>
<doc>Types the given `text` into text field identified by `locator`.</doc>
<msg timestamp="20231031 11:28:48.930" level="INFO">Typing text 'support@ngendigital.com' into text field '//android.widget.EditText[@resource-id="com.example.myapplication:id/username"]'</msg>
<msg timestamp="20231031 11:28:50.316" level="INFO">xpath criteria: //android.widget.EditText[@resource-id="com.example.myapplication:id/username"]</msg>
<status status="PASS" starttime="20231031 11:28:48.925" endtime="20231031 11:28:50.316"/>
</kw>
<status status="PASS" starttime="20231031 11:28:48.703" endtime="20231031 11:28:50.316"/>
</kw>
<kw name="Input Password" library="signIn">
<kw name="Click Element" library="AppiumLibrary">
<arg>${password_login}</arg>
<doc>Click element identified by `locator`.</doc>
<msg timestamp="20231031 11:28:50.323" level="INFO">Clicking element '//android.widget.EditText[@resource-id="com.example.myapplication:id/password"]'.</msg>
<msg timestamp="20231031 11:28:51.328" level="INFO">xpath criteria: //android.widget.EditText[@resource-id="com.example.myapplication:id/password"]</msg>
<status status="PASS" starttime="20231031 11:28:50.317" endtime="20231031 11:28:51.329"/>
</kw>
<kw name="Input Text" library="AppiumLibrary">
<arg>${password_login}</arg>
<arg>abc123</arg>
<doc>Types the given `text` into text field identified by `locator`.</doc>
<msg timestamp="20231031 11:28:51.333" level="INFO">Typing text 'abc123' into text field '//android.widget.EditText[@resource-id="com.example.myapplication:id/password"]'</msg>
<msg timestamp="20231031 11:28:52.175" level="INFO">xpath criteria: //android.widget.EditText[@resource-id="com.example.myapplication:id/password"]</msg>
<status status="PASS" starttime="20231031 11:28:51.329" endtime="20231031 11:28:52.176"/>
</kw>
<status status="PASS" starttime="20231031 11:28:50.316" endtime="20231031 11:28:52.176"/>
</kw>
<kw name="Click Login" library="signIn">
<kw name="Click Element" library="AppiumLibrary">
<arg>${loginButton}</arg>
<doc>Click element identified by `locator`.</doc>
<msg timestamp="20231031 11:28:52.181" level="INFO">Clicking element '//android.widget.Button[@resource-id="com.example.myapplication:id/signIn"]'.</msg>
<kw name="Capture Page Screenshot" library="AppiumLibrary">
<doc>Takes a screenshot of the current page and embeds it into the log.</doc>
<msg timestamp="20231031 11:28:53.204" level="INFO" html="true">&lt;/td&gt;&lt;/tr&gt;&lt;tr&gt;&lt;td colspan="3"&gt;&lt;img src="data:image/png;base64, iVBORw0KGgoAAAANSUhEUgAAAtAAAAUACAYAAABuzmU9AAAAAXNSR0IArs4c6QAAAARzQklUCAgI
CHwIZIgAACAASURBVHic7N15gFxVmffx7zn3Vi/pJHSAJCCMxCC7SxSCAVSiyADKEoVXBJRNUHED
XNFhVwRGEFwQxQ0cQZxhEAcEN2RxAWWLBnHDkAAKCdmT7nRX3XvO+8ete6uqq6q7qrt6SfL7zDTp
rrprVZBfnX7OeQzHvsUjIiIiIiINseN9ASIiIiIimxIFaBERERGRJihAi4iIiIg0QQFaRERERKQJ
CtAiIiIiIk1QgBYRERERaYICtIiIiIhIExSgRURERESaEI73BcjmK7CWaV2TufJdp/Gu170BY0zF
8957bvrNfZz93W+wasN6YufG6UpFREREGmfUiXDTMmv6TO45/3MAvOHiT7PkhWUVj6/p6eGtV16S
PT4ejDGc/eajuOKd78YDdkBwHsh5jwE+9f0b+M/b/xfv9VdSREREJi6NQG9iTj7wIGZNnwnAVSee
zluv/CwAV590evL4dFgwdx5X3/mjMb82YwwH7LYH919weTbaPHh0TqQB+9LjTuK+Pz/Og3//yyhe
ZWPesf/r2e1FOza07Q333T2uH1hERGR0zZk1m522ncGcWbMrHl+4ZDFLVyxn4ZLF43Rlg+vu6mJN
T894X8ZmSQF6gpsza3bFv5jdXZOz7xfMncdjl30p2y6VBux6xxgN1hhu+vAnePu811aVajTKGMMV
7zyV1134SV5VvGY3DqPRHzr0CL508nsb3v7CY47no//1Tb7w49tG8apERGSsdHd1cdQ+81iwz34s
mDuvoX1ue+hBbnv4AX708IMTIrSefOCbmDV9BhfectN4X8pmSSUcE9jVJ72HMw87koVLFmf/Alx/
xtl0d3UNut+anh5OvvYqIAl3c2bN5ot3/R9n3XDdqFynNYY/f+Fr7Lr9DiM+lvOethOOYuZW3fzq
ov9klzNPH9MQ/Z6DDuXrp39wWPuadxze4qsREZGxNGv6TC445jgW7LPfkP+trWdNTw+3PfwAF93y
/XH77eTJB76J75xxFhfdcpMC9CgZkxHoXBBSiKNx23+gPXd8MTtM24aNhX7+/M9nWLl+fVP7v2TG
TGbP2I58FPHEP59uev9Gzd/z5UAygnzbx85teL/urq6q7dNjtZoxhpvP/GRLwjMkYTywlmVr1zBr
+kxu+cinOfoLnxuTuujy8HzhLTdxUfF/dPzNd1SE4/KfLzjmeC485vhRvzYRERldFx5zPBe04H/P
u7u6OPnAN3HygW+q+G/JWEnDs4yuUQ3Q79j/9Rx/wHxev8dedJ967JjvX26HrbfhgqOP54i992W7
7mnZ44U44rGnFnPlj3/Ifz/wq0GP8dHD38rpbzyEXbffIStTyEcRv3/yb/zn7bdw+yO/H9E1DnTb
Qw/wyp1eUvX42t4eFi55inuf+CMLlyalGXN2ms38PV/BnFkvYatJ1Z+ab3vogZZeW2r/Xffg6Ncc
0LLjOe950bRteH7NagCO2mcer9t9L+7/8+MtO0ctzZZtiIjI5mHOrNl8531nVdU3t8KFxxzPgn3m
ccrXrh6TOmmF57HT8gC99+yXcur8gzlyn9ew49bbAjQ1ejzS/WvZY4d/4/8+fj4v3W57IFk+bd3G
XjpybbTncuz70l35/oc/wW7b78Bnbr255jH+5+xPcUxZUNyYz9MWhrSFIa/dfU/m7fIfnPP967ny
jh+O6FrL3fvEIi4Y8NiPHn6Qk6+9qqq+6raHHgRuoruri+vPOJuj9qms2br3iUUtu66UNYb7L7x8
yFU2mjW1s5OtJk3KjnvP+ZeSO/7IUSvlOOvNR3HViaePyrFFRGTiWjB3Ht9539ClkSMxZ9Zs7jnv
Ut565WdH5b/FKYXnsdWyAH3qGw7mvQcdxtyddxnWJLKR7j+Yb7/vTF663fY477nuFz/hijtu5R/L
nmNSezunzj+YS95xIlM7J3H+0cdx7xOL+NVf/lSx/8cOf1sWnv/23D/5+Pe+zV0LH2FyRwenvfEQ
znvbO5jS2cklx57IvU8s4pHFT47oemdNn8ma3g2cdOBB2WNre5O65iQo17emp4cFV3yWBXPncf0Z
Z2ej0ScdeBALly6me9LkltVknfXmo+qG5/I1na0xTb2nsXN84JBSyYQ1ho8fcTSX/98tw7/YOj50
6BEKzyIiW6CxDJzdXV3cc/6lnHLt1Vx/3y9afnyF57HXsgB9wmvns+9LdwXgmZUruPOxh9hl+xfx
xr1eOSb713P8AfOZt8vuAHzvV/dwxreuyZ7r7e/nKz+9g1wQ8oUTTyMMAk4/6JCqAH38aw8EoKe/
j7dffRl/WPoUAKt7NvD52/+X/kKBL578HtpzOU6df/CwA3R3VxdPfenbNT8Jp+G5u6uLWdNn1v1V
0JxZs1nywjJue+hBTuYqfvjRpBY6rceCJGS/5MOnjmiWcGAtV7zz3dnPsXME1nLnYw9zyQ9/wF/+
9SzOO056/UHsteNO/PHpp7js+JPpau/Aez9ooF7ds4F37P/6isc+d9xJXHHHrS1ttvKegw5V2YaI
yBbqrDcfNS7nbHWAVngeHy0L0Ks3bOB/f/cbfvDAr/ifB38NwA/O/OSY7V/P4a+eCyRlGxfecmPN
ba668zbOO/odTOuazO4v+req53fZLpkg98jiJ7PwXO5LP/k/PnPsO5naOYk9d3zxsK91zk6za4bn
Hz38YDbyfOExJ3DmYUcy7d3HVgXg7q4uHrvsS9mKG7c99CA/evjBqnKO7q4u5uw0e0S/SprWNTlr
gPKrP/+JN3zmU+SCgAP3eDm/ufjz2XPGGF7xiQ+y6OklXPOzH+O9Z+7Ou3DfBZfTkctVBWkDLFu7
pmYd99aTp/DCurXDvuaBBltt48IBkwP9zXdUPD/wZxER2bTMv/gcFl7+ZXbadsaYnG/piuXMv/ic
lh5T4Xn8tCxAH3PVpeO6/1Unns6CufO450+LOPVrV2ePbzNlKj39fbywbi1PLa9furBs7RqmdU0m
FwRVz6WPrdqwoe7+qzasZ2rnpJr7N+reJxZxw3131yzdSF1/3y9Y8sKymqPHa3p6OPu736gIxidf
exVLvvztikB6w313j7gO68p3ncZf//UsL/v4BzDAW141l//7+HlZIE5LO2LnePyZpQDZShoP/ePv
TD7paBbM3Y//PuscAmuz4zrvOfo1B1SVhlhj+Mop7+PYL14+ousWERGBUsnjvedfWnPQppXW9ibn
auX60ArP48sOvcnElwtCPnjI4cyaPpNT5r+Jl8woNRI55HPnMfmkY3jJh9496P4zt+oG4OmVL1Q9
/+yqFQDMnrldzf2nT92KF03bBoAlLywf9n1AEnh/9HCpznnhkqcq/oVbuGTxoF0Gr77zRxXlHWt6
khU7UukkxJH6/ZN/42Uf/wAAf73quorwXK4QRzW7ETrvufX3vyV3wlFs6OvLHr/pN/fyzfd8uOY5
377f60Z83SIiIqmFSxZz1g3fGPXznHztVS1dhUPhefxtFp0IC3HEY0sWM3fnXfjbc//k2ZUrm9r/
5PkHMa3Y4e+OR6uXorv197/l40cczStePIv3HXwYX/v5XRXPX33S6bSFId57vnXPz4Z/I0X3PrEo
K7t46oXnOXDPl43oeE+98DwH8rLs2K1wzc/uoD2XY9U3b2ZSe3vd7Xr6+gc9jvee7lPfzvNf/x7b
TJ7CfU88zjtf+4aWXKOIiMhQrr/vF8yaPqMla0DXctEtNw25AEAzFJ4nhs0iQENSy/SqWTvz+DNL
m1r2bpspU/jUUW8H4Ilnn+Ybd/+0apvP3Hozr9t9L+btsjtfOeUM3vSyOTz0j78zqb2df3/Fq7JJ
ilfccSv3/OmPI7qPBXPnccHRpX+Jyyf/tcKZhx3JU8uXVYxyD0dgLRuuv4VwiJKVtRt7GGrxudg5
tn/fu1j6le9w3Xs+1PJVWERERAZz4S03MWv6zIoSyla44b67W9oJUOF54thsAnRvfz+/+esTTe/3
7fedxUtmzCQfRXz4+q/X3Gb9xo0ceukFfOu9H+bo1xyQfaVi5/j4977NVXfeNuzrB7jtY+dWTfhr
tVnTZ3Lbx87ltoce5K1XfnbYxync+KOWB93tuqe1fE1pERGRRpz13euYM2t2zQZmw/GHpU9x1nev
a8mxQOF5otlsAvRwXHXi6Ry592sA+MKPf8jdj/+h7rYfO/ytvPlVyYoe/YUCz6xcQUdbjh2mbUNg
LR85fAFLVyzn1t//dtjXU6vd9g333V13yZs5s2Znaxif/d1v1K2vOvnAN1V9qn7DXiNr7d1oeN6q
swsDg45CB9byzDXXKzyLiMi4SScVLrz8SyOeVNjqSYMKzxPPFhugP3Hk0Zx52JFAUuP8qe/fUHfb
848+jnPf9g4Avnv/Lznnput5bs0qAA7YbU+uOfUMXrnTS7jh/R9h/caN/HzRY8O6pgtvuYmTD3xT
xaffWdNnNlS3vHDJ4rrbXXjMCRU//2HpU6OykHstg9VHQxLEV33rZqZ2ThqT6xEREalnyQvLmH/x
p3jssi+N6DjzL/5Uy5qWKTxPTJvFKhzNOunAg7jk2BMxxvDA3/4y6KoUO2y9DR89/K0A3LXwYU76
6hey8Azwm78+wVsuv5Bla9cwuaODC//f8CchXH3nj5jzyQ8x7d3HsnRFsprHK3d6yYhajHZ3dWWB
fOmK5Ux797HM+eSHBl3JoxE/fOiBhrZrC8Oao8/WGI7c+zUUbvxRw+F5JKP7IiIijVi4ZDGnXHv1
0BvWccq1V7dsxQ2F54lriwvQh796X7566vsJg4A/Pr2Et175WdZv3Fh3+6P2mZcFvO/cW3vU9p+r
VmaT8vbbZXe27956RNeYLD2X/MvX3dXFd9539rCPdf0ZZ2cBfOGSxS37ddL7vnENzg81PTApz9j9
RTsCpbKPObNms/76W7jtY+dWrAE9GOc9Z3zzq8O/YBERkQZdf98vuOG+u5veb7Cyy2YpPE9sW1SA
nrfL7tzw/rOZ1N7Ok88/x4IrPsOytWsG3ae8Q9Hfnvtn3e2eXpGsH22M4eUv3mlE1zln1mwO3KNU
o7xg7jwWzG1+cuGCufMqJiUeuMfLmTNr9oiuLbVyw7qGt735zE9y+kGHsPpbN+NvvoNHL/0ik9rb
m56E2Mw5RURERuLka6/iviceb3j7+554vCV9FkDheVOwxQTo3V60I/991jlsPXkK/1q9ird94ZJB
OxOmevpLTT7+bZvpdbebsdVW2fdre3tHdK1Xn/ieqrKN77zv7KZC9IK586pGrru7urJJhyMVO8dF
DS7N87J/24nT3nBINiljOKt3XPA/NxI71/R+IiIiw7Xgys/wh6VPDbndH5Y+xYIrP9OScyo8bxq2
iAA9c6tubv3Ip/m3bbZl1Yb1vP3qy1j09JKG9n3gb3/Jvj/htfNrbjOls5M3z0lW6Fi1YT2PPvWP
EV3vmt7qluHdXV388KPn8sOPnjtoTfRQ263tbV0b0c/eenNDZRzWGFasXzfsczvv+dwPfzCsfUVE
RIZrTU8PJ1971aD//Vrbm2zTihJJhedNx2azCsdVJ57OgrnzuOdPizj1a6Xi/0nt7dz60f9gzx1f
TH+hwNnf/QarNqxnjx3+re6xNubz2ezZny96jIf+8Xfm7rwLx+73OvJRxH/c/N2svfd+u+7Ole88
jZdutz0AN/3mvqYaudRy8rVXcdZhR3HvE4u494lFXH3Se7IVQxbMncf8Pb/NwqWLK2b4nnTgQVxw
zPHM2Wl2RXD+4l3/x1k3XMf8PV/O/D1fztV3jWzyYDnnPYd+7nx++umLhxxVPnTO3rzsY+9n4eVf
pi1s/K+d957DLj2/oaAuIiLSaguXLObka6/ihx89t+bzrWrTrfC8adksAnQuCPngIYcTBgGnzJ/J
Z279flaecdobDmH/XfcAoD2X44b3f2TI4z3497+w33kfy35+99e/yO2fOJ+dtp3Bia9/I+963RtY
tnYN7blc1gIc4Jd/+gOfvOk7I76fNT09FZ2LbnvogSxAQzLKnKwZXaqTrtet8MJbbgTIwnir/eLx
hfz0j49y6Cv3HnQ7awx/uuKr5E44ivXX30JnW1tDx//JHx7h54sWtuJSRUREhuW2hx7k7O9+o6oM
8uzvfqMlbboVnjc9m0UJRyGOeKz46e9vz/2TZ1euzJ7LhYO3mm7EoqeXsN+5H+Pb9/ycNT09GGPY
rntaFp6fXvECF95yEwd95j/o7e8f8fmGMtSvksrN2ak1kwbr8d7zlssuzCZRDsYYQ+HGHzHl5GN4
1zVXDlnTvHTFco74z4vxGn0WEZFxdvWdP6pYmeOG++4e8ZKwoPC8qTIc+5bNIp1Mam/nVbN25vFn
lra0znegXBDy+j32YsdttiWKY/76r3/y8OK/j9r5IFmVI13U/Yb77ubka6+iu6uLhZd/OVslZOmK
5cz55IdY09PD9WecnXUefNU5H27ZepSDscZw5zkX8e+veNWQ5RyFOGKb045jQ18fnz32XXz8iLcR
2uSDjjEG7z0//eOjvPWKS9h79kt5/JmlbMz3k49GVhoz0EcPfytXvPPdrTnWf32TL/x4ZK3cRURk
Yuvu6uLe8y8DYP7F54y47nm0w/NFt9xU8RttaZ3NJkBv7hbMnces6TMrPu1eeMzxXHBM0rhl4L8k
Z735KJa8sKwlv1pqlDGGQ1+5Nz/+5AVDhmjvPSd85Qp+8Nv78cCUjk7esf/rOXTO3lx/7y+4/dHf
Y4A37PUKXrztdH71lz/x5PPPtfyaXzJjJie+/qChNxzEd++/u6EVXUREZNOXzjMaaXju7urirMOO
asUl1TVa5ZuiAL1JmzV9Jrd9LJnU0IpPwq1ijeGi/3cC//HWY/HFn2vx3rNyw3rmX3QOf3r2aaA0
Ai0iIiIyUSlAy6ixxrDtlK249rT387Z996+5za2//y1nfPOrLF83eEMbERERkYlCAVpEREREpAmb
xSocIiIiIiJjRQFaRERERKQJCtAiIiIiIk1QgBYRERERaYICtIiIiIhIExSgRURERESaoAAtIiIi
ItIEBWgRERERkSYYQI1UREREREQapBFoEREREZEmKECLiIiIiDRBAVpEREREpAkK0CIiIiIiTVCA
FhERERFpggK0iIiIiEgTFKBFRERERJqgAC0iIiIi0gQFaBERERGRJihAi4iIiIg0QQFaRERERKQJ
CtAiIiIiIk1QgBYRERERaYICtIiIiIhIExSgRURERESaoAAtIiIiItIEBWgRERERkSYoQIuIiIiI
NEEBWkRERESkCQrQIiIiIiJNUIAWEREREWmCArSIiIiISBMUoEVEREREmqAALSIiIiLSBAVoERER
EZEmKECLiIiIiDRBAVpEREREpAmbaIA2gE3+SP6R/Jx9ld2YSX4KCcb0CocrTL8xpT9M8b5M9nDy
T1v83gx4RERERERGjwH8eF9EM4wxeO/BJJduMUzxnunAjtOSm3lqNWwEVqa3Z0Occ4Abz0tviAG8
zYGPsR48jhzQDUy28KLp4D08uRz6gV4gbwFyBBSIJ/4tioiIiGzSwqE3GUJxhBfvMRg8pT+TJx3J
6Kmrk9QDDHGd59L9LMZ4cnj2nzGJ297xCjrZiCnfyVYfwRhDbCE2Af22jW8/kef8Ox6lF599dBjv
TxABEKejzSZksov4+Sfm8bLufoxxyeiyKY07G+PxxmG8JTbgbTExG4vD8tCKyRx5yS/pDQwutmDi
5Glf7z5N8fgG72MsAZ4YTIDHgU9eoeQ9Td5LjMcYD84WHxMRERHZcrQgP1qMcdz/9n0AcAYCgiSU
OY83xVFjY/DGZadLMltM7AOcDXjDdx+oc3EBM4j5y1n70lXox9kYMAQ2GYlOR6SNrS5f8DYtbIjw
Jof1SdgrhIbvLTa8538fI/RJfB+PGGiMwXrPJOBP/3kYMwqrcIHHGAc+whdfR1P2SSEN084kr2Qa
oLPHgTYHsfX8y27D7mf+nDgw4AzOV9/lw5cfTABYYkg2y4pivDUEGLzzxBaM9UkQN46/rJnCcRf/
GGocU0RERGRzNuIRaEMSkvfr6AVrivE4rAjQgTf4wOBMlA0UO+OwxuF8G876JCxnyS0ZEd3JOp44
Y09CF2PyScDz3mDxJPW+Md7bLDzW4r3HGUvoIyJriS1YH3PyrIATztmDv/Rtzd5X/aZ4L2M5Gm2Y
5j3Pfu6VeHIE0XKMAVOs1famDXxMEonT+3OQPk/Z6HOZkIjItONMzHZ+DSu+MhfvDHM+8RBL+qqv
YteuNYQmeQ2d8cTF0hhjLN54LBbvHc4YjHUkA88xffkOhWcRERHZIo04QHs8xhVHl31xWpv1JLXH
aU1vcUtviIr7WRvgCHDWExlTFp4DJhGz/IN70xYZArcBZ3N4U0j2K59KZ0rfD+SKTwU+KQKJTXJt
YQzeWGITE0bt7JnrpeeTe3PbszHH37QQ422x+KReyckIGIPxnhzw/MVzCVyEcQZjCmAM3tukfMID
JKUXHlu63/QlMskHF3zZh470vgnBxMX5lY4whpzz/OGSffA5z85nP8xKD7gQA4Te4KwnwCU119lJ
krCclpFYn3wYgeQ1xSg8i4iIyJZp5DXQQDZu62uvAuF9sQ7XFkdPfVk09UlNbSLg3ve8kf2Dtdio
nzhweFd/9YykhMODD6gsiK5kvMdbM2CTZGULT0Do+zl8xxz5c15N96WP0jvE3Q5XiOf35x7CLp3L
MD4iNCGeQuk6B46kG1MsianPeF8MvQM/SKTj6Y6CtYTG4Y3lmSteTSE3ne4P/TSJ5vUG713ynhGU
VjYRERERkVYkoyyA1Q9axgQYUxkDnQGcx7oIb2MCLL3vfTn751bgfT/eJPW2rnx0evALqMkZ8DVS
YhqmA1/AY+nA4XzMhk+8gqNnhQSBBcKhDt8YawhsQM9Fr2b39hXkvCHE401MMgEz+ar4YAHgfa25
kZWbEOAGvcjie2KKYTuwdPpV5L/4GubPmoT3lphcjd2C5EvhWURERKRCi9JRuoxEftBf7XvvK0Ki
MQaspz0KiE7fi9AbcDUKdWseq7kSgkEGqCvkree/jt+Le9//huJy0yNP0FOdp/fivQGHIU4mM3qb
fIgAkomYpuYI9FCMr/cmJqPP5Uv3pUeLbURsDHd8bHcKQUBA/5Dnca34ICEiIiKyGRh5gM6CqRvw
Zy0OU/a8N+BMAM4RG4vF4X1bQ6e13mJ9WLdspBHJqiBJkHVZ8LdYB3Mnr+Tvnzq4GLyHdw6L4SUW
ln32VeAiHEESnAmL5045PHFS/1xxgcOvwrakr1Hp2rOj+VyxZj0kF+eHHOWu2Df9wdtiCxcRERGR
LUuLRqDTeDWyetlslLOBCWreGHwjyW/I47higEyvO/3Tsx3P8+uzDyiG/ubLxbfG88R5rwBniG2U
rcmc3t9Qlz/Y6iKNGnLkuN5FuMrfFgSbVLsdERERkdHT2hpoHyZfw72YNKQ1Mqrsk1YtzawGkdZS
p+Ucxpe+rE/P79LDE3rD3rkePvqa6ZTWDxlcUukd0oHhn+fPwQZhMlmvWOecqpVrzYDpgt77Icd4
fZ3aFEft8Dywnjy5rhrHsDVKSiqOrtpoERER2TK1tgZ6QM1ts5oZga48fWPbp1lzYIisN0nR4jDG
c8lB2zOlwUuJsUDEC5e8utgdsNiNcZilJkMN/JrWL7bXBJVwiIiIyJantcOIpgCmsZHaWnzZPxvf
qcbqFYNtbuoH5qptfdLe2mNZdt7LG9rH4ln7uYMI+9Nl8kYQMhsq4fA1J0iWClHKDkf1ZMpGX7tY
WVlEREQEaPkkQjPEIW2xMUhtWbuQZkZrjWu6VrhW4HSmsuQhbaFtTIA3BuNz/Pn8w7DFVi61BZy+
93ZM6luNsRHeOALva4dob8lG6+uNoA9YtaTy+n3xw0DtZf5qHbFWVDbGVJWO1KL8LCIiIpJo7STC
OqtieB/jfVx7qbaqo/hR73JXHji9SQNp2XJvVddo8N4zK/4Xk02dDoUmJDSeLxz5ImLTRnnkrDtZ
0LjBR+xrvl6+OBmxfu1z3cPR+Og7Li42U2lswqOIiIjIlmLknQjThndDNFKBoYszAg+xMeWptoJ1
Bmcd3odYW8DRhvExFkNkPYY8zuRoi9PW4gFD1WSnp0mXe3PGFTsclpJmUOz252zA0vP2Z+vP/DZp
o01pFNn4iL9f9O/k3Ao8+Yp79cZgcbiy18cbKiZcpqfzFCf2mQjjQjz9FIIuHlrfyf/77C9Z5S0h
jsgEWAPOeWwQ0B0X+NnnDmb3zpVYbyjY5LcBZuDSeI2y6ai0xp5FREREyrWolXdZIxVs3cP6dOWM
OpI62+KyGDWCm8XjCDDekQ8m82S+jaUbDd5a2ts8r+gsMD0u0G96cUEbOeeKWdySxvd01Y10JNYX
SzeSuFgMw8ZUhehkpQ5LF71sBzxnQ3Cl0ePQGLbza7JVMZLPFWUnMeXrMdviNi4L4R6fra1srMc5
z3N2a/b45E/JV3xIcUQmWTnDeQ8mwMUF1gD7fPrnEBgmec/TX3gjk/1KIhuWnbfuSzskZxSlRURE
RKAVAbrpRirUrYOuHoE2xbDrsd5wf183B3/7fiIGGc0ujuzuHEY89pH9obCOdhskZQ81yktqBcqB
4RmKkw9xeG95/IJ5zLz4d0TYJASbHP+6+LWE0SpiE5QGzw2ALZZcRJRe7mLzbW+L2wR4E2BMHhc6
+pjK9ufcTyFb1q/0+iU/l73GPip/BmJPLzDjrHuYhGf5lw7ExeuT7G3MsEsxKl4mk4yQ+xGsuCIi
IiKyqWrxYr6tbaRivMG6Nu5Y0UnbV/7I/G//mgLBoHW8OW8Aw1MRTP38b5l11eP0BkHd9ZIhqe91
xlVMIhw4ea9890lRHuMMBo8nwFjP1Pw68oHNRrezazRpHXH1GtCl+4jJxT14Y/iPn/Sy7SceKIXn
YXJADzDpw/extGcrQp+vu23N11ONVERERERqavEkwmBEjVSgvDFIQH9gmPT1h3nbDx4tjoA6SU/H
SgAAIABJREFUgiEqqQt4DIXs59XGMu3zD/OT5yaTFGpY4rK7zpqqFP9vMNluJuT+s+fijcfgueZt
e2JMgbaotH8SStPai4EfLAweWxzVTpa6y9uQF53zKNfc82RFachw2aQoBAvsdf69XPrLOAn31BhZ
r9nVxRfXmFZyFhERESnX2k6EeEbSSAWSUefYWDbmOphyzRP0WwMuyqJcjBsy02VX4cH7ZPujbnyQ
fb/+KN63Y10uC46l7oQGM8jQtjelO7MuYs4kW5xICKfvFuIIKjv/eVe8AFuVUNNKcOMdIX04Y5jx
6YWsNjmiuLjfCFUW1Bguuf1vXHVPb9Wx05rwKsYW67ZV+SwiIiJSrrWdCFvRSMV4oiBk6pd/h/cF
rGvBCKgBCFnYA3te/SAu6qkIjqUAOXj4L5VleLD9TAU6cOTDypKPqtpgk0T/isshKRuJjGGv8x9h
Awb8MFfMGIJ1EHnDhbc9weJou4rnGl7WTkRERESAUWmkMlgiq99IxXpD4ALwnqnXLMQUR3BbMk3N
k0y28/AP4F13PkfsY8Bko9ADG6nUuo9S0LaEDr72zlfztWP3wjpbuWIHFlN1n7Vel5B/2Rk840Na
MXpfj8MBERGWV37krrIJmrb+CPRgPNmKISIiIiJbmtbWQBMU114e8GwDjVQiY4mCiO2+tgiaaM3d
jPTMtyxew8q2rZPHsgA5sJFK/WsweGIDR7zE8PbdQ6C/4nmPw5niBwqTBuOBy9g5iB27nXsPvgU1
zw3xSROYbT/4EKFzODvYiLcv+xr44UJERERky9XaGmgf1DykMUHWTKWegulnpZ3KGsiCXqtlOTmG
F196P6Frz56zZUvc1VrGruo4QM57vLO1W2Gna1p7U5xcWXm82AQc9dVFxHE8ptP0PDE9wMpc9xCp
2FD+G4XKa0w/EChVi4iIyJZnTGugvfdVy8OlOl3AS6/5dWsupwGGkDv7w6x8I310sEhY6/oDPLjK
l9EwYOKgqWxP7jAYHHcvG52a56FYDzu9/+eDLu0nIiIiIrW1uAZ6qDpeh6l6PrmEDeEUNlYvWDFq
HBFHfuXXREFEbJPQb4folFirBCWZ+OhKwbqyi0qZUli23rNwwxTsKJWqDMVhKJDD+DYC8sTWERsq
lvcbnBqpiIiIyJZr3BupeBzWwxE3PoBxZkyXHfbGgO/CE+KMr2qk4hk8UJfLgrU3xb3KA3W6InMi
Np7XXn4/cas6qTfN43zEdX8w9NOeBGGTrNZR2mSQO1flhoiIiGzBWtxIxTbdSMWQjIj+am3aRGXw
WulW8t5z74q0vfWA9ZGNKY4uD34MYwxU1UunJRvlj5de6nafL45Yj9HkwQGSymbPp7/5a3LeETqL
jQe0WPEOXNpFUURERERSLW6kksThZrmcT5Za81Be6jAW3v2d3+OMxXpbNZHQYhpb4q3WaK0vNpbx
pvh9SWw6iqF9fKRj4r1AZHMYakyatEHy1epfUoiIiIhs4lo8iTAPpskA7MNxHeNc7hw2GwkeopEK
MZ6YitHq8trnYto2A1eoMJW14WuCbtwEWcXCBvkJcR0iIiIim4pRaKQy6DQ8/MBtTITx4zfK6T0E
zja0zrEhKC5Zly7tVvZhobwveO0zZd9tCLvBOsyYLmBXzQBEHjfEEoPZtik1UhEREZEtWItmsaVB
0FaVK0DSSAXA2KD4c2VwbHz1h9FhXdqNsNjghKS22RVLGwZdLdlUr5Psy7syZqPPZSHVhkl1R0vv
onlpKUca5AfL/9ar7beIiIgItLyRSljzkEM1UrFufBN06eylMotGaqANQf21rdN1n2s0UmlzPeRG
fNUtYkoTBRtfFlqNVERERGTL1eIa6GjYjVTGUzTgVajXhbB+WK7c3gwciS+rjwaYHK+jMIarjYiI
iIhI67SwBjotVWikkcrEC9Hl6rXyrrliHQNKG+o2Uil9sOiK1mC8r7HN+PDeV4V8EREREamthbUT
abOQRg45MYJjqlZurD1SXqxrHmz/LE0P7ExYtkSeaZt4gXXISZAiIiIiAhOgkcpEUCvHppMIG8qU
A8J20tmvvJFKWjOciNjIVEvNCZfjIZ0oWX8lkqF+syAiIiKy5WhxI5XSKhabuqYaqdQ8QHkjlcpJ
hDkHf730TaWJhhOAh0Gauwz8zYLF2YjN5b0WERERaUaLJxH2T6hQ2Kh0EZChugPWaqTiSUZuk1Hn
QRqplDWYicwkpuZXEU6gCo7h0DrQIiIisiUahUYqQwdoM4FGLstLF4ZqpjKwkUr2uDHFlTfqHMDb
ytVJTIz1noc+s4CWLcU9xqyzE3wqqIiIiMjoGPNGKp56E/QmlkYaqXjvsdYU76e0VUUjlRpC53AG
XmqfxRDhN6PSFxEREZHNXYsbqeRqHnKoRirjqV7tb0ONVIyhYGp/aKgqZSnbJul4aAldzOqL9y7t
0tyljyNXvIdN54pFREREWqXFNdCFTbKRSqMTBWtdf4EOotwQjVTqsrSbgGc+++9YM9FXxxYRERER
aOk60AClttC1JY1UJlINNEDQaHI16fJ0ZTuYAguuXZj+UN1IxXgGRuP0/p0BYwpsZ/7JfecfRvnb
MdHHdoeacCkiIiKyuWrxJMKgoUP6Vuf2EWo0zteaRGg8/GKZJcLjja89kdDEVDRSKX5vffJ95EP2
m/QcT33+sOKhLd7khns7TZuIvxUQERERmahGoZHKxArHjYiK5dnlo6qNN1Kx4BwX/zqPrRVEvWHg
+tjlI9DpMQouYIf8cnqv3I92HIEvDO9mhqFW2/JKaqQiIiIikhqFRiqblvLoWL6MXSOTCJNtknv+
/D1/KU6UTA5iXNmO3lZMKiyNQKePOYyPcaaA7YfVl72Sey86kuz1NOna0oNLllSxBABDhuJmqJGK
iIiISKrFkwjzm2QjlUYNnERojMEXR9+td+z+uYcBjyl+1VMagU5ffpuVh7hgI4ELeU37M/Rd+ioe
v+L/0VWnMmQgB0yxjtfM2rr2aPgI1FojW41UREREZEs08nWgK2qgy/+sLymOmBij1dkydg1kwVql
DuUxdXEUsjGcTIdbj/W27itRXgOdDC8X8OkFuIDYAlgwMDt+ihX/ORdnLH3hVJ7r7+CzN/ySJ/7l
CALLPrM857zrEKbxAm2mF+8tse+i+yP3U4r3radGKiIiIrKlan0jlVrPTvBGKtaBH7BMdSONVCAZ
OwaIyYH3bHv+r1h/0cuJjM3KO6o5KuqivcWY6m2TEe60VCSmPV7J7MByw6l74LPVQAyxX5xs6wOs
twRmHe3Wk/cB+LjquMNhGxwFFxEREdnctbiRSph8DdxkAjdSgdovQqM10CUR+IgI2OX8P+JsiDO+
zv626ntPjKcUdss/aCQj34bQeYKy/Yw3OGNwBECQvBUmAiyPXHYo1o9WmUX6AUBERERky9PaGuhN
dLWGeEQZ01f+6QP+Bdz5VB4Ihhi1LXv5y1YwSStKqsN35dvljQU/cHphcsLZuWU4E49ymYWGpEVE
RGTL09phxCE7Ecbg4wnXSCUuvgpDNQcpjRKXjQxX1UV7HHDsdx5nOVOwNWbfVS9jFySlIsUvbDry
Xb/pjKcU/I2r9TZa3jhrq8bbLA5hZB8yRERERDYfLW6kkq55PNQuE+fX//WWsau9bXUjFVdVz52U
YXgcsy64nzW5yUTWg2vPtqhexi4J5ukqH8Yl6097Y0uvVdl5vCFZ6cODtw5va4fsH571soaWv2uk
Jl35WURERCTR4kYq4SbZSKWWRhupDP50zPYX/Ir1fmvyYam+uXoZu4oTgxlsETxPbONid8PBrstg
6aXTN7AqSgONVGwDxxERERHZEoxCI5VNa6wyW8Zu4OMNTiIcapJeFMdsd8HPeXT1FCIbYikMWMau
xBiTjDR7X3XUstWnCVyAceGgZ3YGLI7HvnAUYLPVQqpvIiBwQ03wHNhIJSQaNOSLiIiIbL5GoZFK
a5ZNG0t1KiCqDNZIZfAdDQdd8Sv+/ZqFFIzDFoe1a5aMDDICHZtkH+OTPwc7szMe60J2CJ8a9NKM
tYM2fSkdr/Lnnr7+hvYTERER2dy0uAa6/M/6JtokwkZfhGySX5nGIqQnAh54LmLa+X8iHxhsWcdG
V37MOiPQBgh82ai1N7hBkr/1yeRI43O8edfplC+AV3lPMY381qDyPh1re3NQ55giIiIim7MWFywP
/FV/wvsY7+NkLWgTTKhJhABRrTbVjdZAD1k/XL6xw3uY+ulHOPP2VbS7PM5UFlfUCunOgLOlx7xx
eBsnS93VXIGj0n99cHbdiYZxlKNgs2mMdY8RVDzl+O+7HwU2vd82iIiIiIxUCycRmqSdX41GKsVV
jVtzqlGQZtCB9c4NXXEzXRU9JIv8Ob7+4FLC8xZxz/NtGA/GhMTG4p2pPKav9eoltdnG2eSiK1K+
p3ydEwNM8hFdrhSg0485U4DAWJxJyjHql2R4KsagreUnDy2j0fF3ERERkc1JiyYRphHPU6uEw5ja
raongoroWVFJkUwQHOkkwpr7UYqeC675DZPPe5SvPuyIaSe0/cTGYLNUn2Tk9AvA+GSNjWSpOz8g
+SfvhfMB1nu8t1jfx6NfXJBt4bA4Au763Fvwrh98gGWw1uOVEd47w0aj1t4iIiKyZao1XDx8pkAS
tNpqPu198iv/JGpPzEA9mLTVtimuNpKUWoxsFDbyFrznI7c+ykf+1zAZz4OXHcYsvzwpIzGlSuOC
hVzxe0eNwedyxcmcK4Jt2fvMu1jBorLnHIaAvbdahfMmKc8YIgzHpvRpK+ds8jFJA9AiIiKyBRp5
gK5qpNLIhLSJE549xVU4GrgkU2PS3IinQxbXV06qNjzrgb0+9TPwjjY8u20b8PmT9mffHSze9YAJ
CXwBTPGivcV4KIQ5CiZk0bIC59/8Zx5YvI7I2Oz45aw3dBNDHGKDQtM5uC8o1pX4kX+AEBEREdnU
tGgEOg1RwSb5e33rq2NgOonQmMGLNFp/t4bAx8QG8t6yaEXMoVf+KjmTAeMt3hggLrYk9BU10waD
N0FyXd4lNzcwQ9uAp750APieYuVzXPPDQYmvuNEHnp+MhqBFRERkSzXyAJ0NQtpkEuEmqNY4qvce
a0w2P7KW4dZAD65YKOKhMvn64v/HZRdbnfw9HnxUvbogxdKTwDF/x0m0+1486Si2GeKTQPo6GCDP
2869O9lvgi1HKCIiIjIWWtxIpQAmas0hx1BcZxWOgYbdSGXCcASx5c6Pz8ZbgyMsdmYZOggna1B7
vAnYWDwWzSzhJyIiIrKZaEkjFW893sR4HL4ijKWtvZMvmy3J5ooNQZIAlnPjN5IZYHG0JZ32LBjj
AUtgfDbp0RdrfY2xBMWm2J4YjMOaCDvR10NOy1CMZeWX5+JpAw82WUi64cPE1vPkuumlB5pZwk9E
RERkM9GSEo7QGQJXOlScDeUmo9FpYxBfXPLOGYs1HogJXcDGMMf4cXjTDwR4b5MaY0gm4JFkRGM8
xhmwBueTOmRDgDGGKLBJ+J7AWdL4pJZ7+ZdfT+B6KkeOGxpFTupYci5g7kfuGq3LFBEREdkkjDz6
FctnBxuMHNgExFNqVW1JWln7cRrNbLch/a58/er0JSl/afyARSfKVhsxrrXheRTCuAHWfnE+gdmA
N4agLDR74/DEWJN8AIoH/E7CpBMWCegP2tj6tF+39uJERERENjETfOx0S2QIgYiAUqvsYbxFJgn5
bd6z7Ev70GaibJKntaWU3EiAdhisN2z3vgfpQVMHRUREZMs2cRZklkxsDF84ab9i7fLwPt8Y7/n+
+/dh+Zf3JfSOeAQrpATOkM910kuxXEVERERkC6YR6InCFHtjG8faS/YlCA0mLvCtxyLO+u8/ltp/
mwB8+aTFdKJmspZzzsT81xnzOGKPCBN7YlO21F6xdKNiBJoYb9ygI9CxMWx3xu/oneBzJUVERETG
ggL0BGEAYyF/2Twi34czFuPCYr8SSxzG/HnDVpz59bt5/HmflVGEGA599XQ+ecwcdpu8GhtFafUG
ziRdH7NB41oBuoESjr/0zWDvs+7Q3xQRERERFKDHXVpY4YC+y19D7CvX0TbGFEs5XOlnIC4uQZdM
bLQY6wfslwZohhegfVKuEQaWSe/9XdLVUH9TRERERFQDPd5ik4wyr79sLm2F9VlATg21OolxtuZa
zuVrigyHDRxtcT9TT38AnMKziIiISEoBehwYwqRpCyE5H7Hhc3MJHfQFXXUDs6d81JjS5ELjB10V
wzYZfGMDzjhiLK+94M/EyYWivyoiIiIiiZE3UpGmeRMVB40dvZe+CueL5Rm+WJpRLh2RrrfetDfF
pjStYbzFAvc/l+ORFf1JcPfJtYqIiIiIhhXHhfEhFsv6i3YjKhjyOCITJ+3BKzY0ZcvG1Q+wxrXu
bWxzEcvMTrz5ot8nBdpWwVlERESknAL0GEr7F4ZE9F22N9a1gfWEDkIfYBiwVrP3GDf46LK3Dl8j
5KZv7JDrNhdLRkLvcMaytG02O59xO/goWS1P+VlERESkggL0GAqAHLDu8n1wcT++LSR5C2yyHnON
EeiBkwoblebeIWugi8fvyxnO+Z+n2e30/wFXyFb9EBEREZFKqoEeQzE5Vn9mDhQ83ndgTYEkQBdr
oGuNQNcN0MkKhMbZmiPQDTEOg6HgA178nodZm/11cFp0Q0RERKQOjUCPqQLbn/cQxBvxOUNU69Uv
rvucBtjyVTliU12S4Uc0gdBTwND9wTQ8a9RZREREZChqpDIewg7u+8TrmNuxliCMiZzB2IjAO+Ig
V7W5sRZMhPEWY0zSPIVS3PWGqkYqvlhwbX1Z6DZJYvfe0Wk9rzl3EQ+vLYzOPYqIiIhsphSgx4NJ
loYLcPzrstczJe4nCPJEPsaY6gBd1jiwKkD7YkfCqgYsNQK0NTniwPLI6ukceO7tlI4iIiIiIo1S
gB4HSdWzxeAwFkIHf/zswcwyq3FB6e0w3uGNLQboZK+qAG0rW3ynvQe9cXhjCDw4kn3u+BuccM2j
SXMUIr37IiIiIsOgCDVBWAPeW/afCT89e18MBax3QAihwxEQ+LhugMaAJ8BjCSjgjCXnI9aF27Lz
h35BrzFEBBgf6Q0XERERGQEF6AnCkJRdJKXMBmcDprqIGz52CK/doUBXYT22OAJd3q2wNAINsWln
nZ3KV+76K1fctYTIgC/Wctjiyhpe77iIiIjIiChObQKSNykp5fDeYH2cNWVxgLMWvANMxaodIiIi
ItJ6CtCbgOKKzxg8vmzd6PINrNd0QBEREZGxoAAtIiIiItIENVIREREREWmCArSIiIiISBMUoEVE
REREmqAALSIiIiLSBAVoEREREZEmKECLiIiIiDRBAVpEREREpAkK0CIiIiIiTVCAFhERERFpggK0
iIiIiEgTGgrQxpjhHdy2Np8P9zoGKr+u4Vxjvesof7xV1zrc8w/n+ZGcu1XHFxEREZnorPce51zd
DZxzxHFc8ZgxBu993a80SEVRhHOO7u7u6hNbi3MO59yQx0u/BrvO8mv73ve+lx27fF/nHOvXr684
ThzHdc+3atWqbLuDDjooe/ynP/1pzXO/5S1vwXvPE088MeR11rs/733dfdLn3/72t9d8/vDDD6+6
7ziOs8fKrV+/Hu89V199NQAHHHBAQ+/BddddV3Xe1atXZ9c/WIhOjyEiIiKyKQuBLGAFQVAVcGoF
oqFCUPr89ttvz/PPP8/q1aurjpOG8uOOO66BUJWGv6FHi+M4LjuXw7kYsNlIcz6fH/IYqfJrLr/G
gw8+mCAIqj5YlGs8KJbuzRiDwxPFMevWrWObrbeuOI43Dl/n2M5F2TWXP5/ed/rBpvwDTvk9pvsk
ZwBL+TlsEn4NNT/ElH9AeuSRR3j1q19d924VoEVERGRTZwGCIMAYww477ND0r+GNMVVfqeXLl2eB
qb+/P3v8tNNOyx7/wQ9+UPM4lccPil+DX1v5CGgQBFgbEgS54veWMAzZZpttar8Q1lZdw7Rp06q2
S0esC4XCCEtUXPH+kntLz7/gyKMIrGVad3fVaK8lwBJUHWn58uUYEwCWnXfeueJe0u/b2toGHcH/
7W9/izGGwFgCY0n+alg2bOjNjhMYy3vf+96K/WbMmAHACy+8gHOOOXPmjOA1EREREZn4LMAJJ5wA
wDPPPNPSg3vvyeVyALS1tREESfi77rrrslDWyhHJdIQ1LQ+pGL0tljOMhMPzlre8JTvXPvvsM6Lj
lUuv9cc//jGnnXYazjlOO+3UIUO6MYZtt90WgL322ovFixfXPG4URS271nLLli3De8/MmTOL1+Nb
XvsuIiIiMpFY7z033XRTFrSefvrplk4Gi+M4C535fD4rIbj99ttbGp77+vqA0Z3IZjHstddeHHHE
ETjn+N3vfje8SYjFo1Hj9p1zfOtb3yrex9AfME455ZTsnv/85z83fS0jlV6f957p06cDdsQfVERE
REQmsiz9hWEIwI477tjwzuWT88q/BrrrrruykWFIQvVRRx010muv0NbWhveeU045pSJ01grUtR5L
JzyWf9XabrfdduPOO+/MRs/XrF3bdGj3FGuN6+xWfrzTTz+9tF+NSXjf+tY3Gp5gWXUdI5zUd+KJ
J2KMYcWKFUAymXAoWqlDRERENnW2fBLZqlWrsvDY6MjqYDXQ2UmsZe7cudnPp556assnk6Xnffzx
xyseL1+RYrDAWKsGupbtt9++YiLelMmThxUKbb30PMC+++6bfV/7upLrfvbZZyserbWCxkCD3edQ
rLVcf/31AFn5Rvk5jjvuuJr7aRKhiIiIbOqylOy9Z5tttskC1Qc+8IHs8Xpqhed6gezhhx/OjnfD
DTe0fCQyHTEeOPGv0cBWK0AP3NcNqLlYtGgR0Pr64vKA/sgjjwy6bXpNL37xiwc9XiOPNaO8dKNc
WvN+4403juj4IiIiIhNV1TDzLrvsAsAXv/jFloXcQqEAwM9+9jOWLVtW8VirpCPmP/vZzyquO11h
pFX34soO88pXvjL7/uKLL+bvf/97S84BpWD6ta99rfzslJa9S1xzzTUV2wMVq28M/74dtc6XWrdu
XbKknoGobC3tdLWV2ueufzwRERGRTUVVgP7HP/4BJAEonfQ3Uulo7qGHHsr2228PJMG2lUueHXbY
YRXnS7WyZMBisAMON23aNIwxnHvuufz1r39tyXluvPHG7B4qQ2i6vFzJWR8+M1thJF3lZGDJRqN1
4JUstc6X7jt58mSsMey2y67stuuu7LLLLuyyyy7stttuWT32r3/96zrHFBEREdl0hbUerFW+MFzp
ccprqqdMmcL69et57LHHWraU3U9+8pPs+yiKxmwptTVr1gDJazaciXwDnXfeeRx//PEAvP/97684
5sASEig1NgnDkEKhQBiGVdfh8JgGa64bMXXq1Oz7J598sur5jo4O8vk8+++/f8XfJYfH11p6RERE
RGQTUjdlfu973yMMw0GDaL1VONJ91q9fD1R3r9uwYUP2fatKOdJGKeWtwZ1zrFq1Kik3GCKk17qP
lStXNnRuYwxRFDVZLpG8JgNfw4svvhiAFStWDCjfKI6A1wjCuVwuO3+hUMB7z8qVK7MW26b+gh/D
kr4uafOVgcprwsuftySNWmq91rvuumsLr1BERERk9NRNxyeeeOKQobPeJMI0MHd1dWUtwmvtC0kp
R/mI5nA554jjmFwul5U0pJMKp0yZkm3nvc+W7Kt3Ten3zYxif/3rXx/2tQ+cgBmGITNmzGh4ZL78
vtNr3nrrrbMW27XLQRpT6xrSlu8HHHBA3Wvs7e3Fe1/zg0WtvzNaO1pEREQ2FYaa7Tw2D+VL9LWy
LGWiG60acBERERHZzAO0iIiIiEiraUkEEREREZEmKECLiIiIiDSh9my6BlkbYoM2IKm1jaONLbko
EREREZGJamQBOmino3M6AHHUx0YFaBERERHZzKmEQ0RERESkCYME6Fa23mj1sUfz2kbz/GN53+N1
jY0cYzyvTURERGRkTMekGd7FefL9awjCTnK5yQRhJ8ZYnCsQFTZQyFd28mvv2BpjQ8JwUsXBoqgX
gEJ+fVU9tLEhudwUwlwn1rYBnjjuJyr0EhU24H1lt0Jrc7R1TAPAu4j+vtW0tU0lbJuCtSH9G1dS
KKwf9OaCoJ1c+1bJMbyjf+OKGtt0kGufWjxPTH9fdfdBYwLCXBdhbhJB0AGAcxFxtJEo6iGO+upe
w2jdtw3aaGtPGqU0+/4NuELC3CTCcFK2n/eOOO4nLvRQKPQwcKXDynMXyPevJgwnEbZNJgg6iufO
U8hvoJBfD3iMsYS5KeRyXVndfBz1USisJyr0tOz1ExERERltYRhOIsbS1t6dhaKUtTna2qcRBB1s
7F1OGqRs0JYFycqDJYE6LvRS3lcuzE2io2M6VHSkMwRBRxJgc5PZuHE53kVlT9vseM4VaO8w5Nqm
lO8+tAHHqLlJxTb5qudt0EZH5wysrSwXtzbEtk0h1zaFQn4d/X2rqvYdzfs2lLZr9v0r3XtAx6Tp
Ve9l8pp0Jl9tk+nrXV4RVA2mdI0mjzG28hoBa9to79iaIGinv381nZ0zsuCcCsIOgrCDvM2R71/T
mtdPREREZJSFUAoyyYhlMoochp1Z4AnCTsLcpGykMCoko64DA1sagsrDahB20NE5I/s5jvqI442A
JZfrwhRX8ujonM7Gnuep1dfF2hy2Lde6u26QMYaOzulZeI6i3uQ18B4btNNWHN3OtU3FuYhCfl22
71jed7PvX/Hu6OicXjaiXqCQX4/3MdaG5Nq2whhLEHTQ1j6t5sg8JB8wbNCWjFhHfWCSD1LWJted
jNx3lb0GfcmIftiJKb6ube3dRIUNuLIg3IrXT0RERGQ0ZMOqySjqatIgku9fQ+ekmQRhErCCoCML
YMmv5ZPQVb4KR/UooqG9Y5vsp3z/WvL9q7OfC/l1dE6aWRzRbq8R8kq8i+jvX00c98MMFEp4AAAg
AElEQVQY/dreBh1ZEIzjfvp6XyALalEv3kfZ/bW1TS0L0GN/3828f8nP7dlz3js29jyP96XfG8Rx
ns5JMwHItU0h37+m4vly+f41Fe99waylc9J2FSPOA1+DvAmYNPlFGBNk1+fchuKzrXv9RERERFot
m0SYBKDyUTxPVNhQ2jBofgQ4DDuzAOpcVBWwvY8rHktHKmvZuPEFokIP3kV478ak9tUWwx1QLBOo
HOWMCr1ZeCwUNmSlBuNx382+f97H9G1cQd/GFfRvXFEVjpMa9tLxjK2/4mG+f+2AY7vk9ai6vsrz
p6PlyfFL19fK109ERESk1bJUVCuYVdS9loXJRtmwPfs+iqonowHEZXXHteqqUy7ub/r8I1VeUhDm
JpGLphBFG7IJeQODXGo87rvZ98+5Qt268NL+HlP8UGDMYEXn1fdXfT21timF9vLjt/L1ExEREWm1
ETVSGYotG1Vsa9sKa2qcriw4GWOzVSAmgjjuIyr0FEc4De2d29DmpxFHG4njPuKor2YI3ZTuO51E
GYQd2KANY0KMacXy4M3WJJcF6E3o9RMREZEtTwi1Ry9bYeCoZ2O/ap9Ya/32bVxBmyvQ1rYVGFNc
jq1yYlw+rVEuGuv7Hu77F4SddHRuO6zfLjRjsGX+atkc/t6IiIjI5qs4tDdaKxhUHjfft7rOdvX3
GX8+qXHOr0uWTws7CMpqdIOwg85we/p6l2frYI/9fTe/r7U5OjtnZCO5hfx6CoX1xVrr5HiTp7x4
wBJyY2Vz+HsjIiIim6tRLeHwLobiYGK+fzX5/NrBdxgPDQZE712yjF0xJKfNRNL1kNs6tibakEy8
2xTuO8x1ZfceFXpqLlPn8ZhxGNndFF4/ERER2XK1oti1rjgu/eo+zE0ZYiLaKAS1su579coUBpuA
1ta+VdagZOAqFC7O07+xFDqtDTE2Oce433cDkq5+ifLrLdeaWujmbQqvn4iIiGy5RpiQypc5qz5U
VOjNQmzSnKO7ahtIGpF0dG5Lq8NQ5SoPtmbHvYEd9MolzVK6iyPNnY2cEBj/+25MqW66PEynwtzk
AY+M3TVuGq+fiIiIbKlGVMLhXSmgpq2b47gf76LkTx/T37+a9o6tgWRE1wZtRIUNeO8wJiCX6yIo
htM2F1U0zBgp5wq4OJ819Ojo3JZ8fh3eRxgTkqsKiZUK+fVZiUZyDzYZHfUxxoRZJ0JIuhSmgX28
77sRUdSXheT0Q0QU9WIwBLlJVa/NWJZybAqvn4iIiGy5RhSg4ziPc/lsBDPXNpUcVKxKUcivwxib
tf0Ow86ao7lx3FfRCrtV+vtXZx31jA2zUJZyLspadVddU7SR/r7VtHdMI+mON63mds4VyPetqnhs
vO97KFGhhyg3KfuAkGubUjEaP/B1GayRymiY6K+fiIiIbLlGmIo8fb0v0N65LUHQXnerfP8a4qiP
XPvUYggqjWY6V0hWgMivZzRWUoijjfT1Lqeto7uiVMG5AoX+tcQuz6SuF9Xdv5Bfi4v7ybVNqVpO
zfs4u/Zaba7H876H5unf+AKubStybVMqasSjwgb6+9eQy03OAmwQdox5UJ3Yr5+IiIhsqQwtSh/G
hhgsHldse11nO2OLYc0MuW2rGRtmDTeGc96RXPt43vfQTHG02eB9NCEbkkzs109ERES2JC0L0CIi
IiIiW4LxWadMRERERGQTpQAtIiIiItIEBWgRERERkSYoQIuIiIiINEEBWkRERESkCQrQIiIiIiJN
UIAWEREREWmCArSIiIiISBMUoEVEREREmqAALSIiIiLSBAVoEREREZEmKECLiIiIiDRBAVpERERE
pAkK0CIiIiIiTVCAFhERERFpggK0iIiIiEgTFKBFRERERJqgAC0iIiIi0gQFaBERERGRJihAi4iI
iIg0QQFaRERERKQJCtAiIiIiIk1QgBYRERERaYICtIiIiIhIExSgRURERESaoAAtIiIiItIEBWgR
ERERkSYoQIvI/2fvvqOjqBo3jj+BRCAQJITeS0wA6chPioggHURRARsWqqjICwiCFMHOKwpIbyoo
gtgoShEpSosiYOhVmhAJLSSkkYT5/cGbcZfdTXJTCJHv5xzO2c3cuXNndth99u6dOwAAwAABGgAA
ADBAgAYAAAAMEKABAAAAAwRoAAAAwAABGgAAADBAgAYAAAAMEKABAAAAAwRoAAAAwAABGgAAADDg
feXKlexuAwAAAJBj0AMNAAAAGCBAAwAAAAYI0AAAAIABAjQAAABggAANAAAAGCBAAwAAAAYI0AAA
AIAB77CwsOxuAwAAAJBjeJ86dSq72wAAAADkGF5hYWFWdjcCAAAAyCm8c+fOnd1tAAAAAHIM7zx5
8mR3GwAAAIAcw9vb2zu72wAAAADkGExjBwAAABjw9vLyyu42AAAAADkGARoAAAAwQIAGAAAADBCg
AQAAAAMEaAAAAMAAARoAAAAwwDR2AAAAgAF6oAEAAAADBGgAAADAAAEaAAAAMMAYaAAAAMAAARoA
AAAwwBAOAAAAwAA90AAAAIABAjQAAABggAANAAAAGCBAAwAAAAYI0AAAAIABAjQAAABggAANAAAA
GCBAAwAAAAYI0AAAAIABAjQAAABggAANAAAAGCBAAwAAAAYI0AAAAIABAjQAAABggAANAAAAGCBA
AwAAAAYI0AAAAIABAjQAAABggAANAAAAGCBAAwAAAAYI0AAAAIABAjQAAABggAANAAAAGCBAAwAA
AAYI0AAAAIABAjQAAABggAANAAAAGCBAAwAAAAYI0AAAAIABAjQAAABggAANAAAAGCBAAwAAAAYI
0AAAAIABAjQAAABggAANAAAAGCBAAwAAAAYI0AAAAIABAjQAAABggAANAAAAGCBAA7eQyZMny8vL
S15eXurRo0d2NyfH+OOPP+zj5uXlpaSkpOxuEgAgGxGgkS4xMTE6c+aMwsLCFBERIcuysrtJyAQx
MTHq27evatasqTfeeOOGvK7ZsU0AADLCO7sbgJzh/PnzWrlypdatW6eff/5Zhw8fdlpetGhRNWrU
SE2bNlXr1q1VrVq1bGopMmLFihWaPn26JGnXrl164IEHVKdOnX/dNgEAyAgC9L/Unj179MUXX0iS
ChUqpMGDB6ernvPnz2vSpEkaO3as4uLiPJY7e/aslixZoiVLlkiSOnfurJEjR6pGjRrp2i6yh6+v
r9PzfPny3TTbzKxzGgCAjCJA/0udOnVK77zzjiSpXr166Qoba9eu1XPPPacTJ05IksqUKaPHHntM
9957r4oXL66AgABJUkREhC5cuKAdO3bo+++/14YNG/TVV19p2bJlGj9+vPr06SMvL6/M2zlkmZYt
W2rSpEnauXOnWrRooSpVqtw028yMcxoAgMxAgIZbs2bNUu/evSVJ5cqV09ixY/Xwww/rtttu87hO
y5YtNWTIEO3cuVMjR47U0qVL1bdvX50/f17Dhw+/UU1HBnh7e+ull176128TAICM4CJCuPj444/t
8Pz4449r+/bteuyxx1IMz45q1qypxYsXa/LkyZKkESNGaNGiRVnWXgAAgBsp1R7oq1ev6ujRowoL
C1NsbKwKFCigcuXKqXTp0qlWblmWrl69KknKlStXqj/jX7161b4C3115T/VZlqVDhw7pzJkzSkpK
UpEiRRQcHCwfH590tS+99XnapyNHjig8PFxxcXEqXLiwKlSoIH9//zSt76mNFy9e1IEDB3T58mVV
qVJFZcqUcTp+yeskc5x2K6XXYsuWLXr++eclSU8++aRmzZqVrnGwXl5eevHFF5WQkKABAwZo4MCB
atq0qYoXL57mfZSksLAwnThxQpGRkSpUqJCCg4NVsGBB4/acOHFCf/31l+Li4hQQEKCgoCCn/Uo+
Pl5eXsqVK/XvlYmJiTp06JDCwsKUO3duFS5cWEFBQcqTJ0+K692IfT158qROnjxpn29VqlRR3rx5
07SuY/skKXfu3GlaLyPHN6VtZsY5nezixYs6fPiwIiMjlTt3bhUpUkR33HFHqq/ZjRAbG6s///xT
Fy5cUEJCggoXLqzg4OB0/d/Lqvccy7Lsz4L4+HgVKVJEQUFBHs+ty5cv6+jRozp79qx8fHxUsmRJ
Va5cmeFcAP4dLA/i4uKsqVOnWsHBwZYkl38NGjSwFi1aZF29etVTFdbbb79tlx8yZIjHcsnq1atn
l1+6dKnL8kmTJtnL58yZYyUkJFhz5861qlev7tK+ChUqWB9++KEVGxvrcXuZXZ+jqKgo64MPPrCq
Vq3qUpePj4/16KOPWps3b061nmnTpjkdw9jYWOv111+3/Pz87L+/8sorlmVZVvPmzd2+Vtf/W7hw
odttRUZG2q/3PffcY8XExKRpX1OSlJRkdejQwZJkvfTSS6nu43vvvWdZlmVt3brVeuihh1zanjdv
XmvAgAHW2bNn07T9X375xbr//vtd6ilatKg1YsQI68KFC1ZoaKj9927duqVYX3R0tDVlyhQrKCjI
pc7ixYtbr776qhUeHu5x/azc182bN1utWrVyqScgIMAaOXKkde7cOadzvnv37i517Nixw2ndxMTE
FLeZGcc3pW1m9Jy2LMtat26d1alTJ7frBQQEWMOHD7f+/vvvFPfT9Lik1dGjR61+/fpZAQEBLm3z
8/Oz+vfvbx09ejRNdWXWe864cePs9caPH28lJCRYCxYssOrUqeNSb+nSpa133nnH6b3izJkz1tCh
Q93uU40aNayFCxem+LkBADmB2wB97tw5tx+K7v716NHDiouLc1t5VgboMWPGWN26dUu1fW3atLGi
oqLcbi+z60t28OBBtyHc3b+RI0daSUlJHutyDFx9+/a1nn76aZc6Bg8ebFlWxsPG2LFj7eAWGhqa
4j5GRERYmzZtspYvX25t2rTJOn/+vMeyyeHDx8fHOn36dIr7OGrUKGvWrFmp7kOtWrVSDZZTpkxJ
tZ7atWtbc+fOTTHgJTt69KjVsGHDVOssV66ctX//frd1ZNW+zpw5M9V66tSpY/Xr189+ntEAnVnH
N6sCdGJiovXaa6+laf0yZcpY27Zt87ivWRGgly9fbt1+++2ptq1o0aLWTz/9lGJdmfme4xighw0b
Zj3zzDOp1tmmTRsrLi7O2rZtm1W5cuVUy48YMSLDxw8AspNLgE5KSnLqDQsICLDeeecda+XKldaG
DRusr776yuratavTm+Hw4cPdVp6VATr5n7+/vzVkyBBr/vz51jfffGN98MEHVu3atZ3K9OzZ0+32
Mrs+y7Ks48ePWxUrVrTLlixZ0nrjjTes5cuXW+vWrbM+//xz68EHH0zT8bMs58CVN29e+3Hp0qWt
tm3bWg8//LD1/vvvW5ZlWUuWLLHmzp1rzZ071xoyZIhdtkKFCvbf586d6zbcXbhwwf4wHz16tMf2
xMbGWu+9957l7+/vtA8+Pj5W//79rTNnzrhdr127dpYka+bMmSnuo+OHb+fOna2ZM2da33zzjTVx
4kSrQYMGTtscNGiQx3YuXbrUqWyFChWsN954w1q0aJG1cOFC66233rLKlCljtz2lgGdZlhUWFubU
s1exYkVrwoQJ1po1a6zVq1dbkydPtqpVq2Yvr1atmnXp0qUbsq/Lly9PcV/HjBljlStXzuVcz0iA
zszjm9I2M3JOv/766071PvPMM9a3335rhYSEWD///LP1wQcfWCVLlnQK0Z6+CGZ2gA4JCbF8fX3t
+urUqWNNnTrVWrNmjbVu3TprxowZTu87fn5+1vbt293WldnvOY4B2vHYjB492lqwYIH15ZdfWu++
+67TNiVZ/fv3t8+zWrVqWRMmTLAWL15szZs3zxo2bJjLl4UNGzZk6BgCQHZyCdBr1651CmzuemWu
Xr1q/fe//3V6Mzx8+LBLuawO0M2bN7dOnjzpUi46Otp6/vnnncr+8ssvWV5fYmKi05ePBg0auK3v
6tWr1owZM5zq+/HHH90eE8fAlRzwFy1a5LHXP9mqVavsderVq5diWcty7sH09JPxpUuX7CAsyfL1
9bXq1atnFS1a1CnYuwszn3zyiSXJatasWar7GBAQ4PZ4xMXFWS+//LLT9t39GnDp0iUrMDDQLte6
dWu3wyouXbpkPfnkk07bdhfwrl696vSlsW3btta5c+dcyl24cMFq3LixXW7s2LFZvq8RERFp2teI
iAiXfU1vgM7s45vWcGpyTjsOG5Fk/fDDD27LHTx40CpevLhdbtKkSW7LZWaAjo2Nte6++267rq5d
u1qXL192KRcVFWU9/vjjdrn77rvPSkhIcCqTFe851wfohx9+2Lpw4YJLuUuXLllPPPGES9h+6qmn
3A7/+uuvv5y+FPTp0yethwwAbjouAdox9KbU05qQkODUS/bJJ5+4lMnKAF2uXDnr1KlTHuuKjo52
qu/ZZ5/N8vp+/PFHpy8fBw4cSHF/Bw4c6PTB5+5D+frAtWbNmhTrTGYaoO+55x5LujYkx53ExESr
c+fOdp3jxo2ze1gTExOt6dOn28v++OMPl/UPHTpkSdd6I6//cL1+H1P6ufr06dNOZbdu3epSZv78
+fZyPz8/68SJEx7ri4mJcQq97gLemjVr7OXFixdPcbys4xfQ0qVLZ/m+zps3L837Gh0d7fR/Nr0B
OrOPb1YEaMcv+J7O6WTJQ5ckWQ8++KDbMpkZoL/++mu7nqCgIOvixYsey164cMHp14OQkBCn5Vnx
nuMYoMuUKZPi8KEjR444HZeKFSumWH7hwoV22QoVKjAWGkCO5TLdQExMjP24QIEC1y+2eXt7a+TI
kRo3bpzGjRunihUreiybFVq0aKFSpUp5XO7r66tXXnnFfr5w4UJdunQpS+v75JNP7Mf/+c9/FBQU
lOI+DBo0yJ7ZIyQkRJs3b06xfMeOHdW8efMUy6TH8ePHtXHjRklS27Zt3ZaZO3euvvrqK0nSzJkz
NWjQIHuGiNy5cztd4V+4cGGX9cuWLSsfHx8lJCTozz//9NiWhx9+WPfff7/H5SVLllStWrXs52fP
nnUp4zhl3ksvvaSyZct6rC9fvnx65plnPC6XpE8//dR+PGDAALcziSRr2rSp6tWrJ+najT9+/fVX
j2UzY18XLFhgP+7Xr1+K++rr66snn3zS4/K0yuzjmxW6dOmiHTt2aMeOHRozZkyKZR1vG37kyJGs
bprmzZtnP+7fv78KFSrksay/v7+effZZ+/nWrVudlmf1e067du1UpEgRj8srVarktM0nnngixfKO
5/OxY8ecPm8AICdxCdCOb4bz58/Xnj17PK7crl07DRo0SIMGDVLTpk2zpoUZ0KpVK/txXFycDh48
mGX1xcbG2rexlq6Fo9SUKlVKXbt2tZ9v2rQpxfIpfTBlxLZt2+zHyeHPUXR0tB1C2rZtqx49eriU
OXfunP3Y3XRZefLkUd26dSUpxQCdUphIVqxYMfvx5cuXnZbFx8dr7dq19nNPXwjSKjY2Vt988439
3PEccCdXrly677777Oe7du3yWDaj+xobG6t169bZz9u1a5dqfRmV2cc3q5QvX161a9dW7dq1U51y
03GquIsXL2Zpuy5fvqwVK1bYz9PyhfiRRx7RtGnTNG3aNFWvXt3++414z0kLx44Hxy8j7vj5+Tk9
J0ADyKlc5oHu0KGDKleurCNHjujs2bNq2LCh+vTpo/bt26tOnTq6/fbbs6Od6VK4cGHdfffddi/g
0aNHVb9+/Syp7/Dhw/aHgY+Pj9MHXUoaNWqkzz//XJJzkL2Rkr8kBQYGqnz58i7Lly1bZt/O++WX
X3Y7T3J4eLgkKSAgwOMvF2XLltWvv/6q6OjoDLXXcfvXzw186tQpRUVF2c+rVq2aoW1d30sWHR2t
P/74I8V1HOfFPXr0aIa2n9K+njhxQnFxcfbzatWqZWhbaZHZx/dGSUhI0MGDB3XkyBFdvHhR0dHR
9vFM6QtdZvvzzz+VkJAg6dp5EhgYmOo6NWvWVM2aNV3+frO85zieo6nNG379HNDXn9MAkFO4BOjC
hQtr8eLFeuqppxQaGqqoqCh7mIaPj49atGihVq1aqVWrVjfkAzujKlWqZAfeyMjILKsvIiLCqUxa
b4Dg2Dt28uTJDLcvPfbv3y/pWhhyd5ODlStXSrrWe+Tpl4bkAJ1SIEj+cL1y5UqG2psSx3CXN29e
BQQEZKi+8+fPOz1v0qSJ0fopDRvKKMfzz8/PL803ysiIzD6+WS08PFwzZszQxx9/rGPHjmV3c5zO
hzJlysjbO9V7WXmUk99zACCnc/vuXb16dW3evFkLFizQ5MmT7R63hIQErVixwv4JsmPHjhoxYkSG
enWzmmNvaGxsbJbV59irmpaf5pP5+vraj68PazfKX3/9JUlux7ImJCRo6dKlkqSWLVt6/JA+ffq0
JKX4c/mNCNCOr4m/v3+G73qW0XMmM845Txx7xm9UkM3s45uVNm/erEcffVRhYWH234oWLaq6desq
ICDAPh/Dw8O1atWqG9Imx18MMvprXk5+zwGAnM5j94evr6969Oih7t27a9euXfr111+1adMmrVy5
UmfOnJEkLV26VEuXLtX06dPVp0+fG9ZoE47jRtNzW9y01pc/f377sUlPt2MIyqoxzqk5deqUJLm9
OC4sLMweF1qjRg2PdSQP8UjpQszkn65vu+22dLc1NY7DJy5evCjLsjIU8hxv316yZElNnTrVaP2s
fE1v5NjdZJl9fLPKsWPH1KFDB/u4dOvWTQMGDFCtWrVchiBt3LjxhgVox+Pn2IOcHjn5PQcAcrpU
fz/08vKyx+D16tVLV65c0ebNm/XOO+9o9erVkqTnn39e9erV01133ZXlDTblOAY1M8Zve6rPsQfo
6NGjio2NTVNgT+65la4FtOzkbmxzcriW3PdQS5JlWfY4UseL3q6XHLKzcj8dX5O4uDhduHAhQ72z
jvVdvHhRHTp0yNDP7pnJsW2XLl1SRESEUU9kRreZGcc3q0yZMsUOzz179tSMGTPcnt83muPxO3Hi
hBISEpy+pJn4N7znAEBOZfyJctttt+m+++7Tt99+6zRjg+NMBckcg0ZSUlI6m5h+Fy9eVEhIiP28
cuXKWVZfYGCg/dNoXFycdu/enaY6HaeRyq6hMMkfuu5eI8eeLU9fQCIjI+2xnUWLFnVbJjo6Wtu3
b5cktxcqZpYyZco4jQXet29fhuorV66c/TguLk579+7NUH2ZqVy5ck4/xyePZc9KmX18s4rjVHs9
evS4KcKzdO09IzkwJyQk6PDhw6muY1mWkpKSlJSUJMuy7L/n5PccAMjpnD5VQkND1bBhQzVs2FD3
3ntvildIFyhQwGl+V3fzpzpOWeRuDtvrZXbIXrNmjVNbUpsjNSP15cuXTw899JD9fPHixanW9/ff
f9tzK0vXro7PDsk/KycPsXDk+IHtbrl0bR7pZJ4uZNu6dasSEhIUGBioO+64IyPNTZGPj4/TVHOO
U4Z5ktJ5FxAQoGbNmtnP3X1RzC758uVz2tfly5enuo7j65kemX18s0JsbKz9a4fkPNTBHcdxyVkt
f/78at++vf18/fr1qa4zffp0eXt7y9vbW2PHjrX/npPfcwAgp3MK0CVKlFBISIhCQkK0YcMG7dy5
M8WVHT8Y3f107Nh798svvyg+Pt5jXevXr091ejBHGzdudJp7+Hrx8fH64IMP7OdPP/10ijeGyYz6
unfvbj+eMGFCqr1L48aNsz+869evr3vuuSfF8iYce/8TExNTLJv8M667WQocf573dJOJjz/+2H7s
6efo5A/tLl26ZPmY2S5dutiPJ02alOJMA1FRUamOa+7Vq5f9eNy4can2QsfHx2v48OE35KYcjz/+
uP148uTJTj/PX+/SpUuaOXNmhreZ2cc3rdJ6TufJk8epZz40NNRj2ejoaL377ruZ0r606tatm/14
4sSJKc7UcuXKFX3xxRf28+S51JPdTO85AHArcQrQxYsXd7rr1aBBg5yuYHd09OhRTZ482X7u7o3Y
cVL9Y8eOadKkSW57tX/55Rfju5UdPHhQzz33nH1Bo6P4+HgNGzbMabiFu5t/ZHZ9zZo1s29mEBMT
o27durkNF5ZlacaMGU6B/M0330x1DlUTjr3/Bw4cSPEis+S7g/3+++8uyxx7i7/44guXOZxXrlyp
iRMn2s/dBbjQ0FDNmjVLkvTcc8+lcQ/Sr23btqpdu7akawGuV69e9jR7js6fP69nnnkmxZudSFKn
Tp3UoEEDSdde10cffdTj0IVz586pR48eeuedd9SkSZNUv4RmVIcOHeyLOy9evKiePXu6/bXn7Nmz
evrpp9P8M39KMvv4plVaz+lcuXI59cyOHDlSBw4ccCl34MABderUyenGMBmd6nLZsmUaPny4vvzy
S4+9/e3bt7fPpwMHDujFF190mh4wWWxsrAYPHmzfJbR+/fou00jeTO85AHArcbkaavTo0frpp5/0
119/ae3atQoODtazzz6rRo0aKSAgQOfPn9eOHTs0bdo0+02/Vq1abu+CVapUKfXq1csOT4MHD9bq
1avVqVMnFSpUSOHh4Vq5cmWafgZ25/vvv1e9evXUq1cv1apVS76+vjp+/LjmzZtnf+gkbze1O2Rl
Rn25cuXSxIkTtXPnTh0+fFghISGqV6+eevfurbvuukv58+fX6dOntWjRIqef21977TW1bt06XcfA
k6CgIOXNm1dxcXGKi4vTgw8+qG7dusnHx0eBgYFOX3iS5/M+cOCAzp0753RlfqFChfTUU0/p888/
1759+9SjRw+98sorypcvn5YtW6YxY8aoRo0aKlKkiNatW6cZM2aoQ4cOqlChgiRp586d6tatmxIS
EjR8+PA03Tgio/Lly6cJEybYdwRctWqV6tWrp+eee05VqlRRYmKi9u/fr9mzZ6dpaFHevHn18ccf
q0mTJjp//rz27dununXrqm/fvmratKn8/f0VERGh7du3a+bMmfaXzgYNGig4OCiGymMAACAASURB
VDhL99XX11cfffSRPcxkxYoVqlu3rtO+7tu3T7Nmzcq0Kcsy+/imlck53a9fP7vn9tixY6pbt66e
eeYZBQUFKS4uTqGhoVq4cKHLNqKiohQVFeVyx7y02Lp1qzp27Gg/L1iwoNs7NebJk0cfffSR7rvv
PsXExGj+/PkKCQlR3759VblyZfn6+urgwYOaPXu23Xvu7++vmTNnKk+ePE513UzvOQBwS7Hc2L59
uxUYGGhJSvVfrVq1rMOHD7urxrIsyzpz5oxVp06dVOt5+umnrTZt2tjPly5d6lLXpEmT7OUdO3a0
OnXqlGq9nTt3tmJjY922LbPrS3b48GGrdu3aaTp+I0aMsBITEz3WNW3aNLts9+7dU9zu9YYNG+Z2
m1OnTnUqt2fPHnvZggULXOoJDQ21fH193dZVtGhRa8eOHdbq1avtv/n7+1tdunSxWrVq5XTc4uPj
M2UfW7dubZdfuHChx3Kff/55qse/Xr161pAhQ+zn3bp181jfzp07reDg4DS9rr1797aioqJu2L7O
nz8/Tfs6ffr0FLe/Y8cOp3VSOjcz6/iabDOt57RlWdbMmTNTbV/lypWtb7/91ulvoaGh6Wrj119/
7VRmypQpHvfDsixrxYoV1u23355qGwMDA62QkJAU68rM95xx48Y5ncepad68uV3+u+++S7HsqVOn
nNry999/p1o/ANyM3F6aXqdOHW3atElvvfWW0zhmR8HBwRo/frw2btyY4uwWxYoV05o1a/Taa6+5
7dWpVauW5s2bp9mzZ6tEiRIe67lekSJFtGDBAs2ZM8ftHRGDgoI0depUzZ8/32nu1RtRX+XKlbVx
40Z99NFHbudO9vHxUZcuXbR58+Ys/Rl15MiRGjp0qMu45OuH0VSrVs3uTXScvSBZzZo1tWzZMpfX
uVWrVlq/fr1q166tFi1a6LPPPlPJkiV18eJFLVq0SD/++KP8/f311ltvae7cuVk6/7M7Tz75pH77
7Td16NDBZVnx4sU1ZswYrV692qlXPKXZGmrUqKHffvtNEyZM8Hjb5IYNG2rRokWaPn16imPuM9sT
TzyhrVu36oEHHnBZVrJkSb3xxhtas2aNPVwnM2T28U2LtJ7T0rWx6+vXr1fLli3dtm/kyJH67bff
9OCDDzr9UrBp06Z0te2+++6zZyYKCgpyuljQnTZt2mjnzp36z3/+43YO9uLFi+uNN97Qli1bdPfd
d6dY183yngMAtwovy0r5svyrV6/qzz//1NmzZxUTEyNfX1+VKlVK5cqVM74YLDo6WgcOHFBERIR8
fX1VokQJlS9fPs31TJ48Wf369ZN07eKZOXPmSJIsy9KRI0d05swZJSUlqWjRorrjjjtSna83s+tz
x7IsHT16VOHh4YqLi1OhQoVUvnz5G3Lb5WTh4eE6cOCAkpKSVKxYMQUGBrqE2Xnz5tnj0Ddt2uT2
6vz4+Hjt2rVLkZGRKlWqlIKDg11eu6ioKO3fv18RERHy9/dXlSpVbmiQ9OTUqVM6efKk4uLiVLhw
YQUHB9s/h48fP14DBw6UJA0YMEAffvhhqvVZlqVjx44pPDxcly9fVv78+VW2bNkU78R4oyTva3x8
vAoXLqygoCCXn/6zapuZdXxTk5Zz2tHp06d1/Phx+5jccccdmXJjpevFx8fr9OnTKlGihFH98fHx
OnLkiC5cuKCkpCQVKVJEQUFB6Zoj+mZ4zwGAf7tUE2GuXLkUGBiYKWNX8+fP73IVeWbw8vLKtDZm
dn1eXl6qVKmSKlWqlAktS59ixYqleIMTSXrooYdUrVo17d27V4MGDdL69etdQleePHlSvVmOn5/f
TTm3bOnSpT2G2z179tiPy5Qpk6b6vLy8VLFiRVWsWDFT2peZUtrX7Nhmeo5vatJyTjsqVapUinfJ
zCx58uRJ1zmRJ08et798pcfN8J4DAP92N8fdBZDtChYsqEmTJkmSQkJCNGjQoFSnv7uZxcXFacGC
BamWS77AKllqP5XjGo4vAOBWRoCGrXnz5hoyZIika7dCHjBggMu0dTlBUlKSBgwYoCeeeEKjRo1S
bGys23KXLl3SCy+8YM8m07BhQwJeGnB8AQC3OgI0nLz11lvq3bu3pGtjxBs0aKAVK1akqTc6PDxc
P//8c1Y3MVXnzp2zp+x688031bhxY02fPl1bt27V4cOH7enmGjVqpCVLlki6NlXd+++/n65x7rca
ji8A4FbHpxmc+Pj4aOrUqQoODtbQoUO1e/dutWvXTuXKlVPXrl111113KSAgQIULF1ZiYqIiIiJ0
6NAhbdiwQYsXL1alSpW0a9euDM+2kBHFixfXDz/8oK5du2rv3r3asWOH+vbt67G8v7+/Pv30UzVu
3PgGtjLn4vgCAG51BGi4yJ07twYOHKg2bdpo/Pjxmj17tk6cOKH3338/1XVr1aqlqKgo3X777Teg
pZ5Vr15dmzdv1meffaZPP/1U27Ztc1uuT58+GjRokNMdF5E6ji8A4FaW6jR2N5Pjx4/bt6n19/fX
nXfeeVPV928VFhamn3/+WVu3btXevXt1/PhxRUZGqkCBAipdurSqV6+uunXrqnHjxjfkToPpcezY
Me3fv1/h4eG67bbbVKJECdWqVYupvTIJxxcAcCvJUQEaAAAAyG5cRAgAAAAYIEADAAAABgjQAAAA
gAECNAAAAGCAAA0AAAAYIEADAAAABgjQAAAAgAECNAAAAGCAAA0AAAAYIEADAAAABgjQAAAAgAEC
NAAAAGCAAA0AAAAYIEADAAAABgjQAAAAgAECNAAAAGCAAA0AAAAYIEADAAAABgjQAAAAgAECNAAA
AGCAAA0AAAAYIEADAAAABgjQAAAAgAECNAAAAGCAAA0AAAAYIEADAAAABgjQAAAAgAECNAAAAGCA
AA0AAAAYIEADAAAABgjQAAAAgAECNAAAAGCAAA0AAAAYIEADAAAABgjQAAAAgAECNAAAAGCAAA0A
AAAYIEADAAAABgjQAAAAgAECNAAAAGCAAA0AAAAYIEADAAAABgjQAAAAgAECNAAAAGDA27Ks7G4D
AAAAkGPQAw0AAAAY8Pby8sruNgAAAAA5hndiYmJ2twEAAADIMbyPHj2a3W0AAAAAcgzvgICA7G4D
AAAAkGN4XblyhWk4AAAAgDRiFg4AAADAAAEaAAAAMECABgAAAAwQoAEAAAADBGgAAADAAAEaAAAA
MECABgAAAAwQoAEAAAADBGgAAADAAAEaAAAAMECABgAAAAwQoAEAAAADBGgAAADAAAEaAAAAMECA
BgAAAAwQoAEAAAADBGgAAADAAAEaAAAAMECARo6wbftOFS4SZP+7ciUhu5sEAABuUQRoAAAAwIB3
RlY+evS4du/ZL0kqUKCAmt3XOFMaBQAAANysMhSgt23fqd59BkmS7m3SkAANAACAfz2GcAAAAAAG
3AZoy7IUH38lyzaakJCoq1evpnv9zLiALDExUZZlpWvd+Pgr6Vo3KSkpXW1P73pZJTExUUlJSRmq
I7X9SUzM2DkCAACQVbyfevoF3VktWMOG9tf6nzdr3rwv9dOaX3T5crSCgwPVpXNH9e7VTfnz57dX
em342zpx8pSWL//J/tsvG7boqadfkCR1e6qzWrdq5rShEydP6bPPvtLyFau1b98h5c2bR3Xq1NBD
D7bT4491UoEC+Z3KHzhwWG++/aEkqWyZUhr9+hDNmDFXcz75QidPntLE8W+rW7fOKe7c3r0H9c57
EyRJ1e+sogH/eV7zv/haCxZ+p23bQuWbL5+a3NtAz3Trqtatm8nLy8ttPfHxV/TD8tVaunSlftkQ
ooiISypY0E93311PHTu00iOPPKC8efO4XffcuQta+OV3Wr7iJ4WEbLu2P2VL6/7mTdSpUzs1uadB
htfbtOk3TZvxqSSpapUgDX/tP051JSYmqliJapKk7s89oXHvj3ZaHh0To+f7Dra/FEya+I78/Qs5
lTly5JgWLPxOK1b+pH37DsnHx1vVq1dV+3Yt9MTjj6hEiWIu+2D6Gl65kqBFixbri4Xfatu2UPl4
+6jJvQ3Uo/uTLu0BAADILl4FClawmtzTQI0a1dfY/05yW6hli6aaN3eK8uS5TZLU/oEntGXL7x4r
nfzRu3riiUfs58u+X6W+fYcoJjbWbfnqd1bR559PU7mype2/bdu+Uy1bPSpJCgqqrIYN7tLceV/a
yz8YN0bPPft4iju3desOtW7bVZJUteodqlSpgn74YbXbsv369dToUYNdQvTff4erZ+8B2rx5q8ft
NGhQT/M/m+YS8nbt3qenur2gkydPeVy3d69ueuvNYfL29k73eif/Oq1ate+TJBUu7K99ezbJx+ef
+kJ37lGz5p0kSb758unY0W1O29u+Y5datLz2etWpU0NrVn/jtK3587/W4FfHKC4u3m1bChW6XdOn
va9WLe9z+rvJaxgdHa3ez7+iFSvWuN1Gk3saaMPGEPv536f36LbbfDweHwAAgKziLUkbNoZow8YQ
BQcHqm2b++Xl5aXVq9fbM2ys/ulnrVy1Vg92bCNJerhTezW9t5HeG/uRU2VDX31Z0rWwlGzDxhA9
82w/+3mTexqoWbPGunw5RosWLdZfp8K0e89+9Xn+FX33zadue3IPHjyigwePOP0td+7cRju6b98h
7dt3SHVqV1ezZk2UmJioZd+v0tGjJyRJkybNVq2ad+rhTu3tdRISEvV838F2eK5cuYJ6dH9SJUsW
15EjRzV5yseKiLikkJBtGvPGOE0Y/5a9bnR0tHr0/I8dglu3bqbOj3aUb7582vr7Hxo/Ybokaeas
z1S5ckX16vlUutcrW6aUateqrj9Cd+vChYs6fPhPVa0aZLdl06bf7McxsbHauWuf6tapYf9t9+59
9uPrQ/Cy71epX//X7Of169dRq5ZNlZCQqCVLV+rAgcOKiLikxx7vrVUrvlT9+nXcHv/UXsNxH0xz
Cs+NGtVXo4b1FRkZpcVLVjiFZwAAgOxkd0P26vmURr8+RPny5ZUkvTLoBXV9rJc2bvpVkrRu3UY7
QPfo/qQkqVKl8k6zcAwZ/JJT5fHxVzR4yBj7+aCBL2joq/3s4PR8n2fUpWtP/RG6W7/+uk0/LF+t
Rx7u4LahZUqX1OjRQ3TXXbVV6PaCypXL/PrHfi/10GvDBtg96YMG9lXv5wdp1ap1kqT/vj9ZHR9o
bffO/vrrNv2yYYuka72sy5Z87jRUoU6dmnrk0eckSfM+W6RhQ/urePGikqSNm37T4cNH/1euhj79
eJK93TZtmqts2VIaOGiUJGnSpFnq2eNJeXl5pXu9li2b6o/Q3ZKkXbv3OwXolSvXOh2HjRt/dQrQ
v28LtR83aFDPfhwZGeX0+vV7qYdGjhhkH59+/XpqwICR+vqbZZKkwUPG6KfVXzv1bjvy9BqeOHlK
Ez+aaZd7dUg/DX7lRXv5iy/2sHvYAQAAspuddEYMH2iHZ0nKly+vunTuaAfog4eOuK6divXrN9m9
jhUqlNPAAc879ToWKVJYAwc8r6efvRa8Fy9Z4TFAf/LJJNWrW9O4DY6GDOlnh1FJ8vMroFeH9LMD
9MGDR7Rr9z7VqX0tXBYtGqCpU/4rSfIvdLvLON8m99wtHx9vJSQkSpL+OhVmB+jz5y7Y5SpVLO+0
XUlq17aFwsLO2M9jYmOV39c33es1aHCX/bft20PVpXNHSVJY2Bn7NUy2ctUavdyvp6RrF4z+/PNm
SZKPj7e975K0fMUahYefkySVKFFMQwa/5BSO8/v6avTrg7Vk6QolJCRq56692rT5NzW9t5Hc8fQa
/vTTz/bjMqVLqv/LvZ2+IJUtU0ojhg/QW2+Pd1svAADAjWSnIT+/Ai4LixQJsB9fvHjJuPLNIf+M
G37ggVZOAT1ZrdrV7ccbNoQoMTHRbQ9mRsOzdC3wuWy/5p2qfmcVe7jK/v2H7RAZHByo4OBAj/V5
e3vLz89PFy5clCRdvnzZXla+fFn78dJlK3XvZw318MPt7IsxixUromFD+7vUmd716tSubof59f8L
xJK0JeTaWHUfH2+NfW+UBg4apZCQbTr512mVLVNKJ078ZQ8Xuf/+e1WwoN8/62755/Xr9lRnpwtJ
k5UqVUIPd2qvLxctkST9+ut2jwHa02v4R+ge+/Fjj3VyO4zn3iYNJRGgAQBA9kvxRiqOF9SlZ9oy
xzGvkybN1onjf7mUib/yz3R5kZFRunw5WoUK3W68rfTy8vJS1apBdoAOP3PWpcyFCxe1cuVabdgY
op279iosLFwRESl/oWjQoJ46PdRO3y1eroSERPUfMFwjX39PLVs0VePG/6cGd9dTlSp3ZNp6hQrd
rubNm2jVqnU6ePCITp3+W6VLldCatRskSa1aNdMDHVrZwz+2bPldZTt31J49B+w6mt13j1OdBw/9
aT+uXLmix32tEvxPe/7881iKx8Wd48dO2o8rOHyBcOSVjiE7AAAAWcFbUpYF1nMOwxEkacnSlamu
42mmh6yUPOxCujalm6N16zfppX5DnYZNpEXu3Lk16aN3FRwcqI8+mqWY2FhFRkbpm2+/1zfffi/p
Wq/q0Ff7OQ2/SO96knRf08b2cJTdu/fJv9Dt9qwjbVo1U0BAYbVr10LLl/+kNWt+UZfOHe1x05JU
v35tp/rOnTtvP/b393yOFC1WxH58MSLS6DhJ0qVL/6zDdHUAAOBm5y3J7dCKzHD9+N3Rowanuo6v
b74saUtKIhwCnOPwgcOHj6pbtxfs6feee/ZxPf10F5UpXVJ+fteGOlSqfJfH6fl8ffNpyOCX1KP7
E/r11+3auOlXrfpxnT3zxy8btuiXDVv0xefT1aZN8wyv5zgDxh9/7FZ+X19FRkZJujarhSS1bd1c
y5f/pB9+WK3o6Ght/t8wjSJFCqta1WCn9jsO54iOdv5i4XT8HHrj/Qq4DvNIjW/+f17z67/AAAAA
3GxSHMKRUaVLlbQfjxg+QC+/3CsrN5dujkMIHMd9f/X1UjscP/RgW73/39ddZv/Imy+vxwCdLLnn
t127Fnr7rde0a/c+vfveRLu3eOhrb6l58yYu8xqbrndntWAVKVJY585d0JYtv9t38qtXr5YqViwv
SbrnnrslXbv4cPVPv9hT9LVtc7/L9itWKKcdO3ZJkk6dCvO4f47zVZd1mMs7rRzPk7//DjdeHwAA
4EbK0oGld99d1378+fxvFB0d7bFs8kwWWcnd7bdPnDzlNMdwFYeLBvftO2Q/vvfehi7h2bIs+wLC
6304fprefW+i3n1vok6d/tv+u5eXl2rWqKbxH7z5TxtO/KW/z4RnaD3pWo9/69bXeqR/2bBFEybO
kCQ90L6VXaZ8+bK6++5rU9W9Nvxt++/JwdpRcjlJ+uqrpW7HwUdFXbaHlkhS/btqu5RJTa1ad9qP
ly5b5fZ12r/voHG9AAAAWSFDAdpxiMbZc+dclrdr20K++a79PH/s2AlNmDjL7hVNdvXqVc2a/bn6
vjBYMTEp9+Rm1Lff/eD03LIszZ79uf28TOmSqlXrn1lBChT4Z9aO0NA9LsFuwcLvrqvvn8fbd+zS
++Om6P1xU7RqlfM8zJJc7niY57bbMrReMsdbfCd/KbmnifPtwtu3ayHJubf3rnq1XLbVvl0L+46G
O3ft1dfffO9SZs7H8+2x7qVKFlfTpg1dyqTm/uZN7Me///6Hy90I4+LinW7mAgAAkJ0yNISjRPF/
5kXet++QRox8V3Xr1lSZ0iX1f/9XVyVKFNPrrw/Wq0PfkCR98OFU7dy1V48+0kH+/oUUHn5OS5as
0Or/zQNcoUI5jRg+ICNNSlGv3gMVGrpHjRrWl2VZWrJ0hRZ9tdRePmDA805fCu69t5EWfrlYkjR3
3pfy8fFR69bNFBcbp5U/rtP8+V871X856p9p7Lo/94SWL/9JkjTstbd0+XKMGjf+PxUJ8NfJk6ed
bhzSunUz+0LG9K6XrP5dzkG4VMniqlmjqtPf7r3XOeQGBweqQoVyLserVKkSGjF8kF4fPVaS1PeF
wdq9e5/uaXy3kpKStGLVWqdj8MYbQ91OdZeaqlWD9NhjnbTwf19Inuvxsl56sadq175TlyIitXDR
YuM6AQAAsopXgYIVrJIli2vPrg0uC1etWqfHn+wjSQoMrKjfQlY5LY+Pv6LmLTo5DXWQro13Hjig
r6RrPcxj/ztJ74+bkmJDGjWqr49nT1Sx/83osG37TrVs9ai9/MI585/wt27dodZtu9rPg4Iqu9xO
OtlDD7bVtKnvOwXo2Ng4de/Z3x5zfL1y5croxIl/puYb+94o+5bckjRp8hw7fHpSsWI5fb1ojj1G
OSPrSdd61Rvd014HDhyWJL34Qne9+cZQpzJJSUn6vwat7YsS/9O/j0aNHOR2OwkJiXp99FhNnzE3
xfa8PvIVvfxyL6cecpPXMDz8nDp36aFdDrcVd9Sw4V3asuV3+/nfp/e4jNkGAAC4ETI8hOPj2ROd
xspKchornCtXLg0b2l9LF3+mdg5DApIFBlbU2PdG6asv59jhOat8+/Uneuqpzk5tKFasiEaNHKQp
k8e6zBqSL19ezZ75oYa++rKKFCnstOyxrg9p2dLP9cqgF+y/rV3n/CWk30s99P3S+fYt0B2VLFlc
Qwa/pJXLv3QJweldT7o2xKNN639m5mja1PWmJrlz59bDnf6546PjWPXr+fh46+23XtOC+TP+dzMT
Z23aNNeyJZ+rf//eLsNLTBQrVkRfLZqjHt2fdJoJpVixIho9arAWLZzlcu4AAABkB68rV664XrFl
yLIsnfzrtKIiL8uvYAGVLlXC6ZbdjiIjoxQefk7x8VdUyP92lSpZPEPBKyXX90An94BGRFzSmTNn
lTt3bpUuXTJN0/jFxsYpLOyM4uLiVaJEURUu7G/UlsjIKJ07d0GxsXGpHqPMWC+rnDt3QefPX5CX
l5eKFSuSJXOIR0ZGKSzsjNHrAwAAcKNkSoC+WXkK0AAAAEB6cX9kAAAAwAABGgAAADBAgAYAAAAM
/KunNfD3L6Q+vZ/O7mYAAADgX+RffREhAAAAkNkYwgEAAAAYIEADAAAABgjQAAAAgAECNAAAAGCA
AA0AAAAYIEADAAAABgjQAAAAgAECNAAAAGCAAA0AAAAYIEADAAAABgjQAAAAgAECNAAAAGCAAA0A
AAAYIEADAAAABgjQAAAAgAECNAAAAGCAAA0AAAAYIEADAAAABgjQAAAAgAECNAAAAGCAAA0AAAAY
IEADAAAABgjQAAAAgAECNAAAAGCAAA0AAAAYIEADAAAABgjQAAAAgAECNAAAAGCAAA0AAAAYIEAD
AAAABgjQAAAAgAECNAAAAGCAAA0AAAAYIEADAAAABgjQAAAAgAECNAAAAGCAAA0AAAAYIEADAAAA
BgjQAAAAgAECNAAAAGCAAA0AAAAYIEADAAAABgjQAAAAgAECNAAAAGCAAA0AAAAYIEADAAAABgjQ
AAAAgAECNAAAAGCAAA0AAAAYIEADAAAABgjQAAAAgAECNAAAAGCAAA0AAAAYIEADAAAABgjQAAAA
gAECNAAAAGCAAA0AAAAYIEADAAAABry9No3K7jYAAAAAOYa3Dn+X3W0AAAAAcgyGcAAAAAAGCNAA
AACAAW+vK5HZ3QYAAAAgx/BOqtA+u9sAAAAA5Bhel2OuWNndCAAAACCn8PZSYna3AQAAAMgxvL2y
uwUAAABADsIsHAAAAIABby8v+qABAACAtPLOlYtOaAAAACCt6IEGAAAADND9DAAAABigBxoAAAAw
QIAGAAAADBCgAQAAAAOMgQYAAAAM0AMNAAAAGKAHGgAAADBADzQAAABggB5oAAAAwAABGgAAADBA
gAYAAAAMEKABAAAAAwRoAAAAwAABGgAAADBAgAYAAAAMEKABAAAAAwRoAAAAwAABGgAAADBAgAYA
AAAMEKABAAAAAwRoAAAAwAABGgAAADBAgAYAAAAMEKABAAAAAwRoAAAAwAABGgAAADBAgAYAAAAM
EKABAAAAAwRoAAAAwAABGgAAADBAgAYAAAAMEKABAAAAAwRoAAAAwAABGgAAADBAgAYAAAAMEKAB
AAAAAwRoAAAAwAABGgAAADBAgAYAAAAMEKABAAAAAwRoAAAAwAABGgAAADBAgAYAAAAMEKABAAAA
AwRoAAAAwAABGgAAADBAgAYAAAAMEKABAAAAAwRoAAAAwAABGgAAADBAgAYAAAAMEKABAAAAAwRo
AAAAwAABGgAAADBAgAYAAAAMEKABAAAAAwRoAAAAwAABGgAAADBAgAYAAAAMEKABAAAAAwRoAAAA
wAABGgAAADBAgAYAAAAMEKABAAAAAwRoAAAAwAABGgAAADCQ5gAdEhKirl27qkSJEipVqpQef/xx
/fbbbxluAPXmzHoBAABuVV6WZVmpFdq+fbsaN26suLg4p7/nzZtXmzdvVp06ddK1cerNmfUCAADc
ytLUAz19+nSXECZJcXFxmjlzZro3Tr05s14AAIBbWZoC9Lp169K1jHr/nfUCAADcytI0hCN//vyK
iYlxu8zPz0+RkZHp2jj15sx6AQAAbmVp6oEuW7asx2Xly5dP98apN2fWCwAAcCtLU4Bu1aqVx2Ut
W7ZM98apN2fWCwAAcCtL0xCOvXv3qkGDBoqKinL6e0BAgEJCQhQYGJiujVNvzqwXAADgVpZ79OjR
o1MrVLRoUbVv316XL1/W2bNn5efnpy5dumj27NkKDg5O98apN2fWCwAAcCtLUw80AAAAgGu4lTcA
AABggAANAAAAGCBAAwAAAAYI0AAAAIABAjQAAABggAANAAAAGCBAAwAAAAYI0AAAAIABAjQAAABg
gAANAAAAGCBAAwAAAAYI0AAAAIABAjQAAABggAANAAAAGCBAAwAAAAYI0AAAAIABAjQAAABggAAN
AAAAGCBAAwAAAAYI0AAAAIABAjQAAABggAANAAAAGCBAAwAAAAYI0AAAlxXCRQAAIABJREFUAIAB
AjQAAABggAANAAAAGCBAAwAAAAYI0AAAAIABAjQAAABggAANAAAAGCBAAwAAAAYI0AAAAIABAjQA
AABggAANAAAAGCBAAwAAAAYI0AAAAIABAjQAAABggAANAAAAGCBAAwAAAAYI0AAAAIABAjQAAABg
gAANAAAAGCBAAwAAAAYI0AAAAIABAjQAAABggAANAAAAGCBAAwAAAAYI0AAAAIABAjQAAABggAAN
AAAAGCBAAwAAAAYI0AAAAIABAjQAAABggAANAAAAGCBAAwAAAAYI0AAAAIABAjQAAABggAANAAAA
GCBAAwAAAAYI0AAAAIABAjQAAABggAANAAAAGCBAAwAAAAYI0AAAAIABAjQAAABggAANAAAAGCBA
AwAAAAYI0AAAAIABb8uysrsNAAAAQI5BDzQAAABggAANAAAAGCBAAwAAAAYydQy0l5dXptUFAAAA
ZJbMzLzesYuey7TKAAAAgH87r4sDxTQcAAAAQBp5X82TL7vbAAAAAOQY3nQ/AwAAAGnnbV39J0Jn
JExz+SAAAABuZpmVdb1V9SG3CwAAAIB/k8zKul4RERF2GM+M6T2Yyg4AAAA3k8zOuN5JSUkZrhAA
AAC4VXj75M6T3W0AAAAAcgxu5Q0AAAAYIEADAAAABgjQAAAAgAECNAAAAGCAAA0AAAAYIEADAAAA
BgjQAAAAgAECNAAAAGCAAA0AAAAYIEADAAAABgjQAAAAgAECNAAAAGCAAA0AAAAYIEADAAAABgjQ
AAAAgAECNAAAAGCAAA0AAAAYIEADAAAABgjQAAAAgAECNAAAAGCAAA0AAAAYIEADAAAABgjQAAAA
gAECNAAAAGCAAA0AAAAYIEADAAAABgjQAAAAgAHv7G4A0iYsLEy7du/WiRPHFRkZJR8fH91+++0q
VaqkqlapqlKlSsnLyyu7m5ktIiIiFBoaqiN//qmIiAjlzp1bBQsWVPny5VSjek0VLVoku5sI5Hgx
MTFKTExUwYIFs7spuElZlqUjR/7Uvn179depU4qJiVHevHlVvHgxBQcFq2rVqvL2vnVjx6VLl7Rz
5077s8rLy0uFChVSpYoVVatWrVv6/9bly5e1/8ABHTp0WBcvXlBsbKz8/PxUuHBhVQkO0h13BClP
njzZ3UwnN/2ZfOnSJX3w4Xht3rJFkvTx7FkqV65cNrfqxjlw8KBmzJihFStXpliuSZMmeu7ZZ9Ww
QYMb1LLsFxERodlz5mj+FwsUFxfrsVynhx7S83363FLnTWoiIyPVvWdPRURcsv/20YTxqlatWja2
Kms92qWrIiIi0r1+hQrlNHvmrExsUc5x/PhxvTZiuMqUKat3335buXL9u3+8jI2N0QMPdsq0+jo+
0EEv9+uXafXdjLb+/rumTJmiX3/7zWOZOwLvUJ8+fdSubZtbqsPn1KlTmjtvnhZ99ZXi4+PdlsmT
J48e69pVzz77jEoUL3GDW5h9Tp06pYVffqmFX36py5cveyxXsmRJPfH44+rSufNN80XDKzLispXd
jfAkNDRUI0aN1OHDR+y/Lf/+B1WsWCEbW3XjfPX1V3rjzbeUmJiY5nV69+qlF194QbfddlsWtiz7
bf39dw0fMUInT55MU/mCBQtq1IgRat++fRa3LGf44MMPNXvOHKe/LVq4UDVq1MimFmWtmJgY1atf
P0N13Hnnnfp60aJMalHOsXbdWg0fMdL+8vH6qFF6rGvXbG5V1sqM88XRs888o1eHDMm0+m4mCQkJ
+uTTTzV+woQ0r/PoI49qyOBX5Ofnl4UtuzmsX79ew0eO0IULF9NUvnix4ho1aoSaN2uexS3LfouX
LNG7772nyMjINK9Trlw5vTFmjO7+v//LwpalzU3ZjZCYmKi58+bpqaefdgrPt5IvFy3SqNdHG4Vn
SZo5a5YmTJwoy7ppvxdlWGhoqPq+0DfN4Vm61uP6ypAh+mH5iixsWc6we/dul/D8b3fu3LnsbkKO
Y1mW5s6bpxdf6ufUcz/xo490/vyFbGwZbiZTpk41Cs+S9PU3X2vosGFKSEjIolbdHGbPmaO+L76Y
5vAsSWfCz+jFl/pp/hcLsrBl2cuyLE2eMkXDXnvNKDxL0okTJ9SzV6+b4rP8phvCcSb8jN588y2t
Wbs2u5uSbQ4cPKjRY8Y4/e2OwDvUq2cP1atXT4UDCutq0lWdPXtWv2/bpjkfz9HRo8fssp98+qn+
n737joribNsAfgG7LEQQGyhgb6gg9t5j78YuWGMvyRu7ib1rNEZFrIlGjV0TNSbWJPYuNixYMXYR
EASk8/3h58AszLJD2dldrt85OYdndma9986We2aeUr16NbM8gw0ODsFX//sfIiOjhG1ly5TF4EED
UaVKFRQoUACJiQkICnqLi5cuYd1PP+G///4T9p0ydSpKly4Ft7JllQhfcXFx8Vi0eLHSYRhckFYB
Xb9+feTLl0/Wc+SXub8pS0xMxMpVq+C7cqVoe7169TBtyhTkz2/eubC0skSHDh0ydGxiYiIOHDiQ
xREZp2N//401a9eKtjVp3ARevXqhXLlyyJ3bHtHR0Xj8+DH27d+Hbdt3CPv98++/WLtuHUaOGGHo
sA3i0OHD+GHJEtG2ypUro7eXF9zdPZA/fz4kJSUhODgE/v438evWrbhx44aw75y5c1CgQH60bNHC
0KFnuy1btqT6bnF1dUW/vn1Qo0ZNuDg7w8bGBpGRkXjy5AlOnT6NTZs3C1084uPjMW78OOTN44C6
desq8RIAGFkXjtOnT2PqtOl49fqV5D45oQvH+IkTRV/AjRs3xsL58yX7/YSGhmL8xIk4c+aMsM3T
0xNbNm82uwEby318sGr1aqHdvFkzzJs7F3Z2dmnuHxwcgm9Gf4PLV64I21q3aoUlP/yQ7bEao127
d2Ha9BlpPmbOXTgOHjqEMWPHCu0/9u9D6VKlFYzIeCUmJuKHJUuwfsMG0faRI0Zg6JChUKvN6zsl
q23ZshVz5s0V2nny5MG6Navh4WFen63omGh80bkzAgOfCNtGjhiB4cOGwcrKKs1jDh0+jNFjxght
lUqFg38eQOHCRbI9XkN6+PARenr1EvXpnTB+PPr07i35mxwfH49fNm4UFd25c+fGH/v3wcnRKdtj
NhQ/v6vw7tNbtO2LTp0waeJEnX2bnz9/jilTp+L8hQvCtnz58mLP7t2K9Rk3ii4c0THRWLpsGQYP
HSoqnkuXLqXo2YUSXr56KSqeCzoVxOyZs3S+sfLmzYvZM2fCxsZW2Hbjxg08eGhe3V8iIiJEP+pF
ixbF7FmzJItnAMifPx/mzpkjGr178NAhvAl6k62xGqPXb15jyY/ybrWai9evX4vajgUcFYrE+K3f
sCFV8Txn9myMGjmSxXM6Ll+5IiqebWxs4euzwuyKZwDwu+InKp4bNmyos3gGgFYtW2LY0KFCOz4+
Hn//82+2xqmElat8RcXzxAkTMKB/f50XtFQqFQYNHIixKU4wwsPDsXnzr9kaqyHFxsZi4aLvRdu6
dumKWTNnpjsw0NXVFcuWLkXNFGMTQkJC4eu7Klti1YdRFNA+PitS3Qbq0rkLft20GRXKl1coKmWc
O3de1P7yywEoUCB/usc5Ozuja9cuom3+/v5ZGpvSbt+5IxrBPKB/fzg4OKR7XNGiRdGhvfh27P17
97M8PmPn4+Mr6star149BaMxrJcvXwp/FyiQ32hGcRubo8eOia6AqVQqrPL1RZfOnRWMyjS8e/cO
k6dMEW1buGA+qlatolBE2eva9euitlfPnjqL5086fyGe3eTSpUtZGpfSAgOf4K+DybNmeXp6wtvL
W+/j+/XtC3d3d6G9c9cuREVF6TjCdBz7+x9RN5Xy5cph4oQJet8pz507N+bMni36/t69ZzcC7t3L
8lj1YRQFdMopyOzs7PD9ggWYPWumXsWRuXn8+LGoXa+u/kVO1SriL2rtq26mLk8eB4wdMwY9undH
9WrVULdOHb2PrVjRXdQODdV/UIc5OHv2LPb8tkdo9+/XD00aNVYwIsN69uyZ8Lebm1uOmkJLX7fv
3MG3330r2rZwwUI0bpxz3ieZsXTZMtF4i6+/+gotmjdXMKLs9eLFC1G7rJ7jSgoXLgxHx+Q7QPfu
m9fFjEuXxdP4de3SWdadG7Vajc5fJJ+whoeH49q1a1kWn1KSkpKwZav4avrob76BnV0uWc9TpEgR
DB82TLRt9549EntnL6MooD+pXq0adm7fgfbt2+fYH7g8efKgYcOGKF68GDQajay5i52cxP2kQjMx
560xKlumLAYNHIgZ06dj86ZNsnLz2Wfibh4qtTqrwzNaHz5EiQYOFipYCEMGD1YwIsN79PiR8Hcx
zgeeSmxsLObOmysanDtt6jS0ad1KwahMx5kzZ7AjxRSH9erVw8Avv1QwouwXrTWfca5c+hVCFhYW
cCyQvLhVZKT03L+mKEDr7mb5cuVkP4d7BfGd9zt372YqJmNw7/59+PldFdqenp6oX79+hp6r8xdf
IFeuz4T23r17FblKbxQFtIWFBYYPG4Z169aa/QDB9Az88kusWbUKB//8C5cuXJR15qrRmvvZyswX
O5DjXah42q08efIoFInhbdm6FXcDAoT2uLFjkDdvXgUjMqzomGhRX00XF1cFozFOu3btFv24fdGp
E3r26K5gRKYjOiYaS378UWjb2Nhi6uTJZj8Xv/Z3iK5FMFJKSkoSjUFxdjavz6P2b42Dg/zfGu1j
5EzZaqzOnxd3T/2iU6cMXyjNnTs3OqaYJSciIgJ+fn6Zii8jjKLCGtB/AL7+6ivYaGyUDsWoyB2w
oz2fYk6YpF5fJ0+fFrXLlskZ09g9fhyIFb7J0wXVr18frVrlrKuKwW+DRe1ChZwVisQ4PXv2DD8u
Sy4AS5UqiQnjx+fYu4By7du3H7fv3BHaX40aiWLFiikYkWGUc3MTte8G6HeV9L///sPbFJ/JqlUq
Z2lcirMQl1VxcfLWcgCAuPhYUdsc5rHX7uvumckZn6pWqSpqX0/Rt9pQjGJItaureZ2BKiUkRHzm
W6RIYYUiMS6nT5/ByZMnhXbbtm2QL5/5X4H9OB3ZD6KBl+PGjtVroI850f7xKVSooPB3UNBb3PS/
geDgYERGRiFXrs9QuHARVChfPseMwdixc6eo68aUyVNy1B2azIiKisK6n34S2oUKFkL3bjnjyn3d
unWgUqmExb62btuOhg0apjsgTLu/atOmTbMtRiWk7J4CfJz9qGTJErKe4/Ur8SxR+l7dN1ZxcXE4
fyH5CrSNjS1KliqZqed0Kyc+gfO7elViz+xjFAU0ZY1rN8SjokuVzNwb1BxcvHQJ4ycmL6Gr0Wgw
dMgQBSMynMNHjogWJBoxfHiOXEDm9Rvxj1FBJ0fcu38P6376WXLBC41Gg04dO6Jvn76yf/xMSUhI
KLZtT17xrE3rVqhdq5aCEZmWP//6E8+fPxfagwYOlD0oylQ5F3LGsKFDscLXF8DHfuArfH0xauRI
ySL6jz/+EK2C2qxpM9G0ZOagdGnx/PIXL15Endq1ZT3HhYsXRO34+IRMx6Wk169fi07S69Suneke
B8WKFkeePHmEmaWuX7+GxMREWBqw6yoLaDMRGxuLw4cPC+18+fKibFk3HUeYlw8fooRbZZFRkXj8
OBCHDx/Bzl07RfvNnTMXZUqXUSJEg3r37p1oOrKiRYtiQP/+CkaknCCtAvqvg4fgs2KFcOUsLTEx
Mdixcyf27tuHbydNQvdu3cyyS8PxE8dFP2x9+/QF8PGK0YULF3D23DncvHkTL1+9gqWlJVycnVGx
YkXUqVMHNWvUMLuFmuSIj4/Hps2bhbajoyM6dszY6oWmavCgQbhz545wor5m7Vr437oFb69eqFCh
Auzt7PHhQzQePX6Effv2Yc9vvwnHlildBjOmTze7z1X1atVE7c2/bkb37t3grGfXsefPn+PXLVtF
20x92s2gIPFdwMKFM9/rQK1WoVixYkIBHRkZhZCQUL2m/c0qOffbz8ycO3dO1K+sS+cuZj+IJaWV
q1aLrmxoK1AgP2bNnIkmjZsYMCrlrPvpJ9GVsfHjxulccMacvXwlXtn0x6WpF5NxdHTE+/cRoik1
gY+F9IyZMxEeHo7BgwZla5xKOHzkiPC3p6cnPD09cfbsWSxavFg08PSTp0+f4sLFi/jp55/h4VER
Uyd/B09PT0OGbDQuXLiABw+SF6v6csCAHPcZs7a2xtw5c6CaMUN4L505c0a0Km5aPDwqYtHChWa5
JHyxYsXQulUrHDz0cS7oyMgoTJ48BcuXLUv3/fH+/XtMnjIl1feQfW7THs/0Lkw8bWxWdY/Ll1f8
/gkPDzdoAW0Ugwgpc+Lj47FqzRrRNu2FQ3K6MaPHoHEOmffY3/+maCW55s2aoennnysYkbJSzgGd
UutWrfDzunW4fPESTh4/Dr/Ll/DP38cwZ/bsVOMylvz4I44fP26IcA3m7dtg0diANq1bY/2GDRg4
eHCaxbM2f/+b6Nu/P3bv2Y2kpKTsDNUo7dfq/tPMzPry6svBwQGLFy1Cxw4d9drf3d0DG37+CcWL
m+9Ay1EjR4mK5XPnz2PAwEGimW5SSkpKwhU/PwwYOBAXLl5M9biLs2kPfI6JEQ+KzKoJDhwcxFfm
o2Ois+R59cUr0Gbg4MGDuJ5iVajevXujdOlSCkZkfL6bPBmnT5/CxIkT4eTolP4BJiouLg4LFi4S
2hqNBmNGjzG726RydOncGRGRkcJVMY1Gg7mz56BNm9aivFhYWMC5kDO6dO6Mz5s0wbgJE3D27Fnh
8fkLF6JGjZqi+UdN2cNHD0Xtm/438eeffwntfPnyounnzeDsXAhqtRqv37zB6dOnRFMCxsTEYOq0
6dBYa9C+fXuDxa600NBQ/PVXcq7q16+PwoVz5qDt8PBwLF/hg3379+m1/61b/pgwcRK+nTQRRYoU
yebolFGyZAnMnDETY8eNFbb5+9+Ed5/eqFq1CurUroOCBZ0+Tun3Jginz5wR/YY3a9oMx/4+JrRL
m3i3w/i4OFHb1jZrZlyz0yrEtf+d7MYC2sQFBj7BnHnzhLZGo0H/vn0VjEgZ1apWFc74P3z4gGfP
n+PMmTOipav/OngI9+7fxypfXxQubJ5f3Ht++w1X/K4I7VEjR5r1lR59NGjQAA0aNMDtO3ewd+9e
1KpVK90r8nnz5sXi77+HV29voWD877//cPTYUXTqqN+VNmP34P4DUftT8ZwnTx5MmjgBzZs1x2ef
iU8W4uLG48KF85i3YD4ePw4Uts+cPQvlK5RH6VLiAVTm6uy586I+9O3atlEwGuW8fPUSo0Z9JZrG
D/j4mfNwd4ednR0+fPiAR48e4uSp08JsEv8e/xfXb1zDyhW+qFSpkhKhZ7s2rVshMvI9Zs2eI3qv
+PldlbwSDQDe3l7w9KgoKqBLZXLGCqVZaY2ViI7OmivFkVqzkxh6gTQW0CYsKioKU6dNFc3/PHbM
6Bw5LWDjxo1TLTkcHRONo0eOYtEPPyAoKAgA8ODBQ4weOx6/rF9vNlcSP3n56qWof2/ZMmXh7dVL
wYiMS4Xy5VGhfPn0d/x/efPmxdgxY/DV1/8Tth3484DZFNAvXr5Itc3Z2Rm/rF8vucqnWq1C/fr1
sfXXLRj11Ve48v+LF0RGRuGHJT9i1f/PyGDuTp46KWrXqVNHoUiUExERgW9GjxEVz7169sCggYPg
4uKSav+wsDDs2r0Ly5b7ID4+HiEhoRgxaiS2/rrFbOfN7ta1G8qWKYuZs2alu5qgo6Mjxo4ZjQ7t
O4hmjipatCjKlDbtE1ONRjweKywsXGJPecLCwsT/jrUmS55XX+wDbaJiY2MxbcYMXL6SfLWxWdNm
6NWTBdMnNhobtG/fHtu3bhXNvOHvfxNbt23VcaRpWr7cR3QyNX7cONjamtdJgqE1bNAQzin6H545
czbVl7apSutH7PuFCyWL55Ty5MmDhQsWiGYHOH78OALu3cvSGI1RdEw0/kkxPaS7u7tZdwuT8vP6
9biRYvGKsWNGY9rUaWkWz8DHvtKDBg6Cz7JlwraQkFDMnT8fiYmJ2R6vUipVqoTt27Zh9cqV8Pbq
hfLlykGj+VjoFS1aFB06dMCihQvx14ED6NihI16+fInDh5MH97Zv187k5+7XXlnx/fv3WfK8IaHi
wYmGnq2EBbQJSkhIwPeLvseff/4pbHN1dcXUqZNz9LRSUlxcXLBw4QLRtk2bN+HDhyiJI0zP6dNn
sHdfch/EDh06oH79egpGZB6sra3RsEED0baUs5uYsshI8e3Phg0bppqCSxdXV1f06C5eNORSGgOg
zM3dO3dFC1vInePXHAQFvRXNelS9WjUM6D9Ar2MbN26MLwck73vq1ClFFsEwJGtrazRq1AhTJk/B
b3v24OqVK7h18yYOHzyIhfPno127dkIXxJ27dom6fLRo0VypsLOMk6OjqJ0V36Hx8fH477/k8Rg2
NrYGXyCNBbSJiYuLx6LFi7Fla/LiB3Z2dli65IcceRVEX+XLlUO7du2E9tu3wQgIMI+rZVFRUfh+
UfLAQTs7O/zvq68UjMi8aA8OS9mv3pRp9xds01r+Eu/a00LqM3uHqbtzV/wac+I0fufPnxMVeT26
d5d1lVR7wKm5zXCTHgsLizQX/Hj06DF+Xr9eaLdt0xply5j+4lcFCxaEjY2t0D5/4TxiY2N1HJG+
J0/+Q0hI8hXoSp4VDX6lnpcrTUh0TDRmzZqN3/fuFbapVCosX7YMHh6ZW1c+J6hVs4Zo5bmnT5+i
cuXKCkaUNbZs3Yr7D+4L7bi4OHh59073uMioSFF72IjhUKuS+6r5rvCBu7t71gVqonLlEs/dGhMb
I7GnabHLJV4xr5CeCz2k5OQkvrL06vUriT3Nx61b/qJ2yRKmPcArI7QHDWovq5ye0qVKiZYBv3rN
vK9A6yM2NhZz588TnZj079dPwYiyjrW1NWrWrCFMmxkZGYWHjx6hfLlyGX5O7ZP1KlWqZCrGjGAB
bSLCw8Px3eQp+Pufv4VtGo0Gy378MUfeQsyIvNqTrr+PkNjTtFy/fkPUjomJwes3r2U/T8qzeQBm
1y8xNjYWarVa9pR+2l0dNJlcgtZY5Mkj7pdoayP/dWn3sY+LNew0Ukq4eVNcQDs7F1IoEuUEvQ0S
teXO66tSqeDs7IynT58C+DjDTU73088/i6bNHDRwoFldGKtZo4Zo3nl//5uZKqCvXb8maldS4E4Q
C2gT8N9//2HMuPGiKx92dnZY4eODWjVrKhiZYT179gw3/f1xxc8Pr16+xAofH1nHR0eLrxxqNIad
8oYM7+ChQ/j772N4+PAR7gYE4NiRI7JnqXn6VLwQi6NjgawMUTHagwXfBr+V2FNaSGiwqG3IVcCU
EB0TjXv3k7t+lSpVMtVUfzmC1sI5GZl/N+UYlPj4hEyHZMpOnz4NnxUrhHaRIkXMbuVT7Zlq9u3b
j65dumZojYKIiAjs379faNvY2KJ69eqZjlEuFtBG7tLlyxg7bpwwDRsAuLoWxtIli83q7FQfw0YM
x8OHj4T2m6A3svp9BwY+FrUL5DePQqhyZU/kySN/adQHDx+KJu9v0riJaBCGnZ1pLx8LACHBIfjz
r4NC+9r1G7IK6Li4OJw6fUpo58r1GYqYyYIZ2gX0nTt38XkTeStWBgTcF7Xd3DJ+RckUvHn9RtQu
5yav64K5yJtPfKL0+k2QrLn1w8LC8PZt8smXq6t5fKYy4tq1a/hmzGjRtqmTJxt8RonsVs7NDe7u
7rh16xYA4IqfHy5cvIjatWrJfq79fxwQzTjVsUP7dJdJzw4soI1UUlISdu/ZnWoS9urVquH77xfC
OQP9FU1djeo1RAX0wYOH0E/PRWNiYmJw8NBB0bYyZUx7dadPBg3M2JWKLVu2igro4cOGomJF8zop
8/AQ9+HevXsXWrdqmeYAnrScPHUKL1++FNrNmzUXDYYxZR7u7nB0dBROzrfv2I7+/frrPT96UlIS
du7cIdpWs0aNLI/TmLx6Le4a5eRUUKFIlFVGa6Xb8+fPo1rVqnofn3KxJwDwrJgzx1rcDQjAV//7
GpGRyVfjJ02ciAZaM/+YA0tLS/Tp7Y1J334nbFu2fDkq//yTrO/UV69fYfWa1aJtXbt0zrI45eAs
HEYoKioKs+fMxrTpM1KNdF69anWOLJ4BoFHDhqL2ylWr9O47t3PXTlHxXbtWrRy54ExOU6FCBZQo
UVxon79wQbQEsy5hYWH4YckPom0dOnTI0viUpNFo8EWnTkL77dtg/LhsKZK0bs9L2bptOy5euiS0
q1atYnYnYNpeai0+4+Ag/86POahaRTzd4abNm0Unmrp8+BCFtet+Em2rXTvnLURz4eJFDBw0UHQl
vlfPHujbp4+CUWWvli1aiO7aXLt2DUuXLdd7vM2HD1GYOWu26I5827ZtFLsbzwLayDx//hxDhg7D
tu3JV3ZsbGwxd84cTJ82zexWz5Ojbt26okEH4eHhGDNuHJ49e6bjKOCPP/7AvPnieaAH9O+fLTGS
cVGr1Rj45UDRtqnTZ+DsuXM6jwsNDcXY8eNFy1XXq1fP7K6w9urVU3SreMuWLVi6bBmiY6SX2k1I
SMDOXTsxZ+4c0fZv/veNyS/4kJ7g4BBRO3funFlAly5dCp83SZ7CMDw8HKPHjk33uzg8PBxTp88Q
3flydnZG/Xo5a876ffv3YdDgwaKB261atsSECRMy1CfYVNjY2GL8+PGibRs3bcKixYsRHf1B57Fv
3wZjwsRvRVMe2tnZ4Zuvv86WWPXBLhxGZu++falub5UsURzXr99INduCPqZOMZ/FVaytrTF58mT0
HzBAuDJ/69Yt9PL2wpDBg1G/XgO4urpApVIhPDwcd+7exZ49u0V9YAHA29vLLG+RUdrat2uHv//+
B/8e/xcAEB39AQMHDcKXAwagbdu2KF2qFKytrZGYmIhXr17h7Ln3KoZIAAAgAElEQVSzWL1mrWiy
fzs7O0yaMNHsCsRCBQthzOjRmDFzprBt7bp1OHP2HHr26I7atWqigKMjrCytEBIaghs3bmLX7t04
deqU6HkmTpiAGgoM4jG0qCjx4ku57Q3f79JYjBw5Ev/8+6/Qvn79Orr16IF+ffuiYcOGKF6sGGxt
bRETG4OXL17h4qWL+GXjLwgMfCJ6nrGjx+SYgZihoaH4ceky7Nq9S7S9S+fOmDJlMmzMZIYfXerW
qYP/ff01li1fLmz7ZeNGXLhwAf369UWN6jVQqFAhWFpa/v9iKU9x9uwZrP/ll1R3OebPmyer731W
M4/KyszdvnMn1byb+poy+bv0dzIh1apWxQ+LF+N/33wjbHv7Nvj/rzAvkD7w/9WsUQNjR48267N8
ErO2tsa8uXMweOgw+PvfFLav37AB6zdsAAA4OjoiPDwcMTGp53hWqVRYtHAhSmv1+zQX3bt1w4sX
L7B23Tph261b/pg6zV/HUcl69eyBPr3Tn3fcHHz4IL5Kpra2ltjT/FUoXx6zZ83E1GnThW3v3r3D
suXLRcWRLr1790abNq2zK0SjEhkZBa/e3qlOILy9vTFx/ASo1TmnHBs0cCBCQ0OxafNmYdudu3eF
/tEqlQr58+XXOR3r9GnT0Kxp02yPVRd24SCT06J5c/iu8EGhgvLmX+3Vswd8V6xINXctmb88efLA
d8VytGrZMs3Hg4KC0iyeCxUshLVr1qBx48bZHaJiLCws8NWoURg3dqysu1UqlQrTp03D1ClTze7K
vBTtK9AqVc543VK6dumK7xcsyFDXwpEjRmDi+PE55mJGrlyfYfCgwUJbpVJhyneT8d2kSTmqeAY+
vvaJEyZg0sSJ0Gg0qR6Pj4+XLJ4LFMgPn+XL0LNHj+wOM10soMkkfd7kc+zauRN9evdO8wOYUoXy
5bFs6VJMnTJVkaluyDg4OTrhh8WL8f2CBShVSvfqcRqNBoMGDsTOHdtzxEJFKpUKA7/8Eju2b9fr
ZKF5s2bYsX07evbokWMKIACIiBSv3qlWcS759u3b47fde9Cje3e99m/SuAm2bdmCUSNHmk33Qn19
0akTenTvjiJFimDjhl/g7e2l94xA5sbS0hL9+vbF7l070aVzl3TfC3Z2dhg8aBD27N6NZk2bGShK
3SzC30XoN+SayEgFB4fg6rWruH//PoKD3yI+PgH29vYoWrQI3Cu4w83NLcdcISP9xMXF4/btW7h1
+w6eP3+GiIhIWGus4VigAMqUKY1qVauZ3TyscgQGPsHNmzfwODAQYWHvkJSUBAeHPChVsiQqV66k
aL9DMl7BwSG4fuMaHj16jKCgIERHx0BtrUa+vHlRrFhxVPL0yPHvnYiICHz48AGOjo5Kh2JUgoKC
cOvWLdx/8AAhISH48OED7OzsUKBAAbi5ucHD3V32ipfZjQU0EREREZEMOfPeARERERFRBrGAJiIi
IiKSgQU0EREREZEMLKCJiIiIiGRgAU1EREREJAMLaCIiIiIiGVhAExERERHJwAKaiIiIiEgGFtBE
RERERDKwgCYiIiIikoEFNBERERGRDCygiYiIiIhkYAFNRERERCQDC2giIiIiIhlYQBMRERERycAC
moiIiIhIBhbQREREREQysIAmIiIiIpKBBTQRERERkQwsoImIiIiIZGABTUREREQkAwtoIiIiIiIZ
WEATEREREcnAApqIiIiISAYW0EREREREMrCAJiIiIiKSgQU0EREREZEMLKCJiIiIiGRgAU1ERERE
JAMLaCIiIiIiGVhAExERERHJwAKaiIiIiEgGFtBERERERDKwgCYiIiIikoEFNBERERGRDCygiYiI
iIhkYAFNRERERCQDC2giIiIiIhlYQBMRERERycACmoiIiIhIBlVmn8DS0hIqtRWsVFawsrKEhYVF
VsSVLZKSkpCQkIiE+ATExyUgMTExW/895kYacyONuZHG3EhjbqQxN9KYG2mmlBuA+UlPVufHIvxd
RFJGDrS0tIS1jRpqdaZrcMXExcUjNjouy99kzI005kYacyONuZHG3EhjbqQxN9LMITcA85OezOYn
QwW02loFG1tNhv5BYxT9IQZxsfFZ8lzMjTTmRhpzI425kcbcSGNupDE30swtNwDzk56M5kd2AW2t
UUNjYy37HzJ2MdGxiI2Jy9RzMDfSmBtpzI005kYacyONuZHG3Egz19wAzE96MpIfWYMI1dYqs02e
xsYaauuM345gbqQxN9KYG2nMjTTmRhpzI425kWbOuQGYn/RkJD96F9CWlpZmd9lem42tBpaW8icm
YW6kMTfSmBtpzI005kYacyONuZGWE3IDMD/pkZsfvfe0tlFnKCBTk5HXydxk7TGmiLmRxtxIY26k
MTfSmBtpzI1uzI9ucl6rXgW0paWlyY+21JdarZJ3BsLcSGJupDE30pgbacyNNOZGGnMjLSflBmB+
0iMnP3rtpVJbZSogUyPn9TI3WbOvOWBupDE30pgbacyNNOZGGnOjG/Ojm76vWa8C2kqVsxIo5/Uy
N1mzrzlgbqQxN9KYG2nMjTTmRhpzoxvzo5u+r1m/AtoqZ634Lef1MjdZs685YG6kMTfSmBtpzI00
5kYac6Mb86Obvq9Zr72MfXnGrCbn9TI3WbOvOWBupDE30pgbacyNNOZGGnOjG/Ojm76vOeedWhAR
ERERZQILaCIiIiIiGVhAExERERHJwAKaiIiIiEgGFtBERERERDKwgCYiIiIikoEFNBERERGRDDln
gXMiIiLKdiEhIfjtt70IDg5G7dq10KhRQ6VDIspyLKCJiIgoS4SHh6Nbt14ICAgAAPj4+GLRooXo
1auHwpERZS124SAiIqIs8e+/J4Ti+RNf31UKRUOUfVhAExERUZaIjo5OtS0qKgpJSUkKREOUfVhA
ExERUZaoX78e8ubNK9rm7d0LFhYWCkVElD3YB5qIcrRVq9bgwoWLQnvRooVwdCygYEREpsvV1QXb
tv2KVatW4+XLV2jWrCkGDhygdFhEWY4FNBHlaM+ePcOxY38L7bi4WAWjITJ9Hh7u8PX1UToMomzF
LhxERERERDKwgCYiIiIikoEFNBERERGRDCygiYiIiIhkMKpBhO/evcPx4ydx5coV3L0bgODgYNjY
2KJkyRKoUaM6mjVrCldXF2H/8PBwBAW9Fdquri6wsbFRInTZIiMj8erVa6GdJ08e5M+fT69jAwMD
kZCQKLRLlCgOS8v0z4XCwsLw9m2w0C5YsCDs7HLJiNo4xcbG4vz5Czh//gJu3vTHmzdvAABOTk5w
dXVB9erVUL16NRQvXlzhSA3nzZsgvH//XmiXLFlCmEYqMDAQBw8exuXLVxAUFAQ7Ozs0btwIQ4YM
UipcgwoJCUFo6DuhHRYWLnr8v/+e4sMH8Vy2uXPnNruZOd6/jxA+KwCg0WhQuLCr7OeJj4/Hkyf/
CW0rK0uz+aw9ffoMsbHJg0pTfo7SExsbi6dPnwlte3s7ODk5ZXmMxuj169eIiIgU2kWLFoFarVYw
IuUlJibi5s2bOHPmHG7fvo2nT58hPDwc9vb2KFzYFe7u7qhTpzYqVfKElZWV0uFmG12/TUlJSbhx
4wb+/vtfXLt2HS9evIRKZYVChQrB3b0C6tWrixo1qhvNe8ki/F1EurOb2ztkb5EVHR2NTZt+xY8/
LhMlVptKpcLw4UMxYsRw2NvbYf/+AxgxYpTw+LFjh1CuXLksiel9WGT6OyHjuXn+/AVq1aortHv2
7IHFixeme1xwcAgqVaoq2nb48F9wd6+Q7rE//rgMP/zwo9A+ffp4hn7osjs3+kpKSsLBg4ewaNEP
uH//Qbr7e3n1wogRQ7P1x91YcrNw4SL4+PgK7ceP7yMxMRG+vquwfPkKxMfHi/avWrUK9u//PVtj
MpbcbNiwEVOnTpd1zDfffI1x48ZkU0TK5Ob169eoVaue8F7Imzcvzp07Lfuk+sSJk/D27iu0vb29
sHDhvCyLU8n3jbd3X5w4cVJoP358X+8f78DAQNSv31hoDxkyCNOmTcnS+IzlM6Vt2rSZWL9+g9A+
d+40ihQpbNAYjCk3p0+fwZIlS3Hx4qV0961WrSrGjh2Nhg0bZGtMSuUnrd8mtVqNwMBAzJ49D4cP
H9F5vIeHOyZNmoDGjRtlaVza9MmP4l043rx5gy+/HIxZs+boLJ6Bj1c6fHx80bdvf7x5E2SgCLOH
q6sLatSoLrSPHj2KuLi4dI+7fPlKqm0XL15MY8/Ujh8/Ifzt4eFu0leJoqOjMXnyVAwZMlyv4hkA
tm7dhvbtv8DJk6eyOTrjk5CQgPHjJ2HJkqWpimfKmQoWLIhOnToK7dDQUJw8eVLHEWn7448/Re0v
vugosSdRzhIXF4d58xagZ09vvYpnALhyxQ9eXn0wd+580d0Pc3b27Dm0bdsx3eIZAPz9b6F3735Y
tOgHJCQkGCA6aYp24QgNDcWgQUPh53c11WPNmzdDiRLFYW1tjZcvX+H48eMIDg4BAFy6dBmjR49F
ly5fGDrkLNW8eVNcunQZwMcrywEB9+Dh4a7zmNOnz6TaduzYPxgwoL/O416/fo0rV/yEdosWzTMQ
sXGIi4vD+PGT8Pvve0XbHR0LoGnTz1G4cGFYWloiODgY586dx+3bd4R9QkND4eXVBzt2bEW9enW1
n9ps/f77Xvz2W/ZeYSbT07lzJ+zevUdo//77PrRp01rv44ODQ0SfQzc3N1SvXi1LYyQyRfHx8Zg4
8Vvs3Lk71WOenp6oXNkTefLkQVhYGPz9b4l+n4GPCzwFBwfj++8XQKUyqt62Wer27TsYOHCI6AKq
h4c7qlatgjx58iA0NBR+fldx69Zt0XHLlvkgISEBkyZNMHTIAsX+ryQlJWHWrDmi4lmlUmHUqBHo
378fChTIL9o/JiYGR44cxbx5C/H06VOcOHESb9++1X5ak1KrVi1R+8oVP50FdHx8PA4dOpxq+8dc
BKfKWUpXr14XtevWrSMzWuOxZs060Y+2nV0uTJ06GZ07fwFbW9tU+/v5XcX8+Qtx7tx5YduYMeOw
f//vKFiwoEFiVtqCBd8Lfw8a9CV69OiO4sWLwcrKCm/fvsXduwEKRmdYTZs2QZkypYX2+vUbcOTI
MaHt6+uTajyCub5P6tSpjeLFiyMwMBAAcPDgITx79lzvvtD//PMvYmJihHbv3l5m/WNPpK/Vq9em
Kp47dGiHr78eBTc3t1R96R8+fAQfH1/RCe3OnbtRunRpjBgxzCAxK2HChElC8dy8eTOMHTsa7u4V
RPlJSkrCzZv++P77xaI76StWrETlypXRqlULg8cNKNiF4+TJU9i1K/mNotFosH79OowbNybNQlCj
0aB9+3bYs2cHPD09ASDVGYmpqVjRA3nz5hXaaV1dTunWrdt4+fIlAMDZ2Rn29vbCY2l17UgpZTcP
O7tc8PSsmJGQFXfv3j1RMejg4IAdO7bC29srzeIZ+Ni/d/36n9CoUUNh2/PnL7Bx4+Zsj9dYBAeH
QKPR4Oef12HGjGkoX74cbG1tYW1tDRcXF3z+eROlQzSYokWLon79esJ/zs7Oosdr1Kgmerx+/Xqi
gtucqNVqeHn1FG07evSo3sfv2iUuEFq3bpklcRGZsjt37op+pwBg8uRv4evrg3LlyqU5ELVUqZJY
uvQHzJw5TbR93rwFuHfvfrbGq6RPddyIEcOwbt1qeHi4p8qPhYUFPD0rYsOGn9C/f1/RY7Nnz0Vk
pH79ubOaYgX0ypWrRe3Zs2fo9SPu4uICX99louLRVFlbW6N161ZC+59//tX5RrhwIbkIbtu2NVq2
TD7rOnNGuvhOSkoSLVXcokULfPbZZxkNW1ErV64RtRcunIdKlSqle5y9vR3mz58LjUYjbNuwYSNC
QkKyPEZjNW3aFLRsabpddyh7tG0r7rKxfftOJCYmSuyd7N69ezh79pzQ7tq1CwoVKpTl8RGZGl/f
VaL28OFDMXz4UL1mcBk48MtUV5xXrVotsbd5aN++HSZNmpDu3Su1Wo3p06eKBlg+efIE+/cfyO4Q
06RIAR0QEIAzZ84K7Ro1qqN79256H1+iRAmMGfNNdoRmcA0a1BP+jomJgb//Lcl9UxbB9erVRaNG
yW+igwcPIy4u7cFhjx49xqNHj4V2yuNMyYsXL0S3t+rUqS2rv2bRokXQu7eX0H7//n2a/e/NUbly
5eDl1UvpMMgIFStWTHQyfuvWbVy7dl3HER8dOiQe8NO5c6csj43I1Dx9+gx79+4T2sWKFcM333wt
6zm+/vor0awlu3btEe4+mxuVSoUpU77Taype4GMR/d13k0Tbtm3bnh2hpUuRAvr8efGsEV5evWT3
m+vQoZ1Z9LXTHnBz5UraXTHevHkjutpTrVpVVK+ePIvHq1evcPt22sX31aviIjHl7B+mJOXrB4Ae
Pbrp/aH7pEGD+qK2PoWCOejatTPUatP/vFD26Natq6h98OAhnfvHxcVhx45dQrtkyRKoU6d2tsRG
ZEq0f6e+/LIfcuWSNxWcnV0u9OnTW7Qt5R1oc9K1axfR+h768PBwF12F9vO7Kppz3VAUKaC1r/rV
rCm/oCtYsKBJD4T7xNnZGTVr1hTax4+nPY3Up9k6AODzz5sgX758KFKkMKpWrSJs1z4xSd5+Qfjb
07MiihYtmtmwFaHdzzsjo/21X/vDh48yFZOp0GeecMq5GjasL1rkY/v2nel2J3vy5InQ9vLqZTSL
GxApKeVvNQA0aJCxO77aF3vSG+dkqho3bpj+TmnQ7vKbcrYtQ1HkktSdO8kvNH/+fChcOGMTrFeu
XMks5vRt1uxzYZDf2bPnEBwckmoWgFOnTgt/p3zjtGjRXDghOXbsbwwdOlh0XFxcPI4ePSba31Rp
Dxo9cOAv2VegIyIiRO3g4GCJPc1L/vzSM7QQffbZZ+jVqweWLfMB8HG6x1OnTqNVq7QHBWrP/dy2
bZtsj5HIFNy+nfw7ZW9vjxIlSmToeUqXLgWVSiXM23/nzt0sic/YlC1bNkPHubmJj3v69GlWhCOL
wQvopKQk0YjSYsWKZXjZSnNZFlX71ueNGzfQpEnyClaxsbGiW6q1aiVfsa5dO3kqvHPnzuP169ei
Kbfu3r0rzJ+d1r9lSrTPMLVHOWdESEhopp/DFJhDdyfKXu3atRUKaODjnNBpFdChoaGiOcXbt29n
8FXmiIxRUlKS6HeqRIkSGe46Z2trC1dXV+FOz6NH5nm3NKMXdwoUKCBqv3nzJivCkcXgXThiY2NF
K6HlyZMnw8+VO7fpz8QBfLy97uiY/GbQXrHI3/+WUAQXKVIEZcuWER7TngpP+/ZRysnZ7e3tTXb6
utjYWNF8s1nF2pq3nYkAoHz5cqLFhf788y88f/4i1X7//PMvPnz4ILS7du1skPiIjJ12faN9J1ku
JydH4e+goLd6zY5jaj77LO3pZ9OTK5d4JrGU30mGYvDLUtrTuGRmKcaEBPN4M1lbW6NVq5bYvHkL
AODvv//BxInjhcfPn09eAKRt29aiK/YajQatWrUURqGeOnUG7dq1FR5PObd0y5YtJOdKNjXFixdH
+/Zt098xHSlPXIhyuh49uolmSDpy5CgGDOgn2mfPnuSrz66uLqhfvx6IKHV9k5iYuaWmY2PjhL9V
KpVe0+CZmoyeFGjXjhYWhh/SZ/AC2traGra2tsLZQmjouww/V0TE+/R3MhENGtQXCujbt+/g6dNn
wm3Rw4eTFzZIa+Bkgwb1hQL60KFDmD17BqytrREZGYl//z0u7NewYf1Ux5oK7fdN7ty5RScZRJR5
TZt+Dju7XIiI+DiAcMeOnejXr48w1uDBg4eicSe9e3uL5lYnysmsra1Fn5+3bzM3xubt2yDh74IF
ncyygI6K+iB7lhIAiIyMErW1r0gbgiKzcFSoUF74+9Gjh4iNjc3Q8zx79jyrQlJctWpVRe1r164B
+PgaP3XDUKlUqfYDPq6c9klwcAhu3vQHANy86S/q9lCjRo0sj9uQKlb0EP5+9Oih6FYZEWWeg4MD
evToLrT9/W/hxo2bQvvwYfHczxw8KC0+PnNXH8k0VajgLvz94MHDDHctCAsLE3WhyuhgO2P3+vXr
LDlOe0VZQ1CkgE45pVZERCQeP36sY29p2n2FTZn2tHyf5ny8fDm5T3PTpk3g4OCQ6lhnZ2fRwMJP
09alnPbG09PT5Af6uLsnfzFFRETi/v0HCkZDZJ46duwgav/110EAH2f02bZth7C9RYtmKFkyYzMM
mIrUt+T1v92ck1Y5pWQVKyb/TsXExODevXsZep6AAPFx5cuXy1Rcxiqjs4toH1esmOGn51WkgNa+
inry5GmJPaU9ePAQV69ey6qQjELTpp8Lfx89egwJCQk4cSJ5XujGjRundRgAoFmzpsLfn64Spey+
YQ5LOGsvAHP27FmJPaVpD/IgIrHKlSuJBhvv2PFxTujLly8jMDBQ2C5n9VhTpX1rWdfc2Nq0CyDK
GWrWFN/pTdkFU46U088CGVv3wBR8OkGXIyEhAX/8IV6+28PDQ2Lv7KNIAa09ldrmzb/K+mICgJ07
d6W/k4mpXTv5KvLz5y9w86a/aLncWrWku2CkzKmf31Vcu3ZdtHKRKU9f90ndunVE/S1/+mkDoqKi
dByR2oYNG1GnTgNMnjwVf/xxIMPdh8h8aF9ljIoy/GhuY2JpaYlevXoK7eDgEJw6dUb0g+Xk5CRa
Ccxcac+iEBj4RGJPsaSkJPz++97sCImMXJ06tWFnl3zitXHjZtndFF69eoVff90qtB0cHERT1pqT
o0ePCd1O9XXmzFnRuhAtWzbP9IwnGaFIAe3i4oIuXZKnPnr06DF8fHz1Pv7ChYtYuXJ1doSmqAoV
3EVzWy9b5oP37z8OlCxZsgRKly4teaz2VHiLFv0g/G3K09elVKBAfnh59RLaT58+xfLlK/Q+/vXr
11i5chVevnyJjRs348cfl3F+ZMJnn4kHnzx7ZvglYY1Ny5YtRJ+NX37ZiF279ghtb+9eqfJmjtzc
3ETtY8f+1uu4/fsPmFUXQ9Jfvnz5RMtwh4WFYdq0mYiL0+/OZ3x8PGbMmC389gNA3769kTt37iyP
1VhMnjxV74uoYWFhmDFjlmhbynEbhqRIAQ0Aw4YNEbVXrFiJlStXp9vH7PLlKxgyZFh2hqYYtVqF
Nm1aCe2Ut3BatWqpc9U9tVqN1q2Tj03Z9aN165awsbHJ4miVMWTIINFUfCtWrMTatT8hKSlJ53Gh
oaEYNmykaFGZ/v37yV7JkMyPs3MhUXvz5l9zfDcfJydH0fzOp0+fEQ2GyoopJE2BdnfDNWvWie7s
pcXP7ypmzJiZnWGRkRs06EvReKU///wLEyZMTLdIjI6OxnffTcWBA8krfebNmxcDBvTPtliNgZ/f
VXz11f8QFhamc7+QkBAMHz5KtBhfzZo1Uy3rbSiKVQ/ly5fDuHFjRNvmzVuAgQOH4MKFi6Jb60lJ
SXjw4CG+/34xOnXqIhRBHh7uMDcpFzJIqW7dtLenJDUfqzndai1SpDBmzZou2jZr1hwMGjQEFy9e
StUl4/37CBw6dAQ9eniJFpnx9KzIBSAIAFC1ahVR+/Dhoxg2bCQOHz6KS5cuY+/efVizZp1C0SlH
ezDhJ40aNTDbGQG0ubtXQKNGyd+fMTEx8PLqg1Wr1qS6LR8U9BZr1qxDjx5eCAp6azYr5ZJ8BQsW
xIIFc0Xbdu3ag/btO2H//gMIDRWvgBseHo5Dhw6jY8fO2Lp1m+ixhQvniRZUMTefPidHjhxDmzYd
8Ntvv6cagBsSEoLdu/egbdsOomk0NRoNZs+eodidZEXvX48YMQwPHjzE3r37hG1Hjx7D0aPH4ODg
gNKlS8HGxgb//fcfnj4V31b94otOqFOnFiZM+NbQYWer6tWrp9r2cfq6Kmnsnf6xAFCtmnkNPujZ
swcCA5/A13eVsO3w4aM4fPio8L6xs7NDcHAw/P1vpTreyckJS5cuyRG3oCl9np6eaN68meiOz6FD
h3Ho0GGh7e3tpURoiqpduzZKliyBR4/EsyT16NFDoYgMz8LCAt9+Ownnz18UpgSNiYnB3LnzMXfu
fFSoUB6OjgXw5MlT0QBLAFi8eCH69h2gRNhkBNq3b4dnz55j7tz5wrZ79+5jxIhRUKlUKF26NAoW
dERQ0Fs8fPgozZV2J0/+Fm3atDZk2Ab3ww/fY9CgoYiJicGTJ0/w9dejoVKpULZsGTg6FsDr10F4
8OBBmncFly79QTSrm6Epev/a2toaixYtQP/+fVM9FhYWhitX/HDmzNlUxXPXrl2wYMFcREdHGypU
g3F0LJDqSnLz5s1gb5/+suVOTo6pjq1SpbLJT1+nzcLCAhMmjMPUqZNTPfbpfXPixMk0i+cyZUpj
27bNouXQKWezsLDA3Lmz+J7QolarRGMOgI+3k5s0kZ4NyBx5eLhj+fIf01ww5vbtOzhx4lSq4nnu
3NmK3VYm4zF8+FAsW7ZENKgQ+NjP+e7duzhx4hRu376Tqni2s8uFpUt/wPDhQw0ZriI8PDzw88/r
RF1e4uPjhc/W3bt3UxXPDg4O+PnndWjfvp2hwxVRvAOora0tZs+eiU2bNqBSpUo69y1WrBh8fJZi
yZJFyJUrebUfc5NySjoAaNKkUYaPbdHC9KevS4uVlRWGDh2MgwcPoFWrlunu7+hYAOPGjcH+/b+n
GhhE5OLigl27dmDIkEFpFkq5c6d/AmuOtItAL6+esLe3Uyga5bRt2wa7d+9Id9nyqlWrYNeu7ejX
r4+BIiNj16VLZxw5cghffjlANH4nLRqNBv3798Xhw3+ha9cuBopQWZGREWjcuCEOHvwDnTt/ke7+
Xl69cPDgAaOYmtci/F2E7tFXAOwd5C+zmBFJSUnw97+FmzdvIjDwCcLDw6FWW8PFxRkVK3qgevVq
osFwixcvwdKly4X2sWOHUK5c1kw2/j5Mv+LcULkxJsaYm6M2VQMAACAASURBVP/+e4qrV6/h/v37
CA0NRVJSEuzt7VGoUCGUK+eGSpU8DdJlwxhzYyxMJTcREZF4+PABwsLCoVar4erqgqJFs3eSfmPN
zf79BzBixCihfejQnwYfe2JMuUlMTMTt23dw9eo1PHv2DGFhYdBoNChatAgqV66MSpU8Ddof05hy
Y2yMMTef7pAGBNxDUFAQIiOj8NlntnB0dETZsmVQrVpV5M2b1yCxKJWfhQsXiWZd++efo6K7f0+e
PMGlS5fx8OEjvHv3DlZWVsiXLx/c3MqiRo3qBhtboE9+jGoOLwsLC1Ss6CFasplIH0WLFkHRokWU
DoPMgJ1drnTvhuUUO3bsFP6uWbOmov0NjYGlpSU8PNzNcgA7ZT8HBwd8/nkTdu/RoVixYihWrJjS
YehF8S4cRERkfD720UyeDtPLq0eqRWeIiHIqFtBERJTKli3J02k5ODigefNmCkZDRGRcWEATEZGI
v/8tbNiwUWj3799XNEqeiCinYwFNRJRDRUdHp1rFMzAwEGPHjhfatra28PbupX0oEVGOZlSDCImI
yHBu3bqNmTM/zllsb2+Hx48DsWPHLtGy3WPGfAMXFxcFoyQiMj4soImIcjA/v6vw87ua5mONGzfC
wIFcTY+ISBu7cBARUSotWzaHj89SWFtbKx0KEZHRMekr0La2tihSJHnuX0tLKwWjISIyLcWLF8d3
303C5cuX8fz5C1hYWKBChfJo1aolPv+8iUEXBSEi86ddt1lZmW7dZlQrERoTY1zFyFgwN9KYG2nM
jTTmRhpzI425kcbc6Mb86KZPftiFg4iIiIhIBhbQREREREQysIAmIiIiIpKBBTQRERERkQx6FdDa
K1WZOzmvl7nJmn3NAXMjjbmRxtxIY26kMTfSmBvdmB/d9H3NehXQCQmJmQrG1Mh5vcxN1uxrDpgb
acyNNOZGGnMjjbmRxtzoxvzopu9r1q+Ajk/IVDCmRs7rZW6yZl9zwNxIY26kMTfSmBtpzI005kY3
5kc3fV+zXgV0fFzOSqCc18vcZM2+5oC5kcbcSGNupDE30pgbacyNbsyPbvq+Zr0K6MTERMTFxWcq
IFMRFxePxET9b1kwN9KYG2nMjTTmRhpzI425kcbcSMtJuQGYn/TIyY/es3DERsdlOCBTkpHXydxk
7TGmiLmRxtxIY26kMTfSmBtpzI1uzI9ucl6r3gV0YmIioj/EZCggUxH9IUbWmdknzI005kYacyON
uZHG3EhjbqQxN9JyQm4A5ic9cvMjax7ouNh4xETHyg7KFMRExyIuNuO3KZgbacyNNOZGGnMjjbmR
xtxIY26kmXNuAOYnPRnJj0X4uwjZk/yprVWwsdXIPcxoRX+IydQbKyXmRhpzI425kcbcSGNupDE3
0pgbaeaWG4D5SU9G85OhAhoALC0tYW2jhlqtysjhRiEuLh6x0XEZuqWhC3MjjbmRxtxIY26kMTfS
mBtpzI00c8gNwPykJ7P5yXAB/YmlpSVUaitYqaxgZWUJCwuLzDxdtkpKSkJCQiIS4hMQH5eQ5W8q
bcyNNOZGGnMjjbmRxtxIY26kMTfSTCk3APOTnqzOT6YLaCIiIiKinETWIEIiIiIiopyOBTQRERER
kQwsoImIiIiIZGABTUREREQkAwtoIiIiIiIZWEATEREREcnAApqIiIiISAYW0EREREREMrCAJiIi
IiKSgQU0EREREZEMLKCJiIiIiGRgAU1EREREJAMLaCIiIiIiGVhAExERERHJwAKaiIiIiEgGFtBE
RERERDKwgCYiIiIikoEFNBERERGRDCygiYiIiIhkUCkdQFaztLSESm0FK5UVrKwsYWFhoXRIaUpK
SkJCQiIS4hMQH5eAxMTEbP33TCUvAHOjC3MjjbmRxtxIY26kMTe6MT+6GTo/hmYR/i4iSekgsoKl
pSWsbdRQq03znCAuLh6x0XFZ/gYz9bwAzI0uzI005kYacyONuZHG3OjG/OiWXflRilkU0GprFWxs
NUqHkSWiP8QgLjY+S57LnPICMDe6MDfSmBtpzI005kYac6Mb86NbVuZHSSZfQFtr1NDYWCsdRpaK
iY5FbExcpp7DHPMCMDe6MDfSmBtpzI005kYac6Mb86NbVuRHaSY9iFBtrTLLN5fGxhpq64zfqjHX
vADMjS7MjTTmRhpzI425kcbc6Mb86JbZ/BgDky2gLS0tze62Rko2thpYWsr/32PueQGYG12YG2nM
jTTmRhpzI4250Y350S2j+TEWJhu5tY1a6RCyXUZeY07IC8Dc6MLcSGNupDE30pgbacyNbsyPbqb8
Wk2ygLa0tDT50aj6UKtVss7OckpeAOZGF+ZGGnMjjbmRxtxIY250Y350k5sfY2KSUavUVkqHYDBy
XmtOygvA3OjC3EhjbqQxN9KYG2nMjW7Mj26m+ppNsoC2UplmsjNCzmvNSXkBmBtdmBtpzI005kYa
cyONudGN+dHNVF+zaRbQViYZdobIea05KS8Ac6MLcyONuZHG3EhjbqQxN7oxP7qZ6ms2yaiNffnK
rCTnteakvADMjS7MjTTmRhpzI425kcbc6Mb86Gaqr9kkC2giIiIiIqWwgCYiIiIikoEFNBERERGR
DCygiYiIiIhkYAFNRERERCQDC2giIiIiIhlyznqRRGSUgoNDcO/ePYSFhQGwQL58eVG+fDnY29sr
HRoREVGaWEATKWj//gO4cOGC0B4+fBgKF3ZVMCLDuXfvPlasWInffvs91WMajQa3b9+ARqNRIDJS
wt69+3Hp0iWhPXLkcLi4uCgYkekJCQnBb7/tRXBwMGrXroVGjRoqHZJB8L2TOcxfxrCAJlLQvXv3
sHHjZqHdp4+3gtEYzpEjR/H1198gIiIyzcdjYmKQlJRk4KhISQEBAaLPQr9+fRWMxvSEh4ejW7de
CAgIAAD4+Phi0aKF6NWrh8KRZT++dzKH+csY9oEmIoO6fv0Ghg8fJVk8E5F8//57QiieP/H1XaVQ
NETmj1egicigFi9egpiYGKFdqFAhjB8/Fp6eFWFra4Nnz57j5MlTsLTk+T2RvqKjo1Nti4qKQlJS
kskulUxkzFhAE5HBPH36DP/+e1xoOzoWwO+/70aRIoWFbcWLF0f9+vWUCI/IZNWvXw958+ZFaGio
sM3buxeLZ6JswgKaiAzmwYMHora3t5eoeCaijHF1dcG2bb9i1arVePnyFZo1a4qBAwcoHRaR2WIB
TUQG8+7dO1G7XDk3hSIhMj8eHu7w9fVROgyiHIGdDInIYGJj40RtTlNHRESmiAU0EREREZEMLKCJ
iIiIiGRgAU1EREREJAMHEUpITEzE9es3cO7cedy86Y/nz5/j/fv3yJs3H5ycHOHh4Y7KlSuhVq1a
UKtzVhqjo6Nx9eo1nD59Bg8ePMSLFy8QExMDR0dHFC9eDDVqVEft2rVQqFAhpUM1uJCQEJw4cRJX
rvghIOAegoODYWNjixIliqF69Wpo2rQpihYtIuxv7lNMBQW9RXh4uNB++/at6PHXr9/g4cNHqY4r
XrwYrKyssj0+Y/H06TMcP34CV6744eHDh4iIiECePHlQtmxZ1KlTG02bNoG9vb2w/7Nnz4W5tNVq
teg9ZS5Sfjbi4+Nx7tx5nDp1Grdu3cKrV29gY2ODQoUKokqVyqhXry6qVKmsYLTG4fXr16IFiooW
LQK1Wq1gRMYtKioKL1++Em0rWLAg7OxyKRQRmZKcVfnp6dy581iw4HtcueInuc+BA38CANzc3DB6
9Ndo27aN2RdD8fHx+PPPg1i06AcEBgamsccdnDgBbNy4GRqNBoMHD8Tw4UPh4OBg8FgNLTo6Gr/8
sglLly5Lc4W9GzduYN++PzBz5hwMGzYEI0eOgL29HWxsbBSI1nA2btyEpUuXSz4+adJ3aW6/det6
jnjfBAW9hY+PL9av35Dm45cuXcaWLVvh5OSEGTOmoUOHdgCAKVOm4dixvwEAVatWwf79vxssZkP5
NMD0yhU/zJgxC1evXku1z/XrwOHDRwAA7du3w/TpU3Lkifsnvr6rRe+lc+dOc5pICZGRkRg16n84
evSYsK1lyxbw8VmqYFRkStiFI4WEhASsWLES3br11Fk8pxQQEIBhw0Zi2rQZiI+Pz+YIlRMbG4tJ
k77DyJFfSRTPYjExMVixYiX69OmPZ8+eGyBC5bx+/Rr9+w/EnDnz0l2eOj4+HitWrIS3dx+8ePEC
n332mYGiJGNz/foNdOjQSbJ4TunNmzcYMWIUpk2biYSEBANEpzxbW1vs3LkbHTt2TrN41vbHHwfg
7d0PT58+M0B0ZMqio6MxbtxEUfH8+edNsGzZj/xOJr3xCnQKa9f+hAULvhdts7W1RfPmTVGqVCnY
[...]
lJtSxXJT7WonTbOR3l7zs3kz3HKLiUHN502iVj4PU1MmuWt62vykUuY52Wzx/uSkuZ/JmB+lzGO5
nDmG8QLM/ltKI4I7O83fOjqMNzAeNyXLkknzk0iYv0X3u7qKP55nmsNEMbPJZNGLWSOLyUagyXPJ
pZfCN75h7KTdY+dd17yWGiuzRCw2O7FYoI0EdNxT7FiruHid4tFD85W0kwit0dIFLRBam+Qu6YDy
QGscx0f7oYiONqOkOYYOjPDWAb5yGE1L7vjpKBtWdfHy7X11J6pprXn24DR3/GyEyWysELtsxHOx
BJ0QmHGjS8YHSgiiWs9CumHCoAnjKIrvSs9zadIaXHyOOZdxr71K181Fpecon8uTzeToSDbghZ7D
A62FS9bdwGT8ZcRzB4nOq+8EoDRaRkHS0UPF24HU4AiULKmOET5DK/AcwdaOF9kzNYHwyj2BgVKM
TkwxlcqwclkPq/uX0RGPI6Vp/jCdznD05BDjk9Pkwy9rEQrzCNeR3HTdlVW/15l0lnwuXzi37Wwn
TbeRSLRWorURxFFYjyqJgy/9W+n90serezElMVqi+CNl+f3Kn+jxJrKYbASabCdSmjbX994Lr3pV
8wd7Jrn3XhN3XadTYrHZicUCLS6gocILvVxz5aaAFwcdRtLzfPhCj03koRNCmuVuYe47rkQhUYFv
nidlQXRqDUILUL75m9RoLZnMOuw+nGb7xk76uurzQo9P++w5kmYyW6yWIWQknkMvdDT8aDDRfUx4
itaUVNtwwtBvgbkEkCa8QIrQcVUqngXLkprLNwasX764JrLyL76AXC70HNXbM73CA116Ox3fyYHV
n2KGxC6eZorGVPxdJmgrvItaa7Q24RrrB4c5PDiMAPx8DqFMXIh0TefB44PDHD81ghTCCGilysKu
VRDQmYihtWY6k0c6Dp7ncdmFW2dU75iLIAjIZrNorZFycXiMmm4jsx/EeHeXAIvRRqDJduK6Rnj+
9KcmnKPdPNGua5rDXHttXQ1TYPHaicXSVgJaKsWONYqXrff5yQvzC1gjlsMEO60Q0lSmMEvrGik9
hFKhiC4JEUajlUIIx8RPa/OFqJVg/0CO8emgAQEd8OKJHCKKX3biCBF6oKVTEMIAUpTrMGleVLHq
tQwTByPvc+FigYJgK5V+QsDlGwMuPscs+S9eAW3iF9Nuhs6u+qqoGEEbVceoeAwBzCKSxCy3S37r
kta1pR7E4gWQxouZToPpTBq0pqezH891CALF0NgEY9NptOMitKnzHJSEOQshcFHcfO3lnL/ZlKyb
mJpm3/5DTE6nuHzntqpfv/EY+cDiudBqto0sdRajjcAC2Ekkon/wA9Oiu9kx0QtFX58J22hAPMPi
tROLpeUFNJRPaP3dAVdtCjgwJDk0Op+nJ4qJ1kacaid0+mmkDJ1/DiB9tO8b8YnxBkpHGcGjFSgR
Jo0Jdh/JMjLls6m2Kk8FRqYC9hzNF0M3ZPRbosMOiqahYnhMEYnp6L7xlDvCLN2bF0KZ5zkqwxFV
I4kU4Obliis3K5Z3Lc6JrCx+UQXkcnliuTxerPaLHQHk8/nZK3HUwxzL82Vx1UIghaAz2cHWjevx
83mCQJmVCKCzq5OO4VEGRydQFd5vIcxay1vf8BqW93YX3tdlPd1cc8nOwoVXNeRzeXK5nFmpWWQe
o2bayFJmMdsILICduK4J47j3XnjnO03HwVYthyil6Xz47/9u4rgbyCVZ7HZiWdo0ce1y4YgmMsdx
kELysnMUrzzfp7ejygkoCm8oW0oXhb9Lx0W4YSWO8AOuo3AK6RQalAjpMJ33mMqYOsy1opRmKquZ
zpeIZ8c11UKiUA4Zxjhzut9hjHM0sYlyz3N0I/K0I6A3qbnhfJ+L1xnvs+M4i66QfaWd5LI50ukM
QRDUta++7i5zkdIoVYjn0uM6joPrusTiceIdCRLxOIl4nHgsTn9fL92dnbMcQrNp7SpinjvjPRU1
iGelFKlUmlw2vyjtpJk2slRZ7DYCC2QnUprW1z/8IXzgAyZ5s9VIJs3YfvhDM9YGxPNSsBPL0qYt
BDQUPQKO4+C5kuvP9blmU0CsFh/6LHGpRlkIUwXDCcWHCMV25IUoxClLkJKpjMIPahdWfqCZThsv
sohCS0ToCQ5jS0RB7Ee/o5joMLRDRkv+4d+RxYsC80SIPM/h9nFH8PLNAa84T+G5clFnQZfaiZSS
TDpDJp2tuYeAEILurk5UkC+PXa6VGsRzdFwpBa7r4nkeMc8jFosRi8WIx2N0d3cSi7kzStQBXLhl
Y9UxznMNNZ3KkM1kC+JhMdpJs2xkKbJUbAQW0E7OOQc++Un4whdMSbhEgyU3m0EiYcby+c+bOufn
nNPQ7paSnViWLm0RwhFRuqzW26m58QKfU1OCZ467+NU4owtxp8z4LRAIxzRfITDxWlroggdXCAek
6U6393CKK89LsLK3ttJP46mAPUdSBa92IWlQmBJ0IhxMYZgy9CxjwjaQkTguEc+R5xnCv5vZPQr/
cKRm57qAG7cF9CQXV9zzXJQvv2rSqTTSkTXXc/Vcl53nncvuF/aDdIjFY0hZS4KYnsPNPEelMsqv
7WbbWClFT7KDTDZfNpYg8Onu6myodF8mkyGdSpuExUVuJ82ykaXGUrIRWEA7icVMPPTFF8PHPgZ3
3206CWaz1VdjaRQhTCWZlSvhl38ZPvShutpzz8ZSsxPL0qTtBHSpQNi8wuc1F/pMZgUHhp2yhKo6
DxBm0JtSU1ExONPR0AhorTSP78/y+qsCVvbWtvuRyYDHX8ogRAdCuGEIhiwmNoY3dMGjXBLDXAjL
EDMfj7YlUmNRPK1mS7/i5gsDNq8ARzpLYhmt0k6CwCedyuA4DrEaYxjjsRiX7bwQrTVK6bD6c53j
Yu5FkHLhfHou3LwhrLqhC9s4UjYknnO5POlUJqzT6i56O2mmjSwVlpqNwBmwk/PPN23in3gC/uEf
TAvugQFTT3yhYqSlNPXA16wxCYL/9b+acI0mvY9L0U4sS5O2EtBQ7hHQ2uGyDQHTuTzfeRqOTTQu
ooUQCMdFiwAdACIUrVKCMmEXp6YEe49m6EkIEjE577yjNWTzipdOZDk1KRFuGH8dxVyHkTQ63FHR
o1xRsSGS9GVhGubvxXrDOjw/mvW9ilt2+Fy+0ZQPWkqegEo78fN5UtMpBMn6kgqFwHEW53nL58y5
8fP5JWUnzbaRxcxStRE4A3YiBFxxBfzzP5vW31/8Itx/vxHSAwOm+U4zSCaNaF6zxtSnfsc7TCfK
BipsVLKU7cSy9BATY1NtF/lnSoxpgiAwxe59xY/3Cu7e43FywqGO/L7ZDoJWAVoFoFX4O0ArHx1k
wZ/k0k0u65Z7yLBxRqHmdOlvAYGCEyM5nj6kUG4Pwo0Ttd42bbjD+OZojin1OIvQ40zR4xxV46Ds
ftEzLYVmTa/i9Tt8brwQPFcuyTi0SjtRShGLeXR2J/E8K5AAfN9namKaXC5vSkUuMTuxNjI/S91G
4CzYydQUPPQQfPWr8NJLRkSfPGl+crmZjXgihCj+xGKwerX5SSbh3HPhrW81XueurqYP2dqJZanR
lgIaCJfUVeEnkwu4d6/Dj/a5nJxsQjiHOUhBREcC2ojpHDrImds6CCexYtRq6VShIw9z2PRESNN9
0MQ/O2EYRySeyzIbS+6V/L1056Vr/mGlBSlhbY/i5m0BN29XJGJOYTJbistolXYSBAEdyQQdycSS
F0i+75OaTheWpJeqnVgbmRtrI0XOqp0MDJgSeD/5CYyOmrbxpV0twYjmqNuk68Ly5fDqV5sGLmvW
LOjwrJ1YliJtK6ChfEILgoBsXvHgS5If7vU4MupUl1g4/0GMgA58QJnmGspHKzOBVQroMgpe4ZJq
G8IrtOAu/sycYKJ61IWSdSWx0TM8z+HzXQkb+wNu3uZzw3mauCfLJrOlOpFV2olSingiRmfn0l2q
z2ZzpFNpsplcsVzXErYTayMzsTYyE2snM7F2YlmqtF0MdCmVCR5x4FUXKJJejh/s9Xj+lIvfaHnX
6KoeBxSYDD0J0jXxxlpWCOiKbnOR6I2EsghrPhfun/7Q0essVtsIWz+HT4iO5jqaC1cHvG5nwGUb
NY6dyApU2glANpNDK01nV5JYvLZqKu2M1ppcNsf0dJp8uNRq7cTaSCnWRubG2kkRayeWpU5be6Aj
Kr0CWiueOy74wR6XXxx1yQZN+CCHcdBaBaEXOjDKVRnxrMsal4jyUA4RhWmI0BMd3Zcz9fM8k05p
rHN0zISnuWR9wC3bA3asMx5vO5HNZDY7cRyHjmQHiY4EUi7u86SUIpvJMj2dRgWBtZNZsDZibaQa
rJ1YO7FY2toDHVHpFVBKsHNdQG9HjuWdmocPuIylG+wZI6Rpk40wcWdOVDnDiFgxS83fQlhzWKqu
8NcoabD4rGoGYI5H5Ng2B1vWqbl+i8+rtgWsXyYKmc92IpvJbHYSBAFTU9MorejoSOA4tdR5bh+U
UkxPpUinM6C1tZM5sDZibaQarJ1YO7FYFoUHOiLKlC54BlTAxLTiwQMOP37exEU34SBoHaBVRdxz
VJO3MouwLEGw5P/55pj5PNHAhmWKG7f5vOI8RVeHxJHlHgA7kc3ObHailSLRkSCZ7Fh0sYz5XJ5U
Kk0mkzXl+KydzIu1EWsj1WDtxNqJZemyqAQ0zD6h+b7myaOSxw9JfnHMYyzd4Idca7RSgC5r8Ty7
gC4iSoT03IiyX7OxLKm5ZJ3PFZs1l23QuK6dyGpl9i8+jRfziMdjdCQTDTUmaQWUUqadbjZHPpdH
SGsntWBtxNpINVg7sXZiWZosOgEdoZSqKDsUcGpC8+wJyRNHPJ494ZDJN/CBD2twat1w55bTP1xy
uyOmuXid4rKNATvXKFb2lIdszJbgYjk9s9mJ1hCLeyQSCeKJWNudUxOfmCObzZLN5MI8WGsn9WJt
xFIN1k4slqXFohXQMLtnQAWaI6Ow+4TkqWMuewcccg0kGUae6KgDoNZRO+3ZTmuFd/k03urSLWIO
XLgm4PKNAdvXKNYvl0iJ9QA0idnsBA1SClzPJdGRIB6LhTHwrYtWmlwuRyaTJZfNFVZDrJ00jrUR
SzVYO7FYlg6LWkBDcUIr8wxoRTanOTom2DMgeOywy4un3Pqar0Ql7LQuyyEs7XEy2/1KSjV1dN91
4PyVPldsVGxbo1nfp0nEJVLIGZOYncgaYy470UrjuA6e55LoiBOPx8/2UGclm8mSyWTJ5338vI90
rJ00G2sjlmqwdmKxLA0WvYCOKJ3QChOb1qQyiiOjghcGJbsHHA4Myzoqdph9C02xhXehyUnxfqkD
uvKklwrovqTm3H7FzrUBF6yBc3oVyYSDDJfLRMlvO4k1l9nsRKNRgSp8+cXiMWIx76xn2QdBQC6X
J5fN4ftB4ctOYO1kIbE2YqkGaycWy+JmyQhoKE5oUBGvphXTGc1oCoamBAeHBfsGXQ4MO4xXnXCo
C3HRJX9BVOmK7u3QbFmh2LYqYPMKzYoukyzYmShe/ZfGm9mJbOGYy060ViilcRyJdEzd03giTizm
nbE4QKUUuVyebCZrOqEFiiBQSCkQ1k7OGNZGLNVg7cRiWbwsKQEdEU1oM7wDWhMoTSqnmUjDeEpw
bFxwYFhyYNjh+LhD1j/tno3nGV1sdqL1zN9AzDWe5XNXKDb3K87p0/QmoadD0xmT4SQ28+ofsJPY
GeJ0dqK1aZ4jpTQrA45DLOYZb5LrNq2RglKawPeNdyiXRwUBKhyHoLiUau3k7GBtxFIN1k4slsXH
khTQEbNNamXxa1qRzUMqB6msZiorGJ4WDE4KhqYkQ9OCibQg5UtyPuQCSOUEWis6Y5qYAzFH0+Fp
ejs0Kzo1/V2Kld2aFV2C7rgmGRN0xDSJmECK8vgyO4m1BvPZianEEr1H5j8n9Co5jlmqlVIipESI
8iYMxf2ZhFSllIk99P2wy5kKq70QXoSZTpPWTloLayOWarB2YrEsHpa0gI4ondTm/EGbK3glyOUV
eQX5QBBoCJRGK9PVW2kAjRQgwwnOcQSOAM/ReBJinsSR2niZETMmsMokDTuJtQbV2olWpasOAAIh
wzj4cB/Rexrtk/D9jhr0lK1gWDtpG6yNWKrB2onF0v4silbejVI6WZTenjGhSY0HxD1ZnKwI22rr
0uuQkslHmAmrdP+lk9Rsk9dsY7GcfWqxk9K/mzvl+9J6lutWHe1XFEJ4omNZO2kPrI1YqsHaicXS
/lgBXULlRFY6wZRNYDDn7fn2W3nbTmDth7UTy3xYG7FUg7UTi6V9sQJ6Dk43sVVSy2RWz+OW1sXa
iWU+rI1YqsHaicXSXlgBXQXzTWLVTkZ20lrcWDuxzIe1EUs1WDuxWFofK6AbwE5OlmqwdmKZD2sj
lmqwdmKxtA5npmK7xWKxWCwWi8WySLAC2mKxWCwWi8ViqQEroC0Wi8VisVgslhqwAtpisVgsFovF
YqkBK6AtFovFYrFYLJYasALaYrFYLBaLxWKpASugLRaLxWKxWCyWGrAC2mKxWCwWi8ViqQEroC0W
i8VisVgslhqwAtpisVgsFovFYqkBK6AtFovFYrFYLJYasALaYrFYLBaLxWKpASugLRaLxWKxWCyW
GrAC2mKxWCwWi8ViqQEroC0Wi8VisVgslhqwAtpisVgsFovFYqkBK6AtFovFYrFYLJYasALaYrFY
LBaLxWKpASugLRaLxWKxWCyWGrAC2mKxWCwWi8ViqQEroC0Wi8VisVgslhqwAtpisVgsFovFYqkB
92wPwGKxzM3Y2BgDAwP09Pawbu26qrZJp1McOnSYeDzOli1bFniElnajHpuyWCwWSzltK6BPDJzg
2WeeYfDUIFJKVq5YycUXv4zVq1ef7aGRy+X4zne/w4b167nqqqvP9nCWNAMDA+w/sL+mbS695BKS
yU5yuRyPPf4YAL29vezcsbOq7Z9//nmGhocAuOzSS+noSNY26BIee2wXf/CHf8D73vs+/uD3P1TV
NocOHebNb30T11xzDf98+7/UfezFxu49uxkbG6Ovr48d23ec9rm7dj1K3vfZuGED69dvWPCxNWKn
tVKPTS126rUN1/Wa/r61wrxTK/Y7z7IUaTsBnU6n+NSnP8XnPv+5GY+5rsP73/ef+cBvfZBYLNbQ
cVKpaXK5PB0dHcTj8Zoef/yJx/nLj/x3OpNJHnrwYaS0kTJni6eeepL/9sf/raZtvv2tb7N58xZS
qRQf/O0PANDf3889371n3i8l3/f5o//2IQ4cPAjA9+75PuecwS8yy9yMj4/zwd/+AL09PXzrm9+m
v79/1uf94ulf8L7//D46k0m++R93nZGxNWKnlsap1zYW4n1rx3nHfudZliJtJaC11nzkf3yEu++5
mx3bd/De97yXjZs2oZTi0KGD3P5Pt/OZ2z/D+Pg4f/5nH27oWJ/69Kf4/Bc+zyc//kluuunmmh7f
fuF23vymN7N161Y7kZxlLrroIj7+0Y+X/W1oaIi//tu/pr+/nw/PYicrVqyc8bfh4WHuv/9+brnl
tac93q7HdhW+xCytxcuveTk333Qz9953L1/56p38zm//lxnP0Vrzr/9qvPa/9VsfYM2aNWdkbM2y
U0t91GsbC/2+tcu8Y7/zLEuRthLQTzzxOHffczcbN2zgM/94O319fYXHLtp5EddfdwPveOfbuOPO
O3jda1/HFVdceVbG2dfXx3//i788K8e2lLN+/cwl+CNHDgPQkUjwmtf80rz7iMdjZLM5vv6Nr8/7
RXbXXd8q28bSOggh+OAHf5t777uXz33us/zmG9/EqlWryp7z2GO7uO/H97F27Rre8ua3nrGxNcNO
LfVTr20s5PvWTvOO/c6zLEXa6lLx+ReeB+Cmm24uE88RfX19vOUtZmJ78KEHZ91HLpdjz949PPLI
I+zduxff98seHxwcZGBggFQqBcBomHAzPj5e1ePRMQYGBhgaGirbdzqdYmBggKmpqcL9Xzz9Cx57
bBfHjh+b9/WfPHmSXbse5cknnygcb3JykoGBATKZzKzbHDlymEcffYRHH32EI0cOo7We9ziWcnZs
38GVV1zBQz9/iBdeeGHO5w0MDPCd736HrVu38vJrrj3tPnO5HLv37Obhhx/m2eeeJZ1OVTWWsbEx
nnjicXbtepQTAydqeh2Vxz/d52Cxsv3C7dz21tuYTqW4484vlz2mteaf/uWfAPgvv/O7dHd3z9i+
2vctlZpmYGCAiYmJWR8fGBhgYGCAIAgaej3NOE6tNrVYbadR22g2zZp3/v/27jtOq/LA+/CPzID1
FQuKCqgLCsSOSSwoilETUMQK6KpYN4rYNdm1mzWJxrLWRCnWCBYwYsUSExER/STGaKJGosYI7hsE
xUqRAfYPYHQyg3APQxm5rj+feuDc55zvnOeUxR0ji7INWdA271+n4+U/v5yxz43Nq6+9mhkzZizw
tdAYNKo90E0rmyZJJk2atMDXfP973bLZZu3rDOzf/vbJXH3NVTV+6tpk41d/rfsAABVdSURBVI1z
/nkXZPvtd0iSnHDi8TVWVhf9eO5f1X2P6JsfnvWjhT6fJG+99VadJ3GNGTMmp595es44/Yysu+66
uezyyzJlypTq5w8+6OCcecZZWX311WtM9/Tp03P1NVdlyNAh1Y+ttFKznNivf2Z+PjPX//L6DB54
U3bYYYfq59/933dz6aWX5KlRT9X4rJ0775xzzzk3bdpstMD/Q2qaMePz9O3bN3944YU8+tjIbLbZ
ZnW+7onfPJ4k6dO7T0aPHr3Az3vo4Qdz9TVXZ+LEidWPNV9jjfTrd2IO6XNoKioqar2nqqoqN908
ONf/4rpUVX2xoevTu0/OPOPMohOGFmU5+Do7+uhjcv8DI3L7r27LwQf3qr4SxZhnx2Ts2LHZ/Jub
Z+/ue9d6X8l8+82TT+bc885J/379c8IJ/Wp9Vs/9e2TatOkZPeqZOtdVi2pxvqc+Y+rrPnbqOzaW
hIZa79R3jJRsQxa0zUuSWbNm5bbbb83AgQPy2dQv/uDcqE2bnHnGWXUeIgmNQaMK6E6dtkuSPPzI
w+nceefs22PfNGnSpMZr1l9//TqPW7z/gftz3vnnpnWrVrngvAvSqnXrvP3233PDjTfkpFP651e3
DUmHDh1y8kmnZMb06Xno4Ycy6ulROerIo7LF5ltkgw3nrkgX9vyiGD58WN5///307XtkOrTvkEmT
JuW222/N8HuHp3nz5jnt1NNrvP6KKy/P3ffcnbZt2+awQw9LixYt8ve3/57bf3V7Pq/jr/jPPvss
J53cP2+88UYOP+zw7LjjTplVVZXHHn8sj4x8JP1POjFD7rhzqexF+TqYNm1qdtu1a9Zcc80MGz4s
xx5zbK2z6KuqqjJs2D1ZaaVm2WvP7+Xxxx+r87PuvGtofnbJz7JRmza58PwL06p160ycODFDht6R
S39+aSZPnpxTTzmt1vuGDb8nq666Wk7qf3L+bZN/ywcffJChdw3N3ffcndmzZy/yz6eLuhx8nW24
wYY59ujjcv0vr8+QIXfkh2f9KLNmzcqgQQOSJP37n1TrJOT6zrflWemYWhHGTn3GxpLSkOudUg25
DfnlDb/IwEED07Fjxxz274enRYsWeeutNzNw4ICcevqp+cX1v8yuXXZtkOmGpalRBXS7du1y/rnn
5+KfXpxzzzsnI+6/L/vvd0C2/872X3myz4R3J+SSeSd13HLzbdWv7bxT52ywwYY55dSTc9Mtg3PZ
pZdn9667J0n+/Jc/J0k6bdupxl/IC3t+UUyaPCk333Rrttxiy+rHvrn55jn8iMMy4v4ROfmkU6r3
Zv3llb/k7nvuTsuWLTNowOAax+V13W33HHnUEbU+/7nnxuaNN97I3t33zn/+6L++eH3X3VNVNTOP
P/FEnhr1u+zbo2fRdK+opk6bltVXXz0HH3RwBt80OE8//XS6dete4zXzT+Lp3at3WrRokWnTah9S
8/bbf89ll/88a621VgYNuqnGNXi77tY1Rx7dN4NvGpwuu3TJdtt9q8Z7mzVtlpsG3Zx27dpVP7bb
bl3T59DeGTZ8WA4+uNdCL79Vshx83R1yyKEZdu+wDL1zSA7pc0jeeOON/PHFF9Nlly7pskuXGq9d
nPm2PCsZUyvS2CkZG0tSQ6136qOhtiHjxo3LwEED065duwwaMLh6D/cuO++SbbbZNocfcViuuOKy
7Nx55zp/eYPlWaM6BjpJevfuk7vvuic77bRTfv/73+fc887JXt/fMyf0Oz6PP/5YPv+89gkUTzzx
eD6bOjXHHXtcrdDetcuu2ahNm4wcObLGccxL0oEHHFQjnpNki823SGVlRd5///188skn1Y+PHv10
kuTgOk5qadeuXXbf/bu1Pv/Tzz5Lkqy99to1Hv/GN76R/ieenKuuvCrtN2vce4qWpk/nzY/u3eb+
dDv818Nrveb++0ckSXrs0yNJMm36tFqvGfnoyFRVzcrhhx1R6wYWa665Zo7se1SSZMS8z/qynj33
qxE6SbLuuuvmgP0PSDL38KCFWd6Wg2WpefPmOeH4fqmqmpWbb7k5AwbO3cPYr9+JtX7VWpz5tjwr
GVMr0tgpGRtLUkOtd+r13Q20DXn8ibl7xI84vG+tQ4i22XqbdNmlS/7+9tvVJ15CY9Ko9kDPt/k3
N8+AGwbm9ddfz++e+m0eeujBjHl2TMY8OyZbbrFlfnLxT2tsGF544YUkybot1q1zQW3btl3eGT8+
4yeMT/PmzZf49Nd1XenKysqss06LTJw4scYfAa+++mqS5Dvf+U6dn1XXCn27Tp2yyior544hd2St
tdbOHt/dI5tsskkqKirStm3btG3btoH+JSuGz6ZOzezZs9O+fft03qlznh37bMaNG5f27dsnmXsS
zsOPPJwtNt8i22yz7dz3zNsAfdnv//D7JEnnzp3r/J75x7A/NeqpzJkzp8a8bdq0aZ3v+da3vp0M
GpjXx/11of+O5W05WNZ67NMjQ+8ckuH3zg2TAw84MFttuVWt1y3OfFuelYypFW3sLOrYWJIaar1T
Hw21DXnxTy8myQL/76679vrMnj07lZWNMkVYwTXaUdukSZN07NgxHTt2zA/+4/i8+OIfc/MtN2f0
M6PTr//xueP2odV7bCe8OyFJctaPzvrKz/z0k0+X+HSXmn/C5IIu7F+XNm02yoAbBuaqq/8n111/
ba67/tpssMH62eO7e2avPfdKp07bNZqN/PKiqqoqzZo1y0EHHpRnxz6bkY8+Ur0hm7+XpXfvPtXX
QJ1ax4ZswoTxSeZGSF3mPz5lypRMmzZ1ke4yt9ZaayVJPvjgg4W+tjEvB0vCyiuvnJNOPCmnnn5q
Kisrctyxx9X5uiUx35ZndY2pFW3sLOrYWNIaYr1THw21Dfnn/597VZcFnShbUVHh0A0arUYb0F9W
UVGRb3/7O9lmm21z6mmnZPQzo/PQww/mmKOPTZLMmHeJt5P7n/yVZ7y3bt1qqUxvifkrl1mzZhe9
r1On7XLLzbfllVdfyR//+EKee+653DHkjtwx5I703Ldnzj/vgqy88spLYpK/lmbPnvv/36VLl6yz
zjoZfu/wHHfsf6RZs2YZNuyerLbqqtnjS8fCV82qfWmvim/Mm5ez675c1PzvSOr+ZaEu8y8ptSg3
L2jMy8GSMv/KBquv/v8WeGWaJTHflmd1jakVcewsythY0hpivVNftiHw1RpNQFdVVeXin/x35syZ
k7P/6+w6L7HUtGnTdO/ePaOfGZ3XX3+9+vENW7XKhHffzfbbb59tt+20NCd7sa2/fsu8/Ofk/fcn
1zpecWEqKiqy9VZbZ+utts5RRx6dd//33Zx33jl54MEHsu0226ZXr95LaKq/vlZZZdX07tU7N9x4
Q54ePSrNm6+Zt//xjxxx+BEL/el64403yYR3382k996rdSxtkkya9F6SpNWGGy7yZenm/0KxoL2j
X9aYl4NlqT7zbWl19JL4nrrGlLGzbC3OemdxxsjibkPatNko74wfn/c/eL/WOTzQ2DWakwgrKyvz
2l9fy30j7qsRx//qs0/n/oS12mpf/Iz67Xl3JBz19Kg63/PlPUjLm6233ibJgm8MM31G7bOuL7/i
spxz7tm1jlVstWGrHHF43yRf3JSGct2+P/dM+Ht/fW/1STz7zDuJ56vsuOOOSZInf/tknc/PH59d
513p5cu+fGLplz07b1xstdXCj89szMvBslSf+bbKyqskST7+pPbNK2bNmtVg/9eL8z0lY8rYWfbq
u96pzxhpqG3I/HN3XvrTn+p8/rLLf57jfnBs9WFS0Jg0moBO5t6sJEkuv+LyvPXWW7WeHz/+nfzq
jtuTJDvusGP14z326ZGVVmqWW2+7JX+ad1LDfDNnzsx111+byy7/eWbOnFn9+Pyfpj5awN2bFvZ8
Q9nju3uksrIi9947PG+++WaN58Y8OyYjR46s9Z4mTZrkwYcezIj7R9S6a9S4cXNXeuut13LJTfTX
XNu2bdN1t655/vnn88jIR/Ltb31roZeQS+aeTd98jTVy19135tXXXq3x3IQJ43PrbbcmSQ7Y/8Ba
7x02fFieGfNMjcfGjRuX+0b8OpWVFdl1190W+v31WQ6o33yb/5P/6NFPV995NJl7eMRtt9/aYLdb
XpzvKRlTxs6yV9/1Tn3GSENtQ77/ve9npZWa5eZbb6p1t90XXvhD7rxraD766KNsUMcvO7C8azSH
cCRzN2T/+Mc/cuOAG7PfAT2z5x57pmOHjmnarGneeeedPPTwg5kx4/Ps13O/7LHHntXva9Nmo1x0
4Y9z9jln5+hjj0rvXn3SoUPHfPrpJ3n88cfy0ssv55ijj6lxJvCmm26aJLnhxl9kwoTx2XjjTdJz
356L/HxDad26TU479fRcceUVOeqYI3PA/gekRYsW+dvf/pYR949I8zXWqBXxfY84MqNGPZWBgwbm
lVdeyS677JKKioq89NJLefiRh9OyZcv06LHwPRcs2AH7H1B9h65evXov0rGvLVu2zI8v+u+cdsZp
OeaYo9K7d59s1GajTHxvYobNu7nOOWefU+fNKDbddNP0O/GE9Ny3Z9q3b5/Jkyfnvvt+nWnTpuf0
005P61atF/r99VkOqN98a9++fXbaaaeMHTs2h/c9LPvs3SNz5szJc8+Pzcsvv5RVVlm5Qa7Zuzjf
UzKmjJ3lQ33WO/UZIw21DWnduk1+dNZ/5uKfXpxD//2Q9Dq4V1qu1zJvvPlGhg2/J6utulouvOAi
JxLSKDWqtV1FRUX6n3hSdu68c+6+5+48+dvf5DdP/qb6+W232SZ9+hyS7t32rrVA9thn37Rcr2UG
DBqQoXcOrX58s802y89++rP02KfmXQ137/rd9O7VO/cMuycDBw3MQQceVCOQF/Z8Q+p7xJFZdZVV
M2DQgNxy6y1J5t4+98rLr8wzY57JfSPuq3Gc23rrrZdBA2/KgIE35sGHHqg+/KOysiKHHnJo+vY9
Mhusv8ESmdYVRefOO6dly5aZMWNGdtu16yK/b4899sxtt9yWGwfeWD0vk2TLLbbMhRdcVH2jnn91
aJ9Ds/baa+fa667JAw8+kGTuNXvP/q+zc0ifQxf5+0uXA+YqnW9NmjTJz35ySa78nyvy0MMP5drr
rkmSdNp22wwaMDiX/PySvPbaa4s9XYvzPaVjythZ9uqz3qnPGGnIbUjv3n3SvHnzDL55cAYOGlj9
+Pf22isn9jup+NweWF40+fjDT+cs/GXLp+nTp+eDKR9kVlVV1lij+SJff/TDDz/Mxx9/lNVWWz1r
rbXWV17BYMqUKZk2fVparNOizlu4Luz5hvT555/nvUnvpaKiIuutu14qKipy3A+OzfPPP587h95V
6+YsydwL678/eXIqKivTYp0WC7z2K0vf/HG46qqrpUWLFov0nlmzZmXSpEmpqpqZ9dZruVhjrmQ5
4Aul8+2jjz7Khx9OyWqrrb7I87k+6vs99RlTxk7jVJ8x0lDbkDlz5mTy5MmZNm1qmjdf82txvXBW
bI06oFcUb775Zlq1alXrkkETJ07Mfvvvmxmfz8io343OGmussYymEABgxWG3wXLu448/Tr/+x+es
H56ZcePGZc6cOZkzZ07efPPNXPTjC/PZ1Kk5su9R4hkAYCmxB7oRGH7v8Fx2+aWZNm161llnncye
PTtTpkxJkuzdfe9cdOFFi3zdYAAAFo+AbiT++c9/ZvTop/PaX1/Lp599mg032DA77rBTtt9+e8cf
AgAsRQIaAAAK2HUJAAAFBDQAABQQ0AAAUEBAAwBAAQENAAAFBDQAABQQ0AAAUEBAAwBAAQENAAAF
BDQAABQQ0AAAUEBAAwBAAQENAAAFBDQAABQQ0AAAUEBAAwBAAQENAAAFBDQAABQQ0AAAUEBAAwBA
AQENAAAFBDQAABQQ0AAAUEBAAwBAAQENAAAFBDQAABQQ0AAAUEBAAwBAAQENAAAFBDQAABQQ0AAA
UEBAAwBAAQENAAAFBDQAABQQ0AAAUEBAAwBAAQENAAAFBDQAABQQ0AAAUEBAAwBAAQENAAAFBDQA
ABQQ0AAAUEBAAwBAAQENAAAFBDQAABQQ0AAAUEBAAwBAAQENAAAFBDQAABQQ0AAAUEBAAwBAAQEN
AAAFBDQAABQQ0AAAUEBAAwBAAQENAAAFBDQAABQQ0AAAUEBAAwBAAQENAAAFBDQAABQQ0AAAUEBA
AwBAAQENAAAFBDQAABQQ0AAAUEBAAwBAAQENAAAFBDQAABQQ0AAAUEBAAwBAAQENAAAFBDQAABQQ
0AAAUEBAAwBAAQENAAAFBDQAABQQ0AAAUEBAAwBAAQENAAAFBDQAABQQ0AAAUEBAAwBAAQENAAAF
BDQAABQQ0AAAUEBAAwBAAQENAAAFBDQAABQQ0AAAUEBAAwBAAQENAAAFBDQAABQQ0AAAUEBAAwBA
AQENAAAFBDQAABQQ0AAAUEBAAwBAAQENAAAFBDQAABQQ0AAAUEBAAwBAAQENAAAFBDQAABQQ0AAA
UEBAAwBAAQENAAAFBDQAABQQ0AAAUEBAAwBAAQENAAAFBDQAABQQ0AAAUEBAAwBAAQENAAAFBDQA
ABQQ0AAAUEBAAwBAAQENAAAFBDQAABQQ0AAAUEBAAwBAAQENAAAFBDQAABQQ0AAAUEBAAwBAAQEN
AAAFBDQAABQQ0AAAUEBAAwBAAQENAAAFBDQAABQQ0AAAUEBAAwBAAQENAAAFBDQAABQQ0AAAUEBA
AwBAAQENAAAFBDQAABQQ0AAAUEBAAwBAAQENAAAFBDQAABQQ0AAAUEBAAwBAAQENAAAFBDQAABQQ
0AAAUEBAAwBAAQENAAAFBDQAABQQ0AAAUEBAAwBAAQENAAAFBDQAABQQ0AAAUEBAAwBAAQENAAAF
BDQAABQQ0AAAUEBAAwBAAQENAAAFBDQAABQQ0AAAUEBAAwBAgcplPQHA0jVhwviMfPTRvP76a5k5
s2pZTw40Wk2bVqZDh2+me7duad26zbKeHGApavLxh5/OWdYTASwdEyaMz9XXXCWcoQE1bVqZ0049
XUTDCsQhHLACGfnoo+IZGtjMmVUZ+eijy3oygKVIQMMK5PXXX1vWkwBfS5YtWLEIaAAAKCCgYQXS
ocM3l/UkwNeSZQtWLAIaViDdu3VL06YuvgMNqWnTynTv1m1ZTwawFLkKB6xgXMYOGobL2MGKS0AD
AEABh3AAAEABAQ0AAAUENAAAFBDQAABQQEADAEABAQ0AAAUENAAAFBDQAABQQEADAEABAQ0AAAUE
NAAAFBDQAABQQEADAEABAQ0AAAUENAAAFBDQAABQQEADAEABAQ0AAAUENAAAFPg/uVJOejHa1bkA
AAAASUVORK5CYII=
" width="800px"&gt;</msg>
<status status="PASS" starttime="20231031 11:29:04.220" endtime="20231031 11:29:04.613"/>
</kw>
<msg timestamp="20231031 11:29:04.613" level="INFO">xpath criteria: //android.widget.Button[@resource-id="com.example.myapplication:id/button6" and @text="Search"]
xpath criteria: //android.widget.Button[@resource-id="com.example.myapplication:id/button6" and @text="Search"]
xpath criteria: //android.widget.Button[@resource-id="com.example.myapplication:id/button6" and @text="Search"]
xpath criteria: //android.widget.Button[@resource-id="com.example.myapplication:id/button6" and @text="Search"]
xpath criteria: //android.widget.Button[@resource-id="com.example.myapplication:id/button6" and @text="Search"]
xpath criteria: //android.widget.Button[@resource-id="com.example.myapplication:id/button6" and @text="Search"]
xpath criteria: //android.widget.Button[@resource-id="com.example.myapplication:id/button6" and @text="Search"]
xpath criteria: //android.widget.Button[@resource-id="com.example.myapplication:id/button6" and @text="Search"]
xpath criteria: //android.widget.Button[@resource-id="com.example.myapplication:id/button6" and @text="Search"]
xpath criteria: //android.widget.Button[@resource-id="com.example.myapplication:id/button6" and @text="Search"]
xpath criteria: //android.widget.Button[@resource-id="com.example.myapplication:id/button6" and @text="Search"]
xpath criteria: //android.widget.Button[@resource-id="com.example.myapplication:id/button6" and @text="Search"]
xpath criteria: //android.widget.Button[@resource-id="com.example.myapplication:id/button6" and @text="Search"]
xpath criteria: //android.widget.Button[@resource-id="com.example.myapplication:id/button6" and @text="Search"]
xpath criteria: //android.widget.Button[@resource-id="com.example.myapplication:id/button6" and @text="Search"]
xpath criteria: //android.widget.Button[@resource-id="com.example.myapplication:id/button6" and @text="Search"]
xpath criteria: //android.widget.Button[@resource-id="com.example.myapplication:id/button6" and @text="Search"]
xpath criteria: //android.widget.Button[@resource-id="com.example.myapplication:id/button6" and @text="Search"]</msg>
<msg timestamp="20231031 11:29:04.613" level="FAIL">Element locator '//android.widget.Button[@resource-id="com.example.myapplication:id/button6" and @text="Search"]' did not match any elements after 5 seconds</msg>
<status status="FAIL" starttime="20231031 11:28:58.956" endtime="20231031 11:29:04.614"/>
</kw>
<kw name="Click Element" library="AppiumLibrary">
<arg>${searchButton}</arg>
<doc>Click element identified by `locator`.</doc>
<status status="NOT RUN" starttime="20231031 11:29:04.614" endtime="20231031 11:29:04.614"/>
</kw>
<status status="FAIL" starttime="20231031 11:28:58.956" endtime="20231031 11:29:04.615"/>
</kw>
<kw name="Verify Search Page Appears" library="searchFlight">
<status status="NOT RUN" starttime="20231031 11:29:04.615" endtime="20231031 11:29:04.615"/>
</kw>
<kw name="Input Wrong Flight Number" library="searchFlight">
<status status="NOT RUN" starttime="20231031 11:29:04.616" endtime="20231031 11:29:04.616"/>
</kw>
<kw name="Verify Wrong Input Appears" library="searchFlight">
<status status="NOT RUN" starttime="20231031 11:29:04.616" endtime="20231031 11:29:04.616"/>
</kw>
<status status="FAIL" starttime="20231031 11:28:58.955" endtime="20231031 11:29:04.617">Element locator '//android.widget.Button[@resource-id="com.example.myapplication:id/button6" and @text="Search"]' did not match any elements after 5 seconds</status>
</test>
<status status="FAIL" starttime="20231031 11:28:31.272" endtime="20231031 11:29:04.619"/>
</suite>
<statistics>
<total>
<stat pass="0" fail="3" skip="0">All Tests</stat>
</total>
<tag>
</tag>
<suite>
<stat pass="0" fail="3" skip="0" id="s1" name="searchFlight">searchFlight</stat>
</suite>
</statistics>
<errors>
</errors>
</robot>
